{"timestamp":"2025-04-23 10:09:53","level":"\u001b[32MINFO\u001b[39M","message":"✅ MongoDB Connected Successfully","stack":null}
{"timestamp":"2025-04-23 10:09:53","level":"\u001b[32MINFO\u001b[39M","message":"Default roles initialized","stack":null}
{"timestamp":"2025-04-23 10:09:53","level":"\u001b[32MINFO\u001b[39M","message":"🚀 Server running on port 5000","stack":null}
{"timestamp":"2025-04-23 10:34:04","level":"\u001b[32MINFO\u001b[39M","message":"POST /api/users/register-super-admin","stack":null}
{"timestamp":"2025-04-23 10:34:04","level":"\u001b[32MINFO\u001b[39M","message":"Hashed password for user: superadmin","stack":null}
{"timestamp":"2025-04-23 10:34:04","level":"\u001b[32MINFO\u001b[39M","message":"Saving user: superadmin","stack":null}
{"timestamp":"2025-04-23 10:34:04","level":"\u001b[32MINFO\u001b[39M","message":"Super admin registered: superadmin","stack":null}
{"timestamp":"2025-04-23 10:34:59","level":"\u001b[32MINFO\u001b[39M","message":"POST /api/users/login","stack":null}
{"timestamp":"2025-04-23 10:34:59","level":"\u001b[33MWARN\u001b[39M","message":"User login validation failed","stack":null}
{"timestamp":"2025-04-23 10:34:59","level":"\u001b[31MERROR\u001b[39M","message":"❗ Error: Invalid input data","stack":null}
{"timestamp":"2025-04-23 10:34:59","level":"\u001b[31MERROR\u001b[39M","message":"Error: Invalid input data\n    at exports.login (E:\\Exilance-Project\\Gandhi Motars\\vehicle-quotation-system\\controllers\\userController.js:157:19)\n    at Layer.handleRequest (E:\\Exilance-Project\\Gandhi Motars\\vehicle-quotation-system\\node_modules\\router\\lib\\layer.js:152:17)\n    at next (E:\\Exilance-Project\\Gandhi Motars\\vehicle-quotation-system\\node_modules\\router\\lib\\route.js:157:13)\n    at Route.dispatch (E:\\Exilance-Project\\Gandhi Motars\\vehicle-quotation-system\\node_modules\\router\\lib\\route.js:117:3)\n    at handle (E:\\Exilance-Project\\Gandhi Motars\\vehicle-quotation-system\\node_modules\\router\\index.js:435:11)\n    at Layer.handleRequest (E:\\Exilance-Project\\Gandhi Motars\\vehicle-quotation-system\\node_modules\\router\\lib\\layer.js:152:17)\n    at E:\\Exilance-Project\\Gandhi Motars\\vehicle-quotation-system\\node_modules\\router\\index.js:295:15\n    at processParams (E:\\Exilance-Project\\Gandhi Motars\\vehicle-quotation-system\\node_modules\\router\\index.js:582:12)\n    at next (E:\\Exilance-Project\\Gandhi Motars\\vehicle-quotation-system\\node_modules\\router\\index.js:291:5)\n    at Function.handle (E:\\Exilance-Project\\Gandhi Motars\\vehicle-quotation-system\\node_modules\\router\\index.js:186:3)","stack":null}
{"timestamp":"2025-04-23 10:42:22","level":"\u001b[32MINFO\u001b[39M","message":"✅ MongoDB Connected Successfully","stack":null}
{"timestamp":"2025-04-23 10:42:23","level":"\u001b[32MINFO\u001b[39M","message":"Default roles initialized","stack":null}
{"timestamp":"2025-04-23 10:42:23","level":"\u001b[32MINFO\u001b[39M","message":"🚀 Server running on port 5000","stack":null}
{"timestamp":"2025-04-23 10:42:25","level":"\u001b[32MINFO\u001b[39M","message":"POST /api/users/login","stack":null}
{"timestamp":"2025-04-23 10:42:25","level":"\u001b[32MINFO\u001b[39M","message":"Saving user: superadmin","stack":null}
{"timestamp":"2025-04-23 10:42:25","level":"\u001b[32MINFO\u001b[39M","message":"User logged in: superadmin","stack":null}
{"timestamp":"2025-04-23 10:44:51","level":"\u001b[32MINFO\u001b[39M","message":"POST /api/roles","stack":null}
{"timestamp":"2025-04-23 10:44:51","level":"\u001b[31MERROR\u001b[39M","message":"❗ Error: Role with name 'sales' already exists","stack":null}
{"timestamp":"2025-04-23 10:44:51","level":"\u001b[31MERROR\u001b[39M","message":"Error: Role with name 'sales' already exists\n    at exports.createRole (E:\\Exilance-Project\\Gandhi Motars\\vehicle-quotation-system\\controllers\\roleController.js:21:19)\n    at process.processTicksAndRejections (node:internal/process/task_queues:95:5)","stack":null}
{"timestamp":"2025-04-23 10:45:05","level":"\u001b[32MINFO\u001b[39M","message":"POST /api/roles","stack":null}
{"timestamp":"2025-04-23 10:45:05","level":"\u001b[32MINFO\u001b[39M","message":"Saving role: sales1","stack":null}
{"timestamp":"2025-04-23 10:45:05","level":"\u001b[32MINFO\u001b[39M","message":"Role created: sales1 by 680874c48a6faa6bbf8d99c9","stack":null}
{"timestamp":"2025-04-23 10:46:15","level":"\u001b[32MINFO\u001b[39M","message":"GET /api/roles?","stack":null}
{"timestamp":"2025-04-23 10:46:15","level":"\u001b[31MERROR\u001b[39M","message":"❗ Error: Not authorized to access this resource","stack":null}
{"timestamp":"2025-04-23 10:46:15","level":"\u001b[31MERROR\u001b[39M","message":"Error: Not authorized to access this resource\n    at exports.getRoles (E:\\Exilance-Project\\Gandhi Motars\\vehicle-quotation-system\\controllers\\roleController.js:51:19)\n    at process.processTicksAndRejections (node:internal/process/task_queues:95:5)","stack":null}
{"timestamp":"2025-04-23 10:46:39","level":"\u001b[32MINFO\u001b[39M","message":"GET /api/roles?","stack":null}
{"timestamp":"2025-04-23 10:46:40","level":"\u001b[31MERROR\u001b[39M","message":"❗ Error: Not authorized to access this resource","stack":null}
{"timestamp":"2025-04-23 10:46:40","level":"\u001b[31MERROR\u001b[39M","message":"Error: Not authorized to access this resource\n    at exports.getRoles (E:\\Exilance-Project\\Gandhi Motars\\vehicle-quotation-system\\controllers\\roleController.js:51:19)\n    at process.processTicksAndRejections (node:internal/process/task_queues:95:5)","stack":null}
{"timestamp":"2025-04-23 10:47:15","level":"\u001b[32MINFO\u001b[39M","message":"GET /api/roles?","stack":null}
{"timestamp":"2025-04-23 10:47:15","level":"\u001b[31MERROR\u001b[39M","message":"❗ Error: Not authorized to access this resource","stack":null}
{"timestamp":"2025-04-23 10:47:15","level":"\u001b[31MERROR\u001b[39M","message":"Error: Not authorized to access this resource\n    at exports.getRoles (E:\\Exilance-Project\\Gandhi Motars\\vehicle-quotation-system\\controllers\\roleController.js:51:19)\n    at process.processTicksAndRejections (node:internal/process/task_queues:95:5)","stack":null}
{"timestamp":"2025-04-23 10:52:52","level":"\u001b[32MINFO\u001b[39M","message":"✅ MongoDB Connected Successfully","stack":null}
{"timestamp":"2025-04-23 10:52:52","level":"\u001b[32MINFO\u001b[39M","message":"Default roles initialized","stack":null}
{"timestamp":"2025-04-23 10:52:52","level":"\u001b[32MINFO\u001b[39M","message":"🚀 Server running on port 5000","stack":null}
{"timestamp":"2025-04-23 10:53:15","level":"\u001b[32MINFO\u001b[39M","message":"✅ MongoDB Connected Successfully","stack":null}
{"timestamp":"2025-04-23 10:53:15","level":"\u001b[32MINFO\u001b[39M","message":"Default roles initialized","stack":null}
{"timestamp":"2025-04-23 10:53:15","level":"\u001b[32MINFO\u001b[39M","message":"🚀 Server running on port 5000","stack":null}
{"timestamp":"2025-04-23 10:53:21","level":"\u001b[32MINFO\u001b[39M","message":"GET /api/roles?","stack":null}
{"timestamp":"2025-04-23 10:53:21","level":"\u001b[32MINFO\u001b[39M","message":"Fetched 5 roles by 680874c48a6faa6bbf8d99c9","stack":null}
{"timestamp":"2025-04-23 10:53:51","level":"\u001b[32MINFO\u001b[39M","message":"POST /api/roles","stack":null}
{"timestamp":"2025-04-23 10:53:51","level":"\u001b[32MINFO\u001b[39M","message":"Saving role: sales4","stack":null}
{"timestamp":"2025-04-23 10:53:51","level":"\u001b[32MINFO\u001b[39M","message":"Role created: sales4 by 680874c48a6faa6bbf8d99c9","stack":null}
{"timestamp":"2025-04-23 10:58:33","level":"\u001b[32MINFO\u001b[39M","message":"GET /api/branches","stack":null}
{"timestamp":"2025-04-23 10:59:15","level":"\u001b[32MINFO\u001b[39M","message":"POST /api/branches","stack":null}
{"timestamp":"2025-04-23 10:59:15","level":"\u001b[32MINFO\u001b[39M","message":"Saving branch: Main Branch","stack":null}
{"timestamp":"2025-04-23 10:59:15","level":"\u001b[32MINFO\u001b[39M","message":"New branch created: Main Branch by user 680874c48a6faa6bbf8d99c9","stack":null}
{"timestamp":"2025-04-23 11:00:22","level":"\u001b[32MINFO\u001b[39M","message":"GET /api/branches","stack":null}
{"timestamp":"2025-04-23 11:02:44","level":"\u001b[32MINFO\u001b[39M","message":"GET /api/users/register","stack":null}
{"timestamp":"2025-04-23 11:02:44","level":"\u001b[31MERROR\u001b[39M","message":"Error fetching user: Cast to ObjectId failed for value \"register\" (type string) at path \"_id\" for model \"User\"","stack":null}
{"timestamp":"2025-04-23 11:02:44","level":"\u001b[31MERROR\u001b[39M","message":"❗ Error: Cast to ObjectId failed for value \"register\" (type string) at path \"_id\" for model \"User\"","stack":null}
{"timestamp":"2025-04-23 11:02:44","level":"\u001b[31MERROR\u001b[39M","message":"CastError: Cast to ObjectId failed for value \"register\" (type string) at path \"_id\" for model \"User\"\n    at SchemaObjectId.cast (E:\\Exilance-Project\\Gandhi Motars\\vehicle-quotation-system\\node_modules\\mongoose\\lib\\schema\\objectId.js:251:11)\n    at SchemaType.applySetters (E:\\Exilance-Project\\Gandhi Motars\\vehicle-quotation-system\\node_modules\\mongoose\\lib\\schemaType.js:1255:12)\n    at SchemaType.castForQuery (E:\\Exilance-Project\\Gandhi Motars\\vehicle-quotation-system\\node_modules\\mongoose\\lib\\schemaType.js:1673:17)\n    at cast (E:\\Exilance-Project\\Gandhi Motars\\vehicle-quotation-system\\node_modules\\mongoose\\lib\\cast.js:390:32)\n    at Query.cast (E:\\Exilance-Project\\Gandhi Motars\\vehicle-quotation-system\\node_modules\\mongoose\\lib\\query.js:4907:12)\n    at Query._castConditions (E:\\Exilance-Project\\Gandhi Motars\\vehicle-quotation-system\\node_modules\\mongoose\\lib\\query.js:2325:10)\n    at model.Query._findOne (E:\\Exilance-Project\\Gandhi Motars\\vehicle-quotation-system\\node_modules\\mongoose\\lib\\query.js:2648:8)\n    at model.Query.exec (E:\\Exilance-Project\\Gandhi Motars\\vehicle-quotation-system\\node_modules\\mongoose\\lib\\query.js:4456:80)\n    at process.processTicksAndRejections (node:internal/process/task_queues:95:5)\n    at async exports.getUser (E:\\Exilance-Project\\Gandhi Motars\\vehicle-quotation-system\\controllers\\userController.js:305:18)","stack":null}
{"timestamp":"2025-04-23 11:05:52","level":"\u001b[32MINFO\u001b[39M","message":"✅ MongoDB Connected Successfully","stack":null}
{"timestamp":"2025-04-23 11:05:52","level":"\u001b[32MINFO\u001b[39M","message":"Default roles initialized","stack":null}
{"timestamp":"2025-04-23 11:05:52","level":"\u001b[32MINFO\u001b[39M","message":"🚀 Server running on port 5000","stack":null}
{"timestamp":"2025-04-23 11:05:59","level":"\u001b[32MINFO\u001b[39M","message":"POST /api/users/register","stack":null}
{"timestamp":"2025-04-23 11:05:59","level":"\u001b[31MERROR\u001b[39M","message":"Error registering user: Cannot read properties of undefined (reading 'name')","stack":null}
{"timestamp":"2025-04-23 11:05:59","level":"\u001b[31MERROR\u001b[39M","message":"❗ Error: Cannot read properties of undefined (reading 'name')","stack":null}
{"timestamp":"2025-04-23 11:05:59","level":"\u001b[31MERROR\u001b[39M","message":"TypeError: Cannot read properties of undefined (reading 'name')\n    at exports.register (E:\\Exilance-Project\\Gandhi Motars\\vehicle-quotation-system\\controllers\\userController.js:115:23)\n    at process.processTicksAndRejections (node:internal/process/task_queues:95:5)","stack":null}
{"timestamp":"2025-04-23 11:06:37","level":"\u001b[32MINFO\u001b[39M","message":"✅ MongoDB Connected Successfully","stack":null}
{"timestamp":"2025-04-23 11:06:37","level":"\u001b[32MINFO\u001b[39M","message":"Default roles initialized","stack":null}
{"timestamp":"2025-04-23 11:06:37","level":"\u001b[32MINFO\u001b[39M","message":"🚀 Server running on port 5000","stack":null}
{"timestamp":"2025-04-23 11:06:37","level":"\u001b[32MINFO\u001b[39M","message":"POST /api/users/register","stack":null}
{"timestamp":"2025-04-23 11:06:37","level":"\u001b[31MERROR\u001b[39M","message":"Error registering user: Cannot read properties of undefined (reading 'name')","stack":null}
{"timestamp":"2025-04-23 11:06:37","level":"\u001b[31MERROR\u001b[39M","message":"❗ Error: Cannot read properties of undefined (reading 'name')","stack":null}
{"timestamp":"2025-04-23 11:06:37","level":"\u001b[31MERROR\u001b[39M","message":"TypeError: Cannot read properties of undefined (reading 'name')\n    at exports.register (E:\\Exilance-Project\\Gandhi Motars\\vehicle-quotation-system\\controllers\\userController.js:115:23)\n    at process.processTicksAndRejections (node:internal/process/task_queues:95:5)","stack":null}
{"timestamp":"2025-04-23 11:08:19","level":"\u001b[32MINFO\u001b[39M","message":"✅ MongoDB Connected Successfully","stack":null}
{"timestamp":"2025-04-23 11:08:19","level":"\u001b[32MINFO\u001b[39M","message":"Default roles initialized","stack":null}
{"timestamp":"2025-04-23 11:08:19","level":"\u001b[32MINFO\u001b[39M","message":"🚀 Server running on port 5000","stack":null}
{"timestamp":"2025-04-23 11:08:25","level":"\u001b[32MINFO\u001b[39M","message":"POST /api/users/register","stack":null}
{"timestamp":"2025-04-23 11:08:26","level":"\u001b[32MINFO\u001b[39M","message":"Hashed password for user: sales1","stack":null}
{"timestamp":"2025-04-23 11:08:26","level":"\u001b[32MINFO\u001b[39M","message":"Saving user: sales1","stack":null}
{"timestamp":"2025-04-23 11:08:26","level":"\u001b[32MINFO\u001b[39M","message":"User registered by 680874c48a6faa6bbf8d99c9: sales1","stack":null}
{"timestamp":"2025-04-23 11:12:08","level":"\u001b[32MINFO\u001b[39M","message":"✅ MongoDB Connected Successfully","stack":null}
{"timestamp":"2025-04-23 11:12:08","level":"\u001b[32MINFO\u001b[39M","message":"Default roles initialized","stack":null}
{"timestamp":"2025-04-23 11:12:08","level":"\u001b[32MINFO\u001b[39M","message":"🚀 Server running on port 5000","stack":null}
{"timestamp":"2025-04-23 11:12:18","level":"\u001b[32MINFO\u001b[39M","message":"POST /api/users/register","stack":null}
{"timestamp":"2025-04-23 11:12:18","level":"\u001b[33MWARN\u001b[39M","message":"Duplicate user registration attempt: sales1","stack":null}
{"timestamp":"2025-04-23 11:12:18","level":"\u001b[31MERROR\u001b[39M","message":"❗ Error: Username or email already exists","stack":null}
{"timestamp":"2025-04-23 11:12:18","level":"\u001b[31MERROR\u001b[39M","message":"Error: Username or email already exists\n    at exports.register (E:\\Exilance-Project\\Gandhi Motars\\vehicle-quotation-system\\controllers\\userController.js:105:19)\n    at process.processTicksAndRejections (node:internal/process/task_queues:95:5)","stack":null}
{"timestamp":"2025-04-23 11:12:29","level":"\u001b[32MINFO\u001b[39M","message":"POST /api/users/register","stack":null}
{"timestamp":"2025-04-23 11:12:29","level":"\u001b[31MERROR\u001b[39M","message":"Error registering user: Branch is not defined","stack":null}
{"timestamp":"2025-04-23 11:12:29","level":"\u001b[31MERROR\u001b[39M","message":"❗ Error: Branch is not defined","stack":null}
{"timestamp":"2025-04-23 11:12:29","level":"\u001b[31MERROR\u001b[39M","message":"ReferenceError: Branch is not defined\n    at exports.register (E:\\Exilance-Project\\Gandhi Motars\\vehicle-quotation-system\\controllers\\userController.js:117:7)\n    at process.processTicksAndRejections (node:internal/process/task_queues:95:5)","stack":null}
{"timestamp":"2025-04-23 11:13:10","level":"\u001b[32MINFO\u001b[39M","message":"✅ MongoDB Connected Successfully","stack":null}
{"timestamp":"2025-04-23 11:13:10","level":"\u001b[32MINFO\u001b[39M","message":"Default roles initialized","stack":null}
{"timestamp":"2025-04-23 11:13:10","level":"\u001b[32MINFO\u001b[39M","message":"🚀 Server running on port 5000","stack":null}
{"timestamp":"2025-04-23 11:13:17","level":"\u001b[32MINFO\u001b[39M","message":"POST /api/users/register","stack":null}
{"timestamp":"2025-04-23 11:13:17","level":"\u001b[32MINFO\u001b[39M","message":"Hashed password for user: sales6","stack":null}
{"timestamp":"2025-04-23 11:13:17","level":"\u001b[32MINFO\u001b[39M","message":"Saving user: sales6","stack":null}
{"timestamp":"2025-04-23 11:13:17","level":"\u001b[32MINFO\u001b[39M","message":"User registered by 680874c48a6faa6bbf8d99c9: sales6","stack":null}
{"timestamp":"2025-04-23 11:16:42","level":"\u001b[32MINFO\u001b[39M","message":"POST /api/users/login","stack":null}
{"timestamp":"2025-04-23 11:16:42","level":"\u001b[32MINFO\u001b[39M","message":"Saving user: sales6","stack":null}
{"timestamp":"2025-04-23 11:16:42","level":"\u001b[32MINFO\u001b[39M","message":"User logged in: sales6","stack":null}
{"timestamp":"2025-04-23 11:17:39","level":"\u001b[32MINFO\u001b[39M","message":"GET /api/users/me","stack":null}
{"timestamp":"2025-04-23 11:17:39","level":"\u001b[32MINFO\u001b[39M","message":"Fetched current user: sales6","stack":null}
{"timestamp":"2025-04-23 11:25:27","level":"\u001b[32MINFO\u001b[39M","message":"POST /api/models","stack":null}
{"timestamp":"2025-04-23 11:25:27","level":"\u001b[33MWARN\u001b[39M","message":"User 68087df58a6b8257b89b8486 attempted unauthorized access to model create","stack":null}
{"timestamp":"2025-04-23 11:25:27","level":"\u001b[31MERROR\u001b[39M","message":"❗ Error: Not authorized to create model","stack":null}
{"timestamp":"2025-04-23 11:25:27","level":"\u001b[31MERROR\u001b[39M","message":"Error: Not authorized to create model\n    at E:\\Exilance-Project\\Gandhi Motars\\vehicle-quotation-system\\middlewares\\auth.js:52:11\n    at Layer.handleRequest (E:\\Exilance-Project\\Gandhi Motars\\vehicle-quotation-system\\node_modules\\router\\lib\\layer.js:152:17)\n    at next (E:\\Exilance-Project\\Gandhi Motars\\vehicle-quotation-system\\node_modules\\router\\lib\\route.js:157:13)\n    at exports.protect (E:\\Exilance-Project\\Gandhi Motars\\vehicle-quotation-system\\middlewares\\auth.js:26:5)\n    at process.processTicksAndRejections (node:internal/process/task_queues:95:5)","stack":null}
{"timestamp":"2025-04-23 14:13:40","level":"\u001b[32MINFO\u001b[39M","message":"✅ MongoDB Connected Successfully","stack":null}
{"timestamp":"2025-04-23 14:13:40","level":"\u001b[32MINFO\u001b[39M","message":"Default roles initialized","stack":null}
{"timestamp":"2025-04-23 14:13:40","level":"\u001b[32MINFO\u001b[39M","message":"🚀 Server running on port 5000","stack":null}
{"timestamp":"2025-04-23 14:13:44","level":"\u001b[32MINFO\u001b[39M","message":"✅ MongoDB Connected Successfully","stack":null}
{"timestamp":"2025-04-23 14:13:44","level":"\u001b[32MINFO\u001b[39M","message":"Default roles initialized","stack":null}
{"timestamp":"2025-04-23 14:13:44","level":"\u001b[32MINFO\u001b[39M","message":"🚀 Server running on port 5000","stack":null}
{"timestamp":"2025-04-23 14:13:51","level":"\u001b[32MINFO\u001b[39M","message":"✅ MongoDB Connected Successfully","stack":null}
{"timestamp":"2025-04-23 14:13:51","level":"\u001b[32MINFO\u001b[39M","message":"Default roles initialized","stack":null}
{"timestamp":"2025-04-23 14:13:51","level":"\u001b[32MINFO\u001b[39M","message":"🚀 Server running on port 5000","stack":null}
{"timestamp":"2025-04-23 14:16:16","level":"\u001b[32MINFO\u001b[39M","message":"✅ MongoDB Connected Successfully","stack":null}
{"timestamp":"2025-04-23 14:16:16","level":"\u001b[32MINFO\u001b[39M","message":"Default roles initialized","stack":null}
{"timestamp":"2025-04-23 14:16:16","level":"\u001b[32MINFO\u001b[39M","message":"🚀 Server running on port 5000","stack":null}
{"timestamp":"2025-04-23 14:16:19","level":"\u001b[32MINFO\u001b[39M","message":"✅ MongoDB Connected Successfully","stack":null}
{"timestamp":"2025-04-23 14:16:19","level":"\u001b[32MINFO\u001b[39M","message":"Default roles initialized","stack":null}
{"timestamp":"2025-04-23 14:16:19","level":"\u001b[32MINFO\u001b[39M","message":"🚀 Server running on port 5000","stack":null}
{"timestamp":"2025-04-23 14:18:02","level":"\u001b[32MINFO\u001b[39M","message":"POST /api/users/login","stack":null}
{"timestamp":"2025-04-23 14:18:02","level":"\u001b[32MINFO\u001b[39M","message":"Saving user: superadmin","stack":null}
{"timestamp":"2025-04-23 14:18:02","level":"\u001b[32MINFO\u001b[39M","message":"User logged in: superadmin","stack":null}
{"timestamp":"2025-04-23 14:20:13","level":"\u001b[32MINFO\u001b[39M","message":"POST /api/users/login","stack":null}
{"timestamp":"2025-04-23 14:20:13","level":"\u001b[32MINFO\u001b[39M","message":"Saving user: superadmin","stack":null}
{"timestamp":"2025-04-23 14:20:13","level":"\u001b[32MINFO\u001b[39M","message":"User logged in: superadmin","stack":null}
{"timestamp":"2025-04-23 14:21:54","level":"\u001b[32MINFO\u001b[39M","message":"GET /api/branches","stack":null}
{"timestamp":"2025-04-23 14:35:42","level":"\u001b[32MINFO\u001b[39M","message":"Starting server initialization...","stack":null}
{"timestamp":"2025-04-23 14:35:42","level":"\u001b[32MINFO\u001b[39M","message":"Connecting to database...","stack":null}
{"timestamp":"2025-04-23 14:35:42","level":"\u001b[32MINFO\u001b[39M","message":"✅ MongoDB Connected Successfully","stack":null}
{"timestamp":"2025-04-23 14:35:42","level":"\u001b[32MINFO\u001b[39M","message":"Initializing roles...","stack":null}
{"timestamp":"2025-04-23 14:35:42","level":"\u001b[32MINFO\u001b[39M","message":"Default roles initialized","stack":null}
{"timestamp":"2025-04-23 14:35:42","level":"\u001b[32MINFO\u001b[39M","message":"🚀 Server running on port 5000","stack":null}
{"timestamp":"2025-04-23 14:35:42","level":"\u001b[32MINFO\u001b[39M","message":"Environment: development","stack":null}
{"timestamp":"2025-04-23 14:36:16","level":"\u001b[32MINFO\u001b[39M","message":"🔧 Starting server initialization...","stack":null}
{"timestamp":"2025-04-23 14:36:16","level":"\u001b[32MINFO\u001b[39M","message":"🧠 Connecting to MongoDB...","stack":null}
{"timestamp":"2025-04-23 14:36:16","level":"\u001b[32MINFO\u001b[39M","message":"✅ MongoDB Connected Successfully","stack":null}
{"timestamp":"2025-04-23 14:36:16","level":"\u001b[32MINFO\u001b[39M","message":" Initializing roles...","stack":null}
{"timestamp":"2025-04-23 14:36:16","level":"\u001b[32MINFO\u001b[39M","message":"Default roles initialized","stack":null}
{"timestamp":"2025-04-23 14:36:16","level":"\u001b[32MINFO\u001b[39M","message":" Server running on port 5000","stack":null}
{"timestamp":"2025-04-23 14:36:16","level":"\u001b[32MINFO\u001b[39M","message":" Environment: development","stack":null}
{"timestamp":"2025-04-23 14:36:26","level":"\u001b[32MINFO\u001b[39M","message":"Starting server initialization...","stack":null}
{"timestamp":"2025-04-23 14:36:26","level":"\u001b[32MINFO\u001b[39M","message":" Connecting to MongoDB...","stack":null}
{"timestamp":"2025-04-23 14:36:26","level":"\u001b[32MINFO\u001b[39M","message":"✅ MongoDB Connected Successfully","stack":null}
{"timestamp":"2025-04-23 14:36:26","level":"\u001b[32MINFO\u001b[39M","message":" Initializing roles...","stack":null}
{"timestamp":"2025-04-23 14:36:27","level":"\u001b[32MINFO\u001b[39M","message":"Default roles initialized","stack":null}
{"timestamp":"2025-04-23 14:36:27","level":"\u001b[32MINFO\u001b[39M","message":" Server running on port 5000","stack":null}
{"timestamp":"2025-04-23 14:36:27","level":"\u001b[32MINFO\u001b[39M","message":" Environment: development","stack":null}
{"timestamp":"2025-04-23 14:50:30","level":"\u001b[32MINFO\u001b[39M","message":"Starting server initialization...","stack":null}
{"timestamp":"2025-04-23 14:50:30","level":"\u001b[32MINFO\u001b[39M","message":"Connecting to MongoDB...","stack":null}
{"timestamp":"2025-04-23 14:50:31","level":"\u001b[32MINFO\u001b[39M","message":"✅ MongoDB Connected Successfully","stack":null}
{"timestamp":"2025-04-23 14:50:31","level":"\u001b[32MINFO\u001b[39M","message":"Initializing roles...","stack":null}
{"timestamp":"2025-04-23 14:50:31","level":"\u001b[32MINFO\u001b[39M","message":"Default roles initialized","stack":null}
{"timestamp":"2025-04-23 14:50:31","level":"\u001b[32MINFO\u001b[39M","message":"Server running on port 5000","stack":null}
{"timestamp":"2025-04-23 14:50:31","level":"\u001b[32MINFO\u001b[39M","message":"Environment: development","stack":null}
{"timestamp":"2025-04-23 14:50:58","level":"\u001b[32MINFO\u001b[39M","message":"Starting server initialization...","stack":null}
{"timestamp":"2025-04-23 14:50:58","level":"\u001b[32MINFO\u001b[39M","message":"Connecting to MongoDB...","stack":null}
{"timestamp":"2025-04-23 14:50:58","level":"\u001b[32MINFO\u001b[39M","message":"MongoDB Connected Successfully","stack":null}
{"timestamp":"2025-04-23 14:50:58","level":"\u001b[32MINFO\u001b[39M","message":"Initializing roles...","stack":null}
{"timestamp":"2025-04-23 14:50:58","level":"\u001b[32MINFO\u001b[39M","message":"Default roles initialized","stack":null}
{"timestamp":"2025-04-23 14:50:58","level":"\u001b[32MINFO\u001b[39M","message":"Server running on port 5000","stack":null}
{"timestamp":"2025-04-23 14:50:58","level":"\u001b[32MINFO\u001b[39M","message":"Environment: development","stack":null}
{"timestamp":"2025-04-23 14:51:29","level":"\u001b[32MINFO\u001b[39M","message":"SIGINT RECEIVED. Shutting down gracefully...","stack":null}
{"timestamp":"2025-04-23 14:51:41","level":"\u001b[32MINFO\u001b[39M","message":"Starting server initialization...","stack":null}
{"timestamp":"2025-04-23 14:51:41","level":"\u001b[32MINFO\u001b[39M","message":"Connecting to MongoDB...","stack":null}
{"timestamp":"2025-04-23 14:51:41","level":"\u001b[32MINFO\u001b[39M","message":"MongoDB Connected Successfully","stack":null}
{"timestamp":"2025-04-23 14:51:41","level":"\u001b[32MINFO\u001b[39M","message":"Initializing roles...","stack":null}
{"timestamp":"2025-04-23 14:51:41","level":"\u001b[32MINFO\u001b[39M","message":"Default roles initialized","stack":null}
{"timestamp":"2025-04-23 14:51:41","level":"\u001b[32MINFO\u001b[39M","message":"Server running on port 5000","stack":null}
{"timestamp":"2025-04-23 14:51:41","level":"\u001b[32MINFO\u001b[39M","message":"Environment: development","stack":null}
{"timestamp":"2025-04-23 15:06:53","level":"\u001b[32MINFO\u001b[39M","message":"Starting server initialization...","stack":null}
{"timestamp":"2025-04-23 15:06:53","level":"\u001b[32MINFO\u001b[39M","message":"Connecting to MongoDB...","stack":null}
{"timestamp":"2025-04-23 15:06:53","level":"\u001b[32MINFO\u001b[39M","message":"MongoDB Connected Successfully","stack":null}
{"timestamp":"2025-04-23 15:06:53","level":"\u001b[32MINFO\u001b[39M","message":"Initializing roles...","stack":null}
{"timestamp":"2025-04-23 15:06:53","level":"\u001b[32MINFO\u001b[39M","message":"Default roles initialized","stack":null}
{"timestamp":"2025-04-23 15:06:53","level":"\u001b[32MINFO\u001b[39M","message":"Server running on port 5000","stack":null}
{"timestamp":"2025-04-23 15:06:53","level":"\u001b[32MINFO\u001b[39M","message":"Environment: development","stack":null}
{"timestamp":"2025-04-23 15:08:44","level":"\u001b[32MINFO\u001b[39M","message":"Starting server initialization...","stack":null}
{"timestamp":"2025-04-23 15:08:44","level":"\u001b[32MINFO\u001b[39M","message":"Connecting to MongoDB...","stack":null}
{"timestamp":"2025-04-23 15:08:44","level":"\u001b[32MINFO\u001b[39M","message":"MongoDB Connected Successfully","stack":null}
{"timestamp":"2025-04-23 15:08:44","level":"\u001b[32MINFO\u001b[39M","message":"Initializing roles...","stack":null}
{"timestamp":"2025-04-23 15:08:44","level":"\u001b[32MINFO\u001b[39M","message":"Default roles initialized","stack":null}
{"timestamp":"2025-04-23 15:08:44","level":"\u001b[32MINFO\u001b[39M","message":"Server running on port 5000","stack":null}
{"timestamp":"2025-04-23 15:08:44","level":"\u001b[32MINFO\u001b[39M","message":"Environment: development","stack":null}
{"timestamp":"2025-04-23 15:21:25","level":"\u001b[32MINFO\u001b[39M","message":"POST /api/models","stack":null}
{"timestamp":"2025-04-23 15:21:25","level":"\u001b[33MWARN\u001b[39M","message":"User 68087df58a6b8257b89b8486 attempted unauthorized access to model create","stack":null}
{"timestamp":"2025-04-23 15:21:25","level":"\u001b[31MERROR\u001b[39M","message":"Error: Not authorized to create model","stack":null}
{"timestamp":"2025-04-23 15:21:25","level":"\u001b[31MERROR\u001b[39M","message":"Error: Not authorized to create model\n    at E:\\Exilance-Project\\Gandhi Motars\\vehicle-quotation-system\\middlewares\\auth.js:71:11\n    at Layer.handleRequest (E:\\Exilance-Project\\Gandhi Motars\\vehicle-quotation-system\\node_modules\\router\\lib\\layer.js:152:17)\n    at next (E:\\Exilance-Project\\Gandhi Motars\\vehicle-quotation-system\\node_modules\\router\\lib\\route.js:157:13)\n    at exports.protect (E:\\Exilance-Project\\Gandhi Motars\\vehicle-quotation-system\\middlewares\\auth.js:31:5)\n    at process.processTicksAndRejections (node:internal/process/task_queues:95:5)","stack":null}
{"timestamp":"2025-04-23 15:21:50","level":"\u001b[32MINFO\u001b[39M","message":"POST /api/users/login","stack":null}
{"timestamp":"2025-04-23 15:21:50","level":"\u001b[32MINFO\u001b[39M","message":"Saving user: superadmin","stack":null}
{"timestamp":"2025-04-23 15:21:50","level":"\u001b[32MINFO\u001b[39M","message":"User logged in: superadmin","stack":null}
{"timestamp":"2025-04-23 15:22:11","level":"\u001b[32MINFO\u001b[39M","message":"POST /api/models","stack":null}
{"timestamp":"2025-04-23 15:22:11","level":"\u001b[31MERROR\u001b[39M","message":"Error creating model: validateModelInput is not a function","stack":null}
{"timestamp":"2025-04-23 15:22:11","level":"\u001b[31MERROR\u001b[39M","message":"Error: validateModelInput is not a function","stack":null}
{"timestamp":"2025-04-23 15:22:11","level":"\u001b[31MERROR\u001b[39M","message":"TypeError: validateModelInput is not a function\n    at exports.createModel (E:\\Exilance-Project\\Gandhi Motars\\vehicle-quotation-system\\controllers\\modelController.js:83:33)\n    at Layer.handleRequest (E:\\Exilance-Project\\Gandhi Motars\\vehicle-quotation-system\\node_modules\\router\\lib\\layer.js:152:17)\n    at next (E:\\Exilance-Project\\Gandhi Motars\\vehicle-quotation-system\\node_modules\\router\\lib\\route.js:157:13)\n    at done (E:\\Exilance-Project\\Gandhi Motars\\vehicle-quotation-system\\node_modules\\multer\\lib\\make-middleware.js:47:7)\n    at indicateDone (E:\\Exilance-Project\\Gandhi Motars\\vehicle-quotation-system\\node_modules\\multer\\lib\\make-middleware.js:51:68)\n    at E:\\Exilance-Project\\Gandhi Motars\\vehicle-quotation-system\\node_modules\\multer\\lib\\make-middleware.js:157:11\n    at WriteStream.<anonymous> (E:\\Exilance-Project\\Gandhi Motars\\vehicle-quotation-system\\node_modules\\multer\\storage\\disk.js:43:9)\n    at WriteStream.emit (node:events:526:35)\n    at finish (node:internal/streams/writable:937:10)\n    at node:internal/streams/writable:918:13","stack":null}
{"timestamp":"2025-04-23 15:24:24","level":"\u001b[32MINFO\u001b[39M","message":"Starting server initialization...","stack":null}
{"timestamp":"2025-04-23 15:24:24","level":"\u001b[32MINFO\u001b[39M","message":"Connecting to MongoDB...","stack":null}
{"timestamp":"2025-04-23 15:24:24","level":"\u001b[32MINFO\u001b[39M","message":"MongoDB Connected Successfully","stack":null}
{"timestamp":"2025-04-23 15:24:24","level":"\u001b[32MINFO\u001b[39M","message":"Initializing roles...","stack":null}
{"timestamp":"2025-04-23 15:24:24","level":"\u001b[32MINFO\u001b[39M","message":"Default roles initialized","stack":null}
{"timestamp":"2025-04-23 15:24:24","level":"\u001b[32MINFO\u001b[39M","message":"Server running on port 5000","stack":null}
{"timestamp":"2025-04-23 15:24:24","level":"\u001b[32MINFO\u001b[39M","message":"Environment: development","stack":null}
{"timestamp":"2025-04-23 15:25:24","level":"\u001b[32MINFO\u001b[39M","message":"Starting server initialization...","stack":null}
{"timestamp":"2025-04-23 15:25:24","level":"\u001b[32MINFO\u001b[39M","message":"Connecting to MongoDB...","stack":null}
{"timestamp":"2025-04-23 15:25:24","level":"\u001b[32MINFO\u001b[39M","message":"MongoDB Connected Successfully","stack":null}
{"timestamp":"2025-04-23 15:25:24","level":"\u001b[32MINFO\u001b[39M","message":"Initializing roles...","stack":null}
{"timestamp":"2025-04-23 15:25:24","level":"\u001b[32MINFO\u001b[39M","message":"Default roles initialized","stack":null}
{"timestamp":"2025-04-23 15:25:24","level":"\u001b[32MINFO\u001b[39M","message":"Server running on port 5000","stack":null}
{"timestamp":"2025-04-23 15:25:24","level":"\u001b[32MINFO\u001b[39M","message":"Environment: development","stack":null}
{"timestamp":"2025-04-23 15:31:00","level":"\u001b[32MINFO\u001b[39M","message":"GET /api/branches","stack":null}
{"timestamp":"2025-04-23 15:31:23","level":"\u001b[32MINFO\u001b[39M","message":"POST /api/models","stack":null}
{"timestamp":"2025-04-23 15:31:23","level":"\u001b[31MERROR\u001b[39M","message":"Error creating model: validateModelInput is not a function","stack":null}
{"timestamp":"2025-04-23 15:31:23","level":"\u001b[31MERROR\u001b[39M","message":"Error: validateModelInput is not a function","stack":null}
{"timestamp":"2025-04-23 15:31:23","level":"\u001b[31MERROR\u001b[39M","message":"TypeError: validateModelInput is not a function\n    at exports.createModel (E:\\Exilance-Project\\Gandhi Motars\\vehicle-quotation-system\\controllers\\modelController.js:83:33)\n    at Layer.handleRequest (E:\\Exilance-Project\\Gandhi Motars\\vehicle-quotation-system\\node_modules\\router\\lib\\layer.js:152:17)\n    at next (E:\\Exilance-Project\\Gandhi Motars\\vehicle-quotation-system\\node_modules\\router\\lib\\route.js:157:13)\n    at done (E:\\Exilance-Project\\Gandhi Motars\\vehicle-quotation-system\\node_modules\\multer\\lib\\make-middleware.js:47:7)\n    at indicateDone (E:\\Exilance-Project\\Gandhi Motars\\vehicle-quotation-system\\node_modules\\multer\\lib\\make-middleware.js:51:68)\n    at E:\\Exilance-Project\\Gandhi Motars\\vehicle-quotation-system\\node_modules\\multer\\lib\\make-middleware.js:157:11\n    at WriteStream.<anonymous> (E:\\Exilance-Project\\Gandhi Motars\\vehicle-quotation-system\\node_modules\\multer\\storage\\disk.js:43:9)\n    at WriteStream.emit (node:events:526:35)\n    at finish (node:internal/streams/writable:937:10)\n    at node:internal/streams/writable:918:13","stack":null}
{"timestamp":"2025-04-23 15:39:16","level":"\u001b[32MINFO\u001b[39M","message":"Starting server initialization...","stack":null}
{"timestamp":"2025-04-23 15:39:16","level":"\u001b[32MINFO\u001b[39M","message":"Connecting to MongoDB...","stack":null}
{"timestamp":"2025-04-23 15:39:16","level":"\u001b[32MINFO\u001b[39M","message":"MongoDB Connected Successfully","stack":null}
{"timestamp":"2025-04-23 15:39:16","level":"\u001b[32MINFO\u001b[39M","message":"Initializing roles...","stack":null}
{"timestamp":"2025-04-23 15:39:16","level":"\u001b[32MINFO\u001b[39M","message":"Default roles initialized","stack":null}
{"timestamp":"2025-04-23 15:39:16","level":"\u001b[32MINFO\u001b[39M","message":"Server running on port 5000","stack":null}
{"timestamp":"2025-04-23 15:39:16","level":"\u001b[32MINFO\u001b[39M","message":"Environment: development","stack":null}
{"timestamp":"2025-04-23 15:42:14","level":"\u001b[32MINFO\u001b[39M","message":"Starting server initialization...","stack":null}
{"timestamp":"2025-04-23 15:42:14","level":"\u001b[32MINFO\u001b[39M","message":"Connecting to MongoDB...","stack":null}
{"timestamp":"2025-04-23 15:42:14","level":"\u001b[32MINFO\u001b[39M","message":"MongoDB Connected Successfully","stack":null}
{"timestamp":"2025-04-23 15:42:14","level":"\u001b[32MINFO\u001b[39M","message":"Initializing roles...","stack":null}
{"timestamp":"2025-04-23 15:42:14","level":"\u001b[32MINFO\u001b[39M","message":"Default roles initialized","stack":null}
{"timestamp":"2025-04-23 15:42:14","level":"\u001b[32MINFO\u001b[39M","message":"Server running on port 5000","stack":null}
{"timestamp":"2025-04-23 15:42:14","level":"\u001b[32MINFO\u001b[39M","message":"Environment: development","stack":null}
{"timestamp":"2025-04-23 15:44:53","level":"\u001b[32MINFO\u001b[39M","message":"GET /api/roles?","stack":null}
{"timestamp":"2025-04-23 15:44:53","level":"\u001b[32MINFO\u001b[39M","message":"Fetched 6 roles by 680874c48a6faa6bbf8d99c9","stack":null}
{"timestamp":"2025-04-23 16:14:49","level":"\u001b[32MINFO\u001b[39M","message":"Starting server initialization...","stack":null}
{"timestamp":"2025-04-23 16:14:49","level":"\u001b[32MINFO\u001b[39M","message":"Connecting to MongoDB...","stack":null}
{"timestamp":"2025-04-23 16:14:49","level":"\u001b[32MINFO\u001b[39M","message":"✅ MongoDB Connected Successfully","stack":null}
{"timestamp":"2025-04-23 16:14:49","level":"\u001b[32MINFO\u001b[39M","message":"Initializing roles...","stack":null}
{"timestamp":"2025-04-23 16:14:49","level":"\u001b[32MINFO\u001b[39M","message":"Default roles initialized","stack":null}
{"timestamp":"2025-04-23 16:14:49","level":"\u001b[32MINFO\u001b[39M","message":"Server running on port 5000","stack":null}
{"timestamp":"2025-04-23 16:14:49","level":"\u001b[32MINFO\u001b[39M","message":"Environment: development","stack":null}
{"timestamp":"2025-04-23 16:29:03","level":"\u001b[32MINFO\u001b[39M","message":"POST /api/branches","stack":null}
{"timestamp":"2025-04-23 16:29:03","level":"\u001b[31MERROR\u001b[39M","message":"Error verifying token: invalid signature","stack":"JsonWebTokenError: invalid signature\n    at E:\\Exilance-Project\\Gandhi Motars\\vehicle-quotation-system\\node_modules\\jsonwebtoken\\verify.js:171:19\n    at getSecret (E:\\Exilance-Project\\Gandhi Motars\\vehicle-quotation-system\\node_modules\\jsonwebtoken\\verify.js:97:14)\n    at module.exports [as verify] (E:\\Exilance-Project\\Gandhi Motars\\vehicle-quotation-system\\node_modules\\jsonwebtoken\\verify.js:101:10)\n    at exports.protect (E:\\Exilance-Project\\Gandhi Motars\\vehicle-quotation-system\\middlewares\\auth.js:22:25)\n    at Layer.handleRequest (E:\\Exilance-Project\\Gandhi Motars\\vehicle-quotation-system\\node_modules\\router\\lib\\layer.js:152:17)\n    at next (E:\\Exilance-Project\\Gandhi Motars\\vehicle-quotation-system\\node_modules\\router\\lib\\route.js:157:13)\n    at Route.dispatch (E:\\Exilance-Project\\Gandhi Motars\\vehicle-quotation-system\\node_modules\\router\\lib\\route.js:117:3)\n    at handle (E:\\Exilance-Project\\Gandhi Motars\\vehicle-quotation-system\\node_modules\\router\\index.js:435:11)\n    at Layer.handleRequest (E:\\Exilance-Project\\Gandhi Motars\\vehicle-quotation-system\\node_modules\\router\\lib\\layer.js:152:17)\n    at E:\\Exilance-Project\\Gandhi Motars\\vehicle-quotation-system\\node_modules\\router\\index.js:295:15"}
{"timestamp":"2025-04-23 16:29:03","level":"\u001b[31MERROR\u001b[39M","message":"Error: Not authorized to access this route","stack":null}
{"timestamp":"2025-04-23 16:29:03","level":"\u001b[31MERROR\u001b[39M","message":"Error: Not authorized to access this route\n    at exports.protect (E:\\Exilance-Project\\Gandhi Motars\\vehicle-quotation-system\\middlewares\\auth.js:34:17)\n    at Layer.handleRequest (E:\\Exilance-Project\\Gandhi Motars\\vehicle-quotation-system\\node_modules\\router\\lib\\layer.js:152:17)\n    at next (E:\\Exilance-Project\\Gandhi Motars\\vehicle-quotation-system\\node_modules\\router\\lib\\route.js:157:13)\n    at Route.dispatch (E:\\Exilance-Project\\Gandhi Motars\\vehicle-quotation-system\\node_modules\\router\\lib\\route.js:117:3)\n    at handle (E:\\Exilance-Project\\Gandhi Motars\\vehicle-quotation-system\\node_modules\\router\\index.js:435:11)\n    at Layer.handleRequest (E:\\Exilance-Project\\Gandhi Motars\\vehicle-quotation-system\\node_modules\\router\\lib\\layer.js:152:17)\n    at E:\\Exilance-Project\\Gandhi Motars\\vehicle-quotation-system\\node_modules\\router\\index.js:295:15\n    at processParams (E:\\Exilance-Project\\Gandhi Motars\\vehicle-quotation-system\\node_modules\\router\\index.js:582:12)\n    at next (E:\\Exilance-Project\\Gandhi Motars\\vehicle-quotation-system\\node_modules\\router\\index.js:291:5)\n    at Function.handle (E:\\Exilance-Project\\Gandhi Motars\\vehicle-quotation-system\\node_modules\\router\\index.js:186:3)","stack":null}
{"timestamp":"2025-04-23 16:40:33","level":"\u001b[32MINFO\u001b[39M","message":"Starting server initialization...","stack":null}
{"timestamp":"2025-04-23 16:40:33","level":"\u001b[32MINFO\u001b[39M","message":"Connecting to MongoDB...","stack":null}
{"timestamp":"2025-04-23 16:40:33","level":"\u001b[32MINFO\u001b[39M","message":"✅ MongoDB Connected Successfully","stack":null}
{"timestamp":"2025-04-23 16:40:33","level":"\u001b[32MINFO\u001b[39M","message":"Initializing roles...","stack":null}
{"timestamp":"2025-04-23 16:40:33","level":"\u001b[32MINFO\u001b[39M","message":"Default roles initialized","stack":null}
{"timestamp":"2025-04-23 16:40:33","level":"\u001b[32MINFO\u001b[39M","message":"Server running on port 5000","stack":null}
{"timestamp":"2025-04-23 16:40:33","level":"\u001b[32MINFO\u001b[39M","message":"Environment: development","stack":null}
{"timestamp":"2025-04-23 16:48:18","level":"\u001b[32MINFO\u001b[39M","message":"POST /api/models","stack":null}
{"timestamp":"2025-04-23 16:48:18","level":"\u001b[31MERROR\u001b[39M","message":"Error creating model: validateModelInput is not a function","stack":null}
{"timestamp":"2025-04-23 16:48:18","level":"\u001b[31MERROR\u001b[39M","message":"Error: validateModelInput is not a function","stack":null}
{"timestamp":"2025-04-23 16:48:18","level":"\u001b[31MERROR\u001b[39M","message":"TypeError: validateModelInput is not a function\n    at exports.createModel (E:\\Exilance-Project\\Gandhi Motars\\vehicle-quotation-system\\controllers\\modelController.js:83:33)\n    at Layer.handleRequest (E:\\Exilance-Project\\Gandhi Motars\\vehicle-quotation-system\\node_modules\\router\\lib\\layer.js:152:17)\n    at next (E:\\Exilance-Project\\Gandhi Motars\\vehicle-quotation-system\\node_modules\\router\\lib\\route.js:157:13)\n    at done (E:\\Exilance-Project\\Gandhi Motars\\vehicle-quotation-system\\node_modules\\multer\\lib\\make-middleware.js:47:7)\n    at indicateDone (E:\\Exilance-Project\\Gandhi Motars\\vehicle-quotation-system\\node_modules\\multer\\lib\\make-middleware.js:51:68)\n    at E:\\Exilance-Project\\Gandhi Motars\\vehicle-quotation-system\\node_modules\\multer\\lib\\make-middleware.js:157:11\n    at WriteStream.<anonymous> (E:\\Exilance-Project\\Gandhi Motars\\vehicle-quotation-system\\node_modules\\multer\\storage\\disk.js:43:9)\n    at WriteStream.emit (node:events:526:35)\n    at finish (node:internal/streams/writable:937:10)\n    at node:internal/streams/writable:918:13","stack":null}
{"timestamp":"2025-04-23 16:48:30","level":"\u001b[32MINFO\u001b[39M","message":"SIGINT RECEIVED. Shutting down gracefully...","stack":null}
{"timestamp":"2025-04-23 16:48:35","level":"\u001b[32MINFO\u001b[39M","message":"Starting server initialization...","stack":null}
{"timestamp":"2025-04-23 16:48:35","level":"\u001b[32MINFO\u001b[39M","message":"Connecting to MongoDB...","stack":null}
{"timestamp":"2025-04-23 16:48:35","level":"\u001b[32MINFO\u001b[39M","message":"✅ MongoDB Connected Successfully","stack":null}
{"timestamp":"2025-04-23 16:48:35","level":"\u001b[32MINFO\u001b[39M","message":"Initializing roles...","stack":null}
{"timestamp":"2025-04-23 16:48:35","level":"\u001b[32MINFO\u001b[39M","message":"Default roles initialized","stack":null}
{"timestamp":"2025-04-23 16:48:35","level":"\u001b[32MINFO\u001b[39M","message":"Server running on port 5000","stack":null}
{"timestamp":"2025-04-23 16:48:35","level":"\u001b[32MINFO\u001b[39M","message":"Environment: development","stack":null}
{"timestamp":"2025-04-23 16:48:49","level":"\u001b[32MINFO\u001b[39M","message":"POST /api/models","stack":null}
{"timestamp":"2025-04-23 16:48:49","level":"\u001b[31MERROR\u001b[39M","message":"Error creating model: validateModelInput is not a function","stack":null}
{"timestamp":"2025-04-23 16:48:49","level":"\u001b[31MERROR\u001b[39M","message":"Error: validateModelInput is not a function","stack":null}
{"timestamp":"2025-04-23 16:48:49","level":"\u001b[31MERROR\u001b[39M","message":"TypeError: validateModelInput is not a function\n    at exports.createModel (E:\\Exilance-Project\\Gandhi Motars\\vehicle-quotation-system\\controllers\\modelController.js:83:33)\n    at Layer.handleRequest (E:\\Exilance-Project\\Gandhi Motars\\vehicle-quotation-system\\node_modules\\router\\lib\\layer.js:152:17)\n    at next (E:\\Exilance-Project\\Gandhi Motars\\vehicle-quotation-system\\node_modules\\router\\lib\\route.js:157:13)\n    at done (E:\\Exilance-Project\\Gandhi Motars\\vehicle-quotation-system\\node_modules\\multer\\lib\\make-middleware.js:47:7)\n    at indicateDone (E:\\Exilance-Project\\Gandhi Motars\\vehicle-quotation-system\\node_modules\\multer\\lib\\make-middleware.js:51:68)\n    at E:\\Exilance-Project\\Gandhi Motars\\vehicle-quotation-system\\node_modules\\multer\\lib\\make-middleware.js:157:11\n    at WriteStream.<anonymous> (E:\\Exilance-Project\\Gandhi Motars\\vehicle-quotation-system\\node_modules\\multer\\storage\\disk.js:43:9)\n    at WriteStream.emit (node:events:526:35)\n    at finish (node:internal/streams/writable:937:10)\n    at node:internal/streams/writable:918:13","stack":null}
{"timestamp":"2025-04-23 16:53:03","level":"\u001b[32MINFO\u001b[39M","message":"Starting server initialization...","stack":null}
{"timestamp":"2025-04-23 16:53:03","level":"\u001b[32MINFO\u001b[39M","message":"Connecting to MongoDB...","stack":null}
{"timestamp":"2025-04-23 16:53:04","level":"\u001b[32MINFO\u001b[39M","message":"✅ MongoDB Connected Successfully","stack":null}
{"timestamp":"2025-04-23 16:53:04","level":"\u001b[32MINFO\u001b[39M","message":"Initializing roles...","stack":null}
{"timestamp":"2025-04-23 16:53:04","level":"\u001b[32MINFO\u001b[39M","message":"Default roles initialized","stack":null}
{"timestamp":"2025-04-23 16:53:04","level":"\u001b[32MINFO\u001b[39M","message":"Server running on port 5000","stack":null}
{"timestamp":"2025-04-23 16:53:04","level":"\u001b[32MINFO\u001b[39M","message":"Environment: development","stack":null}
{"timestamp":"2025-04-23 16:53:04","level":"\u001b[32MINFO\u001b[39M","message":"POST /api/models","stack":null}
{"timestamp":"2025-04-23 16:53:04","level":"\u001b[33MWARN\u001b[39M","message":"Model validation failed","stack":null}
{"timestamp":"2025-04-23 16:53:04","level":"\u001b[31MERROR\u001b[39M","message":"Error: Invalid input data","stack":null}
{"timestamp":"2025-04-23 16:53:04","level":"\u001b[31MERROR\u001b[39M","message":"Error: Invalid input data\n    at exports.createModel (E:\\Exilance-Project\\Gandhi Motars\\vehicle-quotation-system\\controllers\\modelController.js:87:19)\n    at Layer.handleRequest (E:\\Exilance-Project\\Gandhi Motars\\vehicle-quotation-system\\node_modules\\router\\lib\\layer.js:152:17)\n    at next (E:\\Exilance-Project\\Gandhi Motars\\vehicle-quotation-system\\node_modules\\router\\lib\\route.js:157:13)\n    at done (E:\\Exilance-Project\\Gandhi Motars\\vehicle-quotation-system\\node_modules\\multer\\lib\\make-middleware.js:47:7)\n    at indicateDone (E:\\Exilance-Project\\Gandhi Motars\\vehicle-quotation-system\\node_modules\\multer\\lib\\make-middleware.js:51:68)\n    at E:\\Exilance-Project\\Gandhi Motars\\vehicle-quotation-system\\node_modules\\multer\\lib\\make-middleware.js:157:11\n    at WriteStream.<anonymous> (E:\\Exilance-Project\\Gandhi Motars\\vehicle-quotation-system\\node_modules\\multer\\storage\\disk.js:43:9)\n    at WriteStream.emit (node:events:526:35)\n    at finish (node:internal/streams/writable:937:10)\n    at node:internal/streams/writable:918:13","stack":null}
{"timestamp":"2025-04-23 16:57:13","level":"\u001b[32MINFO\u001b[39M","message":"POST /api/models","stack":null}
{"timestamp":"2025-04-23 16:57:13","level":"\u001b[33MWARN\u001b[39M","message":"Model validation failed","stack":null}
{"timestamp":"2025-04-23 16:57:13","level":"\u001b[31MERROR\u001b[39M","message":"Error: Invalid input data","stack":null}
{"timestamp":"2025-04-23 16:57:13","level":"\u001b[31MERROR\u001b[39M","message":"Error: Invalid input data\n    at exports.createModel (E:\\Exilance-Project\\Gandhi Motars\\vehicle-quotation-system\\controllers\\modelController.js:87:19)\n    at Layer.handleRequest (E:\\Exilance-Project\\Gandhi Motars\\vehicle-quotation-system\\node_modules\\router\\lib\\layer.js:152:17)\n    at next (E:\\Exilance-Project\\Gandhi Motars\\vehicle-quotation-system\\node_modules\\router\\lib\\route.js:157:13)\n    at done (E:\\Exilance-Project\\Gandhi Motars\\vehicle-quotation-system\\node_modules\\multer\\lib\\make-middleware.js:47:7)\n    at indicateDone (E:\\Exilance-Project\\Gandhi Motars\\vehicle-quotation-system\\node_modules\\multer\\lib\\make-middleware.js:51:68)\n    at Multipart.<anonymous> (E:\\Exilance-Project\\Gandhi Motars\\vehicle-quotation-system\\node_modules\\multer\\lib\\make-middleware.js:168:7)\n    at Multipart.emit (node:events:514:28)\n    at emitCloseNT (node:internal/streams/destroy:132:10)\n    at process.processTicksAndRejections (node:internal/process/task_queues:81:21)","stack":null}
{"timestamp":"2025-04-23 16:58:21","level":"\u001b[32MINFO\u001b[39M","message":"POST /api/models","stack":null}
{"timestamp":"2025-04-23 16:58:21","level":"\u001b[33MWARN\u001b[39M","message":"Model validation failed","stack":null}
{"timestamp":"2025-04-23 16:58:21","level":"\u001b[31MERROR\u001b[39M","message":"Error: Invalid input data","stack":null}
{"timestamp":"2025-04-23 16:58:21","level":"\u001b[31MERROR\u001b[39M","message":"Error: Invalid input data\n    at exports.createModel (E:\\Exilance-Project\\Gandhi Motars\\vehicle-quotation-system\\controllers\\modelController.js:87:19)\n    at Layer.handleRequest (E:\\Exilance-Project\\Gandhi Motars\\vehicle-quotation-system\\node_modules\\router\\lib\\layer.js:152:17)\n    at next (E:\\Exilance-Project\\Gandhi Motars\\vehicle-quotation-system\\node_modules\\router\\lib\\route.js:157:13)\n    at done (E:\\Exilance-Project\\Gandhi Motars\\vehicle-quotation-system\\node_modules\\multer\\lib\\make-middleware.js:47:7)\n    at indicateDone (E:\\Exilance-Project\\Gandhi Motars\\vehicle-quotation-system\\node_modules\\multer\\lib\\make-middleware.js:51:68)\n    at Multipart.<anonymous> (E:\\Exilance-Project\\Gandhi Motars\\vehicle-quotation-system\\node_modules\\multer\\lib\\make-middleware.js:168:7)\n    at Multipart.emit (node:events:514:28)\n    at emitCloseNT (node:internal/streams/destroy:132:10)\n    at process.processTicksAndRejections (node:internal/process/task_queues:81:21)","stack":null}
{"timestamp":"2025-04-23 17:05:11","level":"\u001b[32MINFO\u001b[39M","message":"POST /api/models","stack":null}
{"timestamp":"2025-04-23 17:05:11","level":"\u001b[33MWARN\u001b[39M","message":"Model validation failed","stack":null}
{"timestamp":"2025-04-23 17:05:11","level":"\u001b[31MERROR\u001b[39M","message":"Error: Invalid input data","stack":null}
{"timestamp":"2025-04-23 17:05:11","level":"\u001b[31MERROR\u001b[39M","message":"Error: Invalid input data\n    at exports.createModel (E:\\Exilance-Project\\Gandhi Motars\\vehicle-quotation-system\\controllers\\modelController.js:87:19)\n    at Layer.handleRequest (E:\\Exilance-Project\\Gandhi Motars\\vehicle-quotation-system\\node_modules\\router\\lib\\layer.js:152:17)\n    at next (E:\\Exilance-Project\\Gandhi Motars\\vehicle-quotation-system\\node_modules\\router\\lib\\route.js:157:13)\n    at done (E:\\Exilance-Project\\Gandhi Motars\\vehicle-quotation-system\\node_modules\\multer\\lib\\make-middleware.js:47:7)\n    at indicateDone (E:\\Exilance-Project\\Gandhi Motars\\vehicle-quotation-system\\node_modules\\multer\\lib\\make-middleware.js:51:68)\n    at Multipart.<anonymous> (E:\\Exilance-Project\\Gandhi Motars\\vehicle-quotation-system\\node_modules\\multer\\lib\\make-middleware.js:168:7)\n    at Multipart.emit (node:events:514:28)\n    at emitCloseNT (node:internal/streams/destroy:132:10)\n    at process.processTicksAndRejections (node:internal/process/task_queues:81:21)","stack":null}
{"timestamp":"2025-04-23 17:05:42","level":"\u001b[32MINFO\u001b[39M","message":"POST /api/models","stack":null}
{"timestamp":"2025-04-23 17:05:42","level":"\u001b[33MWARN\u001b[39M","message":"Model validation failed","stack":null}
{"timestamp":"2025-04-23 17:05:42","level":"\u001b[31MERROR\u001b[39M","message":"Error: Invalid input data","stack":null}
{"timestamp":"2025-04-23 17:05:42","level":"\u001b[31MERROR\u001b[39M","message":"Error: Invalid input data\n    at exports.createModel (E:\\Exilance-Project\\Gandhi Motars\\vehicle-quotation-system\\controllers\\modelController.js:87:19)\n    at Layer.handleRequest (E:\\Exilance-Project\\Gandhi Motars\\vehicle-quotation-system\\node_modules\\router\\lib\\layer.js:152:17)\n    at next (E:\\Exilance-Project\\Gandhi Motars\\vehicle-quotation-system\\node_modules\\router\\lib\\route.js:157:13)\n    at done (E:\\Exilance-Project\\Gandhi Motars\\vehicle-quotation-system\\node_modules\\multer\\lib\\make-middleware.js:47:7)\n    at indicateDone (E:\\Exilance-Project\\Gandhi Motars\\vehicle-quotation-system\\node_modules\\multer\\lib\\make-middleware.js:51:68)\n    at Multipart.<anonymous> (E:\\Exilance-Project\\Gandhi Motars\\vehicle-quotation-system\\node_modules\\multer\\lib\\make-middleware.js:168:7)\n    at Multipart.emit (node:events:514:28)\n    at emitCloseNT (node:internal/streams/destroy:132:10)\n    at process.processTicksAndRejections (node:internal/process/task_queues:81:21)","stack":null}
{"timestamp":"2025-04-23 17:06:07","level":"\u001b[32MINFO\u001b[39M","message":"POST /api/models","stack":null}
{"timestamp":"2025-04-23 17:06:07","level":"\u001b[33MWARN\u001b[39M","message":"Model validation failed","stack":null}
{"timestamp":"2025-04-23 17:06:07","level":"\u001b[31MERROR\u001b[39M","message":"Error: Invalid input data","stack":null}
{"timestamp":"2025-04-23 17:06:07","level":"\u001b[31MERROR\u001b[39M","message":"Error: Invalid input data\n    at exports.createModel (E:\\Exilance-Project\\Gandhi Motars\\vehicle-quotation-system\\controllers\\modelController.js:87:19)\n    at Layer.handleRequest (E:\\Exilance-Project\\Gandhi Motars\\vehicle-quotation-system\\node_modules\\router\\lib\\layer.js:152:17)\n    at next (E:\\Exilance-Project\\Gandhi Motars\\vehicle-quotation-system\\node_modules\\router\\lib\\route.js:157:13)\n    at done (E:\\Exilance-Project\\Gandhi Motars\\vehicle-quotation-system\\node_modules\\multer\\lib\\make-middleware.js:47:7)\n    at indicateDone (E:\\Exilance-Project\\Gandhi Motars\\vehicle-quotation-system\\node_modules\\multer\\lib\\make-middleware.js:51:68)\n    at Multipart.<anonymous> (E:\\Exilance-Project\\Gandhi Motars\\vehicle-quotation-system\\node_modules\\multer\\lib\\make-middleware.js:168:7)\n    at Multipart.emit (node:events:514:28)\n    at emitCloseNT (node:internal/streams/destroy:132:10)\n    at process.processTicksAndRejections (node:internal/process/task_queues:81:21)","stack":null}
{"timestamp":"2025-04-23 17:06:13","level":"\u001b[32MINFO\u001b[39M","message":"POST /api/models","stack":null}
{"timestamp":"2025-04-23 17:06:13","level":"\u001b[33MWARN\u001b[39M","message":"Model validation failed","stack":null}
{"timestamp":"2025-04-23 17:06:13","level":"\u001b[31MERROR\u001b[39M","message":"Error: Invalid input data","stack":null}
{"timestamp":"2025-04-23 17:06:13","level":"\u001b[31MERROR\u001b[39M","message":"Error: Invalid input data\n    at exports.createModel (E:\\Exilance-Project\\Gandhi Motars\\vehicle-quotation-system\\controllers\\modelController.js:87:19)\n    at Layer.handleRequest (E:\\Exilance-Project\\Gandhi Motars\\vehicle-quotation-system\\node_modules\\router\\lib\\layer.js:152:17)\n    at next (E:\\Exilance-Project\\Gandhi Motars\\vehicle-quotation-system\\node_modules\\router\\lib\\route.js:157:13)\n    at done (E:\\Exilance-Project\\Gandhi Motars\\vehicle-quotation-system\\node_modules\\multer\\lib\\make-middleware.js:47:7)\n    at indicateDone (E:\\Exilance-Project\\Gandhi Motars\\vehicle-quotation-system\\node_modules\\multer\\lib\\make-middleware.js:51:68)\n    at Multipart.<anonymous> (E:\\Exilance-Project\\Gandhi Motars\\vehicle-quotation-system\\node_modules\\multer\\lib\\make-middleware.js:168:7)\n    at Multipart.emit (node:events:514:28)\n    at emitCloseNT (node:internal/streams/destroy:132:10)\n    at process.processTicksAndRejections (node:internal/process/task_queues:81:21)","stack":null}
{"timestamp":"2025-04-23 17:06:32","level":"\u001b[32MINFO\u001b[39M","message":"POST /api/models","stack":null}
{"timestamp":"2025-04-23 17:06:32","level":"\u001b[33MWARN\u001b[39M","message":"Model validation failed","stack":null}
{"timestamp":"2025-04-23 17:06:32","level":"\u001b[31MERROR\u001b[39M","message":"Error: Invalid input data","stack":null}
{"timestamp":"2025-04-23 17:06:32","level":"\u001b[31MERROR\u001b[39M","message":"Error: Invalid input data\n    at exports.createModel (E:\\Exilance-Project\\Gandhi Motars\\vehicle-quotation-system\\controllers\\modelController.js:87:19)\n    at Layer.handleRequest (E:\\Exilance-Project\\Gandhi Motars\\vehicle-quotation-system\\node_modules\\router\\lib\\layer.js:152:17)\n    at next (E:\\Exilance-Project\\Gandhi Motars\\vehicle-quotation-system\\node_modules\\router\\lib\\route.js:157:13)\n    at done (E:\\Exilance-Project\\Gandhi Motars\\vehicle-quotation-system\\node_modules\\multer\\lib\\make-middleware.js:47:7)\n    at indicateDone (E:\\Exilance-Project\\Gandhi Motars\\vehicle-quotation-system\\node_modules\\multer\\lib\\make-middleware.js:51:68)\n    at Multipart.<anonymous> (E:\\Exilance-Project\\Gandhi Motars\\vehicle-quotation-system\\node_modules\\multer\\lib\\make-middleware.js:168:7)\n    at Multipart.emit (node:events:514:28)\n    at emitCloseNT (node:internal/streams/destroy:132:10)\n    at process.processTicksAndRejections (node:internal/process/task_queues:81:21)","stack":null}
{"timestamp":"2025-04-23 17:06:40","level":"\u001b[32MINFO\u001b[39M","message":"POST /api/models","stack":null}
{"timestamp":"2025-04-23 17:06:40","level":"\u001b[33MWARN\u001b[39M","message":"Model validation failed","stack":null}
{"timestamp":"2025-04-23 17:06:40","level":"\u001b[31MERROR\u001b[39M","message":"Error: Invalid input data","stack":null}
{"timestamp":"2025-04-23 17:06:40","level":"\u001b[31MERROR\u001b[39M","message":"Error: Invalid input data\n    at exports.createModel (E:\\Exilance-Project\\Gandhi Motars\\vehicle-quotation-system\\controllers\\modelController.js:87:19)\n    at Layer.handleRequest (E:\\Exilance-Project\\Gandhi Motars\\vehicle-quotation-system\\node_modules\\router\\lib\\layer.js:152:17)\n    at next (E:\\Exilance-Project\\Gandhi Motars\\vehicle-quotation-system\\node_modules\\router\\lib\\route.js:157:13)\n    at done (E:\\Exilance-Project\\Gandhi Motars\\vehicle-quotation-system\\node_modules\\multer\\lib\\make-middleware.js:47:7)\n    at indicateDone (E:\\Exilance-Project\\Gandhi Motars\\vehicle-quotation-system\\node_modules\\multer\\lib\\make-middleware.js:51:68)\n    at Multipart.<anonymous> (E:\\Exilance-Project\\Gandhi Motars\\vehicle-quotation-system\\node_modules\\multer\\lib\\make-middleware.js:168:7)\n    at Multipart.emit (node:events:514:28)\n    at emitCloseNT (node:internal/streams/destroy:132:10)\n    at process.processTicksAndRejections (node:internal/process/task_queues:81:21)","stack":null}
{"timestamp":"2025-04-23 17:07:01","level":"\u001b[32MINFO\u001b[39M","message":"POST /api/models","stack":null}
{"timestamp":"2025-04-23 17:07:01","level":"\u001b[33MWARN\u001b[39M","message":"Model validation failed","stack":null}
{"timestamp":"2025-04-23 17:07:01","level":"\u001b[31MERROR\u001b[39M","message":"Error: Invalid input data","stack":null}
{"timestamp":"2025-04-23 17:07:01","level":"\u001b[31MERROR\u001b[39M","message":"Error: Invalid input data\n    at exports.createModel (E:\\Exilance-Project\\Gandhi Motars\\vehicle-quotation-system\\controllers\\modelController.js:87:19)\n    at Layer.handleRequest (E:\\Exilance-Project\\Gandhi Motars\\vehicle-quotation-system\\node_modules\\router\\lib\\layer.js:152:17)\n    at next (E:\\Exilance-Project\\Gandhi Motars\\vehicle-quotation-system\\node_modules\\router\\lib\\route.js:157:13)\n    at done (E:\\Exilance-Project\\Gandhi Motars\\vehicle-quotation-system\\node_modules\\multer\\lib\\make-middleware.js:47:7)\n    at indicateDone (E:\\Exilance-Project\\Gandhi Motars\\vehicle-quotation-system\\node_modules\\multer\\lib\\make-middleware.js:51:68)\n    at Multipart.<anonymous> (E:\\Exilance-Project\\Gandhi Motars\\vehicle-quotation-system\\node_modules\\multer\\lib\\make-middleware.js:168:7)\n    at Multipart.emit (node:events:514:28)\n    at emitCloseNT (node:internal/streams/destroy:132:10)\n    at process.processTicksAndRejections (node:internal/process/task_queues:81:21)","stack":null}
{"timestamp":"2025-04-23 17:10:01","level":"\u001b[32MINFO\u001b[39M","message":"POST /api/models","stack":null}
{"timestamp":"2025-04-23 17:10:01","level":"\u001b[33MWARN\u001b[39M","message":"Model validation failed","stack":null}
{"timestamp":"2025-04-23 17:10:01","level":"\u001b[31MERROR\u001b[39M","message":"Error: Invalid input data","stack":null}
{"timestamp":"2025-04-23 17:10:01","level":"\u001b[31MERROR\u001b[39M","message":"Error: Invalid input data\n    at exports.createModel (E:\\Exilance-Project\\Gandhi Motars\\vehicle-quotation-system\\controllers\\modelController.js:87:19)\n    at Layer.handleRequest (E:\\Exilance-Project\\Gandhi Motars\\vehicle-quotation-system\\node_modules\\router\\lib\\layer.js:152:17)\n    at next (E:\\Exilance-Project\\Gandhi Motars\\vehicle-quotation-system\\node_modules\\router\\lib\\route.js:157:13)\n    at done (E:\\Exilance-Project\\Gandhi Motars\\vehicle-quotation-system\\node_modules\\multer\\lib\\make-middleware.js:47:7)\n    at indicateDone (E:\\Exilance-Project\\Gandhi Motars\\vehicle-quotation-system\\node_modules\\multer\\lib\\make-middleware.js:51:68)\n    at Multipart.<anonymous> (E:\\Exilance-Project\\Gandhi Motars\\vehicle-quotation-system\\node_modules\\multer\\lib\\make-middleware.js:168:7)\n    at Multipart.emit (node:events:514:28)\n    at emitCloseNT (node:internal/streams/destroy:132:10)\n    at process.processTicksAndRejections (node:internal/process/task_queues:81:21)","stack":null}
{"timestamp":"2025-04-23 17:15:20","level":"\u001b[32MINFO\u001b[39M","message":"POST /api/models","stack":null}
{"timestamp":"2025-04-23 17:15:20","level":"\u001b[33MWARN\u001b[39M","message":"Model validation failed","stack":null}
{"timestamp":"2025-04-23 17:15:20","level":"\u001b[31MERROR\u001b[39M","message":"Error: Invalid input data","stack":null}
{"timestamp":"2025-04-23 17:15:20","level":"\u001b[31MERROR\u001b[39M","message":"Error: Invalid input data\n    at exports.createModel (E:\\Exilance-Project\\Gandhi Motars\\vehicle-quotation-system\\controllers\\modelController.js:87:19)\n    at Layer.handleRequest (E:\\Exilance-Project\\Gandhi Motars\\vehicle-quotation-system\\node_modules\\router\\lib\\layer.js:152:17)\n    at next (E:\\Exilance-Project\\Gandhi Motars\\vehicle-quotation-system\\node_modules\\router\\lib\\route.js:157:13)\n    at done (E:\\Exilance-Project\\Gandhi Motars\\vehicle-quotation-system\\node_modules\\multer\\lib\\make-middleware.js:47:7)\n    at indicateDone (E:\\Exilance-Project\\Gandhi Motars\\vehicle-quotation-system\\node_modules\\multer\\lib\\make-middleware.js:51:68)\n    at Multipart.<anonymous> (E:\\Exilance-Project\\Gandhi Motars\\vehicle-quotation-system\\node_modules\\multer\\lib\\make-middleware.js:168:7)\n    at Multipart.emit (node:events:514:28)\n    at emitCloseNT (node:internal/streams/destroy:132:10)\n    at process.processTicksAndRejections (node:internal/process/task_queues:81:21)","stack":null}
{"timestamp":"2025-04-23 17:32:21","level":"\u001b[32MINFO\u001b[39M","message":"POST /api/models","stack":null}
{"timestamp":"2025-04-23 17:32:21","level":"\u001b[31MERROR\u001b[39M","message":"Error verifying token: jwt malformed","stack":"JsonWebTokenError: jwt malformed\n    at module.exports [as verify] (E:\\Exilance-Project\\Gandhi Motars\\vehicle-quotation-system\\node_modules\\jsonwebtoken\\verify.js:70:17)\n    at exports.protect (E:\\Exilance-Project\\Gandhi Motars\\vehicle-quotation-system\\middlewares\\auth.js:22:25)\n    at Layer.handleRequest (E:\\Exilance-Project\\Gandhi Motars\\vehicle-quotation-system\\node_modules\\router\\lib\\layer.js:152:17)\n    at next (E:\\Exilance-Project\\Gandhi Motars\\vehicle-quotation-system\\node_modules\\router\\lib\\route.js:157:13)\n    at Route.dispatch (E:\\Exilance-Project\\Gandhi Motars\\vehicle-quotation-system\\node_modules\\router\\lib\\route.js:117:3)\n    at handle (E:\\Exilance-Project\\Gandhi Motars\\vehicle-quotation-system\\node_modules\\router\\index.js:435:11)\n    at Layer.handleRequest (E:\\Exilance-Project\\Gandhi Motars\\vehicle-quotation-system\\node_modules\\router\\lib\\layer.js:152:17)\n    at E:\\Exilance-Project\\Gandhi Motars\\vehicle-quotation-system\\node_modules\\router\\index.js:295:15\n    at processParams (E:\\Exilance-Project\\Gandhi Motars\\vehicle-quotation-system\\node_modules\\router\\index.js:582:12)\n    at next (E:\\Exilance-Project\\Gandhi Motars\\vehicle-quotation-system\\node_modules\\router\\index.js:291:5)"}
{"timestamp":"2025-04-23 17:32:21","level":"\u001b[31MERROR\u001b[39M","message":"Error: Not authorized to access this route","stack":null}
{"timestamp":"2025-04-23 17:32:21","level":"\u001b[31MERROR\u001b[39M","message":"Error: Not authorized to access this route\n    at exports.protect (E:\\Exilance-Project\\Gandhi Motars\\vehicle-quotation-system\\middlewares\\auth.js:34:17)\n    at Layer.handleRequest (E:\\Exilance-Project\\Gandhi Motars\\vehicle-quotation-system\\node_modules\\router\\lib\\layer.js:152:17)\n    at next (E:\\Exilance-Project\\Gandhi Motars\\vehicle-quotation-system\\node_modules\\router\\lib\\route.js:157:13)\n    at Route.dispatch (E:\\Exilance-Project\\Gandhi Motars\\vehicle-quotation-system\\node_modules\\router\\lib\\route.js:117:3)\n    at handle (E:\\Exilance-Project\\Gandhi Motars\\vehicle-quotation-system\\node_modules\\router\\index.js:435:11)\n    at Layer.handleRequest (E:\\Exilance-Project\\Gandhi Motars\\vehicle-quotation-system\\node_modules\\router\\lib\\layer.js:152:17)\n    at E:\\Exilance-Project\\Gandhi Motars\\vehicle-quotation-system\\node_modules\\router\\index.js:295:15\n    at processParams (E:\\Exilance-Project\\Gandhi Motars\\vehicle-quotation-system\\node_modules\\router\\index.js:582:12)\n    at next (E:\\Exilance-Project\\Gandhi Motars\\vehicle-quotation-system\\node_modules\\router\\index.js:291:5)\n    at Function.handle (E:\\Exilance-Project\\Gandhi Motars\\vehicle-quotation-system\\node_modules\\router\\index.js:186:3)","stack":null}
