{"timestamp":"2025-04-22 13:24:24","level":"\u001b[32MINFO\u001b[39M","message":"🚀 Server running on port 5000","stack":null}
{"timestamp":"2025-04-22 13:24:24","level":"\u001b[32MINFO\u001b[39M","message":"✅ MongoDB Connected Successfully","stack":null}
{"timestamp":"2025-04-22 13:50:05","level":"\u001b[32MINFO\u001b[39M","message":"POST /api/users/register","stack":null}
{"timestamp":"2025-04-22 13:50:05","level":"\u001b[31MERROR\u001b[39M","message":"Error registering user: validateUserInput is not a function","stack":null}
{"timestamp":"2025-04-22 13:50:05","level":"\u001b[31MERROR\u001b[39M","message":"❗ Error: validateUserInput is not a function","stack":null}
{"timestamp":"2025-04-22 13:50:05","level":"\u001b[31MERROR\u001b[39M","message":"TypeError: validateUserInput is not a function\n    at exports.register (E:\\Exilance-Project\\Gandhi Motars\\vehicle-quotation-system\\controllers\\userController.js:12:33)\n    at Layer.handleRequest (E:\\Exilance-Project\\Gandhi Motars\\vehicle-quotation-system\\node_modules\\router\\lib\\layer.js:152:17)\n    at next (E:\\Exilance-Project\\Gandhi Motars\\vehicle-quotation-system\\node_modules\\router\\lib\\route.js:157:13)\n    at Route.dispatch (E:\\Exilance-Project\\Gandhi Motars\\vehicle-quotation-system\\node_modules\\router\\lib\\route.js:117:3)\n    at handle (E:\\Exilance-Project\\Gandhi Motars\\vehicle-quotation-system\\node_modules\\router\\index.js:435:11)\n    at Layer.handleRequest (E:\\Exilance-Project\\Gandhi Motars\\vehicle-quotation-system\\node_modules\\router\\lib\\layer.js:152:17)\n    at E:\\Exilance-Project\\Gandhi Motars\\vehicle-quotation-system\\node_modules\\router\\index.js:295:15\n    at processParams (E:\\Exilance-Project\\Gandhi Motars\\vehicle-quotation-system\\node_modules\\router\\index.js:582:12)\n    at next (E:\\Exilance-Project\\Gandhi Motars\\vehicle-quotation-system\\node_modules\\router\\index.js:291:5)\n    at Function.handle (E:\\Exilance-Project\\Gandhi Motars\\vehicle-quotation-system\\node_modules\\router\\index.js:186:3)","stack":null}
{"timestamp":"2025-04-22 14:26:55","level":"\u001b[32MINFO\u001b[39M","message":"🚀 Server running on port 5000","stack":null}
{"timestamp":"2025-04-22 14:26:55","level":"\u001b[32MINFO\u001b[39M","message":"✅ MongoDB Connected Successfully","stack":null}
{"timestamp":"2025-04-22 15:01:13","level":"\u001b[32MINFO\u001b[39M","message":"🚀 Server running on port 5000","stack":null}
{"timestamp":"2025-04-22 15:01:13","level":"\u001b[32MINFO\u001b[39M","message":"✅ MongoDB Connected Successfully","stack":null}
{"timestamp":"2025-04-22 15:01:32","level":"\u001b[32MINFO\u001b[39M","message":"🚀 Server running on port 5000","stack":null}
{"timestamp":"2025-04-22 15:01:32","level":"\u001b[32MINFO\u001b[39M","message":"✅ MongoDB Connected Successfully","stack":null}
{"timestamp":"2025-04-22 15:02:07","level":"\u001b[32MINFO\u001b[39M","message":"🚀 Server running on port 5000","stack":null}
{"timestamp":"2025-04-22 15:02:07","level":"\u001b[32MINFO\u001b[39M","message":"✅ MongoDB Connected Successfully","stack":null}
{"timestamp":"2025-04-22 15:02:29","level":"\u001b[32MINFO\u001b[39M","message":"🚀 Server running on port 5000","stack":null}
{"timestamp":"2025-04-22 15:02:29","level":"\u001b[32MINFO\u001b[39M","message":"✅ MongoDB Connected Successfully","stack":null}
{"timestamp":"2025-04-22 15:02:51","level":"\u001b[32MINFO\u001b[39M","message":"🚀 Server running on port 5000","stack":null}
{"timestamp":"2025-04-22 15:02:51","level":"\u001b[32MINFO\u001b[39M","message":"✅ MongoDB Connected Successfully","stack":null}
{"timestamp":"2025-04-22 15:04:20","level":"\u001b[32MINFO\u001b[39M","message":"🚀 Server running on port 5000","stack":null}
{"timestamp":"2025-04-22 15:04:21","level":"\u001b[32MINFO\u001b[39M","message":"✅ MongoDB Connected Successfully","stack":null}
{"timestamp":"2025-04-22 15:04:36","level":"\u001b[32MINFO\u001b[39M","message":"🚀 Server running on port 5000","stack":null}
{"timestamp":"2025-04-22 15:04:36","level":"\u001b[32MINFO\u001b[39M","message":"✅ MongoDB Connected Successfully","stack":null}
{"timestamp":"2025-04-22 15:04:44","level":"\u001b[32MINFO\u001b[39M","message":"🚀 Server running on port 5000","stack":null}
{"timestamp":"2025-04-22 15:04:44","level":"\u001b[32MINFO\u001b[39M","message":"✅ MongoDB Connected Successfully","stack":null}
{"timestamp":"2025-04-22 15:05:10","level":"\u001b[32MINFO\u001b[39M","message":"🚀 Server running on port 5000","stack":null}
{"timestamp":"2025-04-22 15:05:10","level":"\u001b[32MINFO\u001b[39M","message":"✅ MongoDB Connected Successfully","stack":null}
{"timestamp":"2025-04-22 15:06:10","level":"\u001b[32MINFO\u001b[39M","message":"🚀 Server running on port 5000","stack":null}
{"timestamp":"2025-04-22 15:06:11","level":"\u001b[32MINFO\u001b[39M","message":"✅ MongoDB Connected Successfully","stack":null}
{"timestamp":"2025-04-22 15:06:42","level":"\u001b[32MINFO\u001b[39M","message":"🚀 Server running on port 5000","stack":null}
{"timestamp":"2025-04-22 15:06:42","level":"\u001b[32MINFO\u001b[39M","message":"✅ MongoDB Connected Successfully","stack":null}
{"timestamp":"2025-04-22 15:07:09","level":"\u001b[32MINFO\u001b[39M","message":"🚀 Server running on port 5000","stack":null}
{"timestamp":"2025-04-22 15:07:09","level":"\u001b[32MINFO\u001b[39M","message":"✅ MongoDB Connected Successfully","stack":null}
{"timestamp":"2025-04-22 15:07:43","level":"\u001b[32MINFO\u001b[39M","message":"🚀 Server running on port 5000","stack":null}
{"timestamp":"2025-04-22 15:07:43","level":"\u001b[32MINFO\u001b[39M","message":"✅ MongoDB Connected Successfully","stack":null}
{"timestamp":"2025-04-22 15:08:18","level":"\u001b[32MINFO\u001b[39M","message":"🚀 Server running on port 5000","stack":null}
{"timestamp":"2025-04-22 15:08:18","level":"\u001b[32MINFO\u001b[39M","message":"✅ MongoDB Connected Successfully","stack":null}
{"timestamp":"2025-04-22 15:09:33","level":"\u001b[32MINFO\u001b[39M","message":"🚀 Server running on port 5000","stack":null}
{"timestamp":"2025-04-22 15:09:33","level":"\u001b[32MINFO\u001b[39M","message":"✅ MongoDB Connected Successfully","stack":null}
{"timestamp":"2025-04-22 15:09:59","level":"\u001b[32MINFO\u001b[39M","message":"🚀 Server running on port 5000","stack":null}
{"timestamp":"2025-04-22 15:09:59","level":"\u001b[32MINFO\u001b[39M","message":"✅ MongoDB Connected Successfully","stack":null}
{"timestamp":"2025-04-22 15:10:53","level":"\u001b[32MINFO\u001b[39M","message":"🚀 Server running on port 5000","stack":null}
{"timestamp":"2025-04-22 15:10:53","level":"\u001b[32MINFO\u001b[39M","message":"✅ MongoDB Connected Successfully","stack":null}
{"timestamp":"2025-04-22 15:11:05","level":"\u001b[32MINFO\u001b[39M","message":"🚀 Server running on port 5000","stack":null}
{"timestamp":"2025-04-22 15:11:05","level":"\u001b[32MINFO\u001b[39M","message":"✅ MongoDB Connected Successfully","stack":null}
{"timestamp":"2025-04-22 15:11:05","level":"\u001b[32MINFO\u001b[39M","message":"Default roles initialized","stack":null}
{"timestamp":"2025-04-22 17:44:34","level":"\u001b[32MINFO\u001b[39M","message":"✅ MongoDB Connected Successfully","stack":null}
{"timestamp":"2025-04-22 17:50:11","level":"\u001b[32MINFO\u001b[39M","message":"✅ MongoDB Connected Successfully","stack":null}
{"timestamp":"2025-04-22 17:55:42","level":"\u001b[32MINFO\u001b[39M","message":"✅ MongoDB Connected Successfully","stack":null}
{"timestamp":"2025-04-22 17:56:15","level":"\u001b[32MINFO\u001b[39M","message":"✅ MongoDB Connected Successfully","stack":null}
{"timestamp":"2025-04-22 17:58:44","level":"\u001b[32MINFO\u001b[39M","message":"✅ MongoDB Connected Successfully","stack":null}
{"timestamp":"2025-04-22 18:00:12","level":"\u001b[32MINFO\u001b[39M","message":"✅ MongoDB Connected Successfully","stack":null}
{"timestamp":"2025-04-22 18:02:07","level":"\u001b[32MINFO\u001b[39M","message":"✅ MongoDB Connected Successfully","stack":null}
{"timestamp":"2025-04-22 18:03:03","level":"\u001b[32MINFO\u001b[39M","message":"✅ MongoDB Connected Successfully","stack":null}
{"timestamp":"2025-04-22 18:03:49","level":"\u001b[32MINFO\u001b[39M","message":"✅ MongoDB Connected Successfully","stack":null}
{"timestamp":"2025-04-22 18:05:16","level":"\u001b[32MINFO\u001b[39M","message":"✅ MongoDB Connected Successfully","stack":null}
{"timestamp":"2025-04-22 18:05:23","level":"\u001b[32MINFO\u001b[39M","message":"✅ MongoDB Connected Successfully","stack":null}
{"timestamp":"2025-04-22 18:07:19","level":"\u001b[32MINFO\u001b[39M","message":"🚀 Server running on port 5000","stack":null}
{"timestamp":"2025-04-22 18:07:19","level":"\u001b[32MINFO\u001b[39M","message":"✅ MongoDB Connected Successfully","stack":null}
{"timestamp":"2025-04-22 18:10:24","level":"\u001b[32MINFO\u001b[39M","message":"🚀 Server running on port 5000","stack":null}
{"timestamp":"2025-04-22 18:10:24","level":"\u001b[32MINFO\u001b[39M","message":"✅ MongoDB Connected Successfully","stack":null}
{"timestamp":"2025-04-22 18:10:32","level":"\u001b[32MINFO\u001b[39M","message":"🚀 Server running on port 5000","stack":null}
{"timestamp":"2025-04-22 18:10:32","level":"\u001b[32MINFO\u001b[39M","message":"✅ MongoDB Connected Successfully","stack":null}
{"timestamp":"2025-04-22 18:17:21","level":"\u001b[32MINFO\u001b[39M","message":"✅ MongoDB Connected Successfully","stack":null}
{"timestamp":"2025-04-22 18:17:22","level":"\u001b[32MINFO\u001b[39M","message":"Default roles initialized","stack":null}
{"timestamp":"2025-04-22 18:17:22","level":"\u001b[32MINFO\u001b[39M","message":"🚀 Server running on port 5000","stack":null}
{"timestamp":"2025-04-22 18:17:32","level":"\u001b[32MINFO\u001b[39M","message":"POST /api/users/register-super-admin","stack":null}
{"timestamp":"2025-04-22 18:17:32","level":"\u001b[32MINFO\u001b[39M","message":"Saving role: super_admin","stack":null}
{"timestamp":"2025-04-22 18:17:32","level":"\u001b[32MINFO\u001b[39M","message":"Hashed password for user: superadmin","stack":null}
{"timestamp":"2025-04-22 18:17:32","level":"\u001b[32MINFO\u001b[39M","message":"Saving user: superadmin","stack":null}
{"timestamp":"2025-04-22 18:17:32","level":"\u001b[32MINFO\u001b[39M","message":"Super admin registered: superadmin","stack":null}
{"timestamp":"2025-04-22 18:19:42","level":"\u001b[32MINFO\u001b[39M","message":"POST /api/users/login","stack":null}
{"timestamp":"2025-04-22 18:19:42","level":"\u001b[33MWARN\u001b[39M","message":"User login validation failed","stack":null}
{"timestamp":"2025-04-22 18:19:42","level":"\u001b[31MERROR\u001b[39M","message":"❗ Error: Invalid input data","stack":null}
{"timestamp":"2025-04-22 18:19:42","level":"\u001b[31MERROR\u001b[39M","message":"Error: Invalid input data\n    at exports.login (E:\\Exilance-Project\\Gandhi Motars\\vehicle-quotation-system\\controllers\\userController.js:157:19)\n    at Layer.handleRequest (E:\\Exilance-Project\\Gandhi Motars\\vehicle-quotation-system\\node_modules\\router\\lib\\layer.js:152:17)\n    at next (E:\\Exilance-Project\\Gandhi Motars\\vehicle-quotation-system\\node_modules\\router\\lib\\route.js:157:13)\n    at Route.dispatch (E:\\Exilance-Project\\Gandhi Motars\\vehicle-quotation-system\\node_modules\\router\\lib\\route.js:117:3)\n    at handle (E:\\Exilance-Project\\Gandhi Motars\\vehicle-quotation-system\\node_modules\\router\\index.js:435:11)\n    at Layer.handleRequest (E:\\Exilance-Project\\Gandhi Motars\\vehicle-quotation-system\\node_modules\\router\\lib\\layer.js:152:17)\n    at E:\\Exilance-Project\\Gandhi Motars\\vehicle-quotation-system\\node_modules\\router\\index.js:295:15\n    at processParams (E:\\Exilance-Project\\Gandhi Motars\\vehicle-quotation-system\\node_modules\\router\\index.js:582:12)\n    at next (E:\\Exilance-Project\\Gandhi Motars\\vehicle-quotation-system\\node_modules\\router\\index.js:291:5)\n    at Function.handle (E:\\Exilance-Project\\Gandhi Motars\\vehicle-quotation-system\\node_modules\\router\\index.js:186:3)","stack":null}
{"timestamp":"2025-04-22 18:21:03","level":"\u001b[32MINFO\u001b[39M","message":"POST /api/users/login","stack":null}
{"timestamp":"2025-04-22 18:21:03","level":"\u001b[33MWARN\u001b[39M","message":"User login validation failed","stack":null}
{"timestamp":"2025-04-22 18:21:03","level":"\u001b[31MERROR\u001b[39M","message":"❗ Error: Invalid input data","stack":null}
{"timestamp":"2025-04-22 18:21:03","level":"\u001b[31MERROR\u001b[39M","message":"Error: Invalid input data\n    at exports.login (E:\\Exilance-Project\\Gandhi Motars\\vehicle-quotation-system\\controllers\\userController.js:157:19)\n    at Layer.handleRequest (E:\\Exilance-Project\\Gandhi Motars\\vehicle-quotation-system\\node_modules\\router\\lib\\layer.js:152:17)\n    at next (E:\\Exilance-Project\\Gandhi Motars\\vehicle-quotation-system\\node_modules\\router\\lib\\route.js:157:13)\n    at Route.dispatch (E:\\Exilance-Project\\Gandhi Motars\\vehicle-quotation-system\\node_modules\\router\\lib\\route.js:117:3)\n    at handle (E:\\Exilance-Project\\Gandhi Motars\\vehicle-quotation-system\\node_modules\\router\\index.js:435:11)\n    at Layer.handleRequest (E:\\Exilance-Project\\Gandhi Motars\\vehicle-quotation-system\\node_modules\\router\\lib\\layer.js:152:17)\n    at E:\\Exilance-Project\\Gandhi Motars\\vehicle-quotation-system\\node_modules\\router\\index.js:295:15\n    at processParams (E:\\Exilance-Project\\Gandhi Motars\\vehicle-quotation-system\\node_modules\\router\\index.js:582:12)\n    at next (E:\\Exilance-Project\\Gandhi Motars\\vehicle-quotation-system\\node_modules\\router\\index.js:291:5)\n    at Function.handle (E:\\Exilance-Project\\Gandhi Motars\\vehicle-quotation-system\\node_modules\\router\\index.js:186:3)","stack":null}
{"timestamp":"2025-04-22 18:29:09","level":"\u001b[32MINFO\u001b[39M","message":"✅ MongoDB Connected Successfully","stack":null}
{"timestamp":"2025-04-22 18:29:09","level":"\u001b[32MINFO\u001b[39M","message":"Default roles initialized","stack":null}
{"timestamp":"2025-04-22 18:29:09","level":"\u001b[32MINFO\u001b[39M","message":"🚀 Server running on port 5000","stack":null}
{"timestamp":"2025-04-22 18:29:37","level":"\u001b[32MINFO\u001b[39M","message":"✅ MongoDB Connected Successfully","stack":null}
{"timestamp":"2025-04-22 18:29:37","level":"\u001b[32MINFO\u001b[39M","message":"Default roles initialized","stack":null}
{"timestamp":"2025-04-22 18:29:37","level":"\u001b[32MINFO\u001b[39M","message":"🚀 Server running on port 5000","stack":null}
