{"timestamp":"2025-07-30 18:09:21","level":"\u001b[32MINFO\u001b[39M","message":"Starting server initialization...","stack":null}
{"timestamp":"2025-07-30 18:09:21","level":"\u001b[32MINFO\u001b[39M","message":"Connecting to MongoDB...","stack":null}
{"timestamp":"2025-07-30 18:09:22","level":"\u001b[32MINFO\u001b[39M","message":"✅ MongoDB Connected Successfully","stack":null}
{"timestamp":"2025-07-30 18:09:22","level":"\u001b[32MINFO\u001b[39M","message":"Initializing roles...","stack":null}
{"timestamp":"2025-07-30 18:09:22","level":"\u001b[32MINFO\u001b[39M","message":"Default roles initialized","stack":null}
{"timestamp":"2025-07-30 18:09:22","level":"\u001b[32MINFO\u001b[39M","message":"Server running on port 5000","stack":null}
{"timestamp":"2025-07-30 18:09:22","level":"\u001b[32MINFO\u001b[39M","message":"Environment: development","stack":null}
{"timestamp":"2025-07-30 18:12:59","level":"\u001b[32MINFO\u001b[39M","message":"GET /api/csv/export-template?type=ICE&branch_id=681dd77b729bcfb7d193229c","stack":null}
{"timestamp":"2025-07-30 18:12:59","level":"\u001b[31MERROR\u001b[39M","message":"Error verifying token: jwt expired","stack":"TokenExpiredError: jwt expired\n    at E:\\Exilance-Project\\Gandhi Motars - Copy\\vehicle-quotation-system - Copy\\node_modules\\jsonwebtoken\\verify.js:190:21\n    at getSecret (E:\\Exilance-Project\\Gandhi Motars - Copy\\vehicle-quotation-system - Copy\\node_modules\\jsonwebtoken\\verify.js:97:14)\n    at module.exports [as verify] (E:\\Exilance-Project\\Gandhi Motars - Copy\\vehicle-quotation-system - Copy\\node_modules\\jsonwebtoken\\verify.js:101:10)\n    at exports.protect (E:\\Exilance-Project\\Gandhi Motars - Copy\\vehicle-quotation-system - Copy\\middlewares\\auth.js:22:25)\n    at Layer.handleRequest (E:\\Exilance-Project\\Gandhi Motars - Copy\\vehicle-quotation-system - Copy\\node_modules\\router\\lib\\layer.js:152:17)\n    at next (E:\\Exilance-Project\\Gandhi Motars - Copy\\vehicle-quotation-system - Copy\\node_modules\\router\\lib\\route.js:157:13)\n    at Route.dispatch (E:\\Exilance-Project\\Gandhi Motars - Copy\\vehicle-quotation-system - Copy\\node_modules\\router\\lib\\route.js:117:3)\n    at handle (E:\\Exilance-Project\\Gandhi Motars - Copy\\vehicle-quotation-system - Copy\\node_modules\\router\\index.js:435:11)\n    at Layer.handleRequest (E:\\Exilance-Project\\Gandhi Motars - Copy\\vehicle-quotation-system - Copy\\node_modules\\router\\lib\\layer.js:152:17)\n    at E:\\Exilance-Project\\Gandhi Motars - Copy\\vehicle-quotation-system - Copy\\node_modules\\router\\index.js:295:15\n    at processParams (E:\\Exilance-Project\\Gandhi Motars - Copy\\vehicle-quotation-system - Copy\\node_modules\\router\\index.js:582:12)\n    at next (E:\\Exilance-Project\\Gandhi Motars - Copy\\vehicle-quotation-system - Copy\\node_modules\\router\\index.js:291:5)\n    at Function.handle (E:\\Exilance-Project\\Gandhi Motars - Copy\\vehicle-quotation-system - Copy\\node_modules\\router\\index.js:186:3)\n    at router (E:\\Exilance-Project\\Gandhi Motars - Copy\\vehicle-quotation-system - Copy\\node_modules\\router\\index.js:60:12)\n    at Layer.handleRequest (E:\\Exilance-Project\\Gandhi Motars - Copy\\vehicle-quotation-system - Copy\\node_modules\\router\\lib\\layer.js:152:17)\n    at trimPrefix (E:\\Exilance-Project\\Gandhi Motars - Copy\\vehicle-quotation-system - Copy\\node_modules\\router\\index.js:342:13)"}
{"timestamp":"2025-07-30 18:12:59","level":"\u001b[31MERROR\u001b[39M","message":"Error: Not authorized to access this route","stack":null}
{"timestamp":"2025-07-30 18:12:59","level":"\u001b[31MERROR\u001b[39M","message":"Error: Not authorized to access this route\n    at exports.protect (E:\\Exilance-Project\\Gandhi Motars - Copy\\vehicle-quotation-system - Copy\\middlewares\\auth.js:36:17)\n    at Layer.handleRequest (E:\\Exilance-Project\\Gandhi Motars - Copy\\vehicle-quotation-system - Copy\\node_modules\\router\\lib\\layer.js:152:17)\n    at next (E:\\Exilance-Project\\Gandhi Motars - Copy\\vehicle-quotation-system - Copy\\node_modules\\router\\lib\\route.js:157:13)\n    at Route.dispatch (E:\\Exilance-Project\\Gandhi Motars - Copy\\vehicle-quotation-system - Copy\\node_modules\\router\\lib\\route.js:117:3)\n    at handle (E:\\Exilance-Project\\Gandhi Motars - Copy\\vehicle-quotation-system - Copy\\node_modules\\router\\index.js:435:11)\n    at Layer.handleRequest (E:\\Exilance-Project\\Gandhi Motars - Copy\\vehicle-quotation-system - Copy\\node_modules\\router\\lib\\layer.js:152:17)\n    at E:\\Exilance-Project\\Gandhi Motars - Copy\\vehicle-quotation-system - Copy\\node_modules\\router\\index.js:295:15\n    at processParams (E:\\Exilance-Project\\Gandhi Motars - Copy\\vehicle-quotation-system - Copy\\node_modules\\router\\index.js:582:12)\n    at next (E:\\Exilance-Project\\Gandhi Motars - Copy\\vehicle-quotation-system - Copy\\node_modules\\router\\index.js:291:5)\n    at Function.handle (E:\\Exilance-Project\\Gandhi Motars - Copy\\vehicle-quotation-system - Copy\\node_modules\\router\\index.js:186:3)\n    at router (E:\\Exilance-Project\\Gandhi Motars - Copy\\vehicle-quotation-system - Copy\\node_modules\\router\\index.js:60:12)\n    at Layer.handleRequest (E:\\Exilance-Project\\Gandhi Motars - Copy\\vehicle-quotation-system - Copy\\node_modules\\router\\lib\\layer.js:152:17)\n    at trimPrefix (E:\\Exilance-Project\\Gandhi Motars - Copy\\vehicle-quotation-system - Copy\\node_modules\\router\\index.js:342:13)\n    at E:\\Exilance-Project\\Gandhi Motars - Copy\\vehicle-quotation-system - Copy\\node_modules\\router\\index.js:297:9\n    at processParams (E:\\Exilance-Project\\Gandhi Motars - Copy\\vehicle-quotation-system - Copy\\node_modules\\router\\index.js:582:12)\n    at next (E:\\Exilance-Project\\Gandhi Motars - Copy\\vehicle-quotation-system - Copy\\node_modules\\router\\index.js:291:5)","stack":null}
{"timestamp":"2025-07-30 18:13:45","level":"\u001b[32MINFO\u001b[39M","message":"POST /api/users/login","stack":null}
{"timestamp":"2025-07-30 18:13:45","level":"\u001b[32MINFO\u001b[39M","message":"Saving user: sales7","stack":null}
{"timestamp":"2025-07-30 18:13:47","level":"\u001b[32MINFO\u001b[39M","message":"OTP sent to 7588192394 OTP sent successfully","stack":null}
{"timestamp":"2025-07-30 18:14:15","level":"\u001b[32MINFO\u001b[39M","message":"POST /api/users/verify-otp","stack":null}
{"timestamp":"2025-07-30 18:14:15","level":"\u001b[32MINFO\u001b[39M","message":"Saving user: sales7","stack":null}
{"timestamp":"2025-07-30 18:14:15","level":"\u001b[32MINFO\u001b[39M","message":"Saving user: sales7","stack":null}
{"timestamp":"2025-07-30 18:14:15","level":"\u001b[32MINFO\u001b[39M","message":"User logged in: 7588192394","stack":null}
{"timestamp":"2025-07-30 18:14:40","level":"\u001b[32MINFO\u001b[39M","message":"GET /api/csv/export-template?type=ICE&branch_id=681dd77b729bcfb7d193229c","stack":null}
{"timestamp":"2025-07-30 18:19:21","level":"\u001b[32MINFO\u001b[39M","message":"GET /api/csv/export-template?type=ICE&branch_id=681dd77b729bcfb7d193229c","stack":null}
{"timestamp":"2025-07-30 18:20:38","level":"\u001b[32MINFO\u001b[39M","message":"GET /api/csv/export-template?type=ICE&branch_id=681dd77b729bcfb7d193229c","stack":null}
{"timestamp":"2025-07-30 18:21:30","level":"\u001b[32MINFO\u001b[39M","message":"GET /api/csv/export-template?type=ICE&branch_id=681dd77b729bcfb7d193229c","stack":null}
{"timestamp":"2025-07-30 19:57:15","level":"\u001b[32MINFO\u001b[39M","message":"GET /","stack":null}
{"timestamp":"2025-07-30 19:57:36","level":"\u001b[32MINFO\u001b[39M","message":"GET /","stack":null}
{"timestamp":"2025-07-30 19:57:37","level":"\u001b[32MINFO\u001b[39M","message":"GET /loginMsg.js","stack":null}
{"timestamp":"2025-07-30 19:57:37","level":"\u001b[32MINFO\u001b[39M","message":"GET /cgi/get.cgi?cmd=home_login","stack":null}
{"timestamp":"2025-07-30 23:45:16","level":"\u001b[32MINFO\u001b[39M","message":"Starting server initialization...","stack":null}
{"timestamp":"2025-07-30 23:45:16","level":"\u001b[32MINFO\u001b[39M","message":"Connecting to MongoDB...","stack":null}
{"timestamp":"2025-07-30 23:45:16","level":"\u001b[32MINFO\u001b[39M","message":"✅ MongoDB Connected Successfully","stack":null}
{"timestamp":"2025-07-30 23:45:16","level":"\u001b[32MINFO\u001b[39M","message":"Initializing roles...","stack":null}
{"timestamp":"2025-07-30 23:45:17","level":"\u001b[32MINFO\u001b[39M","message":"Default roles initialized","stack":null}
{"timestamp":"2025-07-30 23:45:17","level":"\u001b[32MINFO\u001b[39M","message":"Server running on port 5000","stack":null}
{"timestamp":"2025-07-30 23:45:17","level":"\u001b[32MINFO\u001b[39M","message":"Environment: development","stack":null}
