{"timestamp":"2025-05-16 09:45:37","level":"\u001b[32MINFO\u001b[39M","message":"Starting server initialization...","stack":null}
{"timestamp":"2025-05-16 09:45:37","level":"\u001b[32MINFO\u001b[39M","message":"Connecting to MongoDB...","stack":null}
{"timestamp":"2025-05-16 09:45:37","level":"\u001b[32MINFO\u001b[39M","message":"✅ MongoDB Connected Successfully","stack":null}
{"timestamp":"2025-05-16 09:45:37","level":"\u001b[32MINFO\u001b[39M","message":"Initializing roles...","stack":null}
{"timestamp":"2025-05-16 09:45:38","level":"\u001b[32MINFO\u001b[39M","message":"Default roles initialized","stack":null}
{"timestamp":"2025-05-16 09:45:38","level":"\u001b[32MINFO\u001b[39M","message":"Server running on port 5002","stack":null}
{"timestamp":"2025-05-16 09:45:38","level":"\u001b[32MINFO\u001b[39M","message":"Environment: development","stack":null}
{"timestamp":"2025-05-16 09:45:38","level":"\u001b[32MINFO\u001b[39M","message":"Email transporter is ready","stack":null}
{"timestamp":"2025-05-16 09:56:05","level":"\u001b[32MINFO\u001b[39M","message":"POST /api/quotations","stack":null}
{"timestamp":"2025-05-16 09:56:06","level":"\u001b[31MERROR\u001b[39M","message":"Error: User not found","stack":null}
{"timestamp":"2025-05-16 09:56:06","level":"\u001b[31MERROR\u001b[39M","message":"Error: User not found\n    at exports.protect (E:\\Exilance-Project\\Gandhi Motars - Copy\\vehicle-quotation-system\\middlewares\\auth.js:30:19)\n    at process.processTicksAndRejections (node:internal/process/task_queues:95:5)","stack":null}
{"timestamp":"2025-05-16 09:56:47","level":"\u001b[32MINFO\u001b[39M","message":"POST /api/users/login","stack":null}
{"timestamp":"2025-05-16 09:56:47","level":"\u001b[32MINFO\u001b[39M","message":"Saving user: sales7","stack":null}
{"timestamp":"2025-05-16 09:56:50","level":"\u001b[32MINFO\u001b[39M","message":"OTP sent to exilancesoft@gmail.com","stack":null}
{"timestamp":"2025-05-16 09:56:50","level":"\u001b[32MINFO\u001b[39M","message":"OTP sent to user: exilancesoft@gmail.com","stack":null}
{"timestamp":"2025-05-16 09:57:24","level":"\u001b[32MINFO\u001b[39M","message":"POST /api/users/verify-otp","stack":null}
{"timestamp":"2025-05-16 09:57:24","level":"\u001b[32MINFO\u001b[39M","message":"Saving user: sales7","stack":null}
{"timestamp":"2025-05-16 09:57:24","level":"\u001b[32MINFO\u001b[39M","message":"Saving user: sales7","stack":null}
{"timestamp":"2025-05-16 09:57:24","level":"\u001b[32MINFO\u001b[39M","message":"User logged in: exilancesoft@gmail.com","stack":null}
{"timestamp":"2025-05-16 09:57:58","level":"\u001b[32MINFO\u001b[39M","message":"POST /api/quotations","stack":null}
{"timestamp":"2025-05-16 09:57:58","level":"\u001b[32MINFO\u001b[39M","message":"Fetched 12 finance documents","stack":null}
{"timestamp":"2025-05-16 10:04:08","level":"\u001b[32MINFO\u001b[39M","message":"POST /api/quotations","stack":null}
{"timestamp":"2025-05-16 10:04:08","level":"\u001b[32MINFO\u001b[39M","message":"Fetched 12 finance documents","stack":null}
{"timestamp":"2025-05-16 10:05:48","level":"\u001b[32MINFO\u001b[39M","message":"POST /api/quotations","stack":null}
{"timestamp":"2025-05-16 10:05:48","level":"\u001b[32MINFO\u001b[39M","message":"Fetched 12 finance documents","stack":null}
{"timestamp":"2025-05-16 10:08:03","level":"\u001b[32MINFO\u001b[39M","message":"POST /api/quotations","stack":null}
{"timestamp":"2025-05-16 10:08:03","level":"\u001b[32MINFO\u001b[39M","message":"Fetched 12 finance documents","stack":null}
{"timestamp":"2025-05-16 10:09:26","level":"\u001b[32MINFO\u001b[39M","message":"POST /api/quotations","stack":null}
{"timestamp":"2025-05-16 10:09:26","level":"\u001b[32MINFO\u001b[39M","message":"Fetched 12 finance documents","stack":null}
{"timestamp":"2025-05-16 10:10:29","level":"\u001b[32MINFO\u001b[39M","message":"POST /api/quotations","stack":null}
{"timestamp":"2025-05-16 10:10:29","level":"\u001b[32MINFO\u001b[39M","message":"Fetched 12 finance documents","stack":null}
{"timestamp":"2025-05-16 10:12:20","level":"\u001b[32MINFO\u001b[39M","message":"POST /api/quotations","stack":null}
{"timestamp":"2025-05-16 10:12:20","level":"\u001b[32MINFO\u001b[39M","message":"Fetched 12 finance documents","stack":null}
{"timestamp":"2025-05-16 10:17:29","level":"\u001b[32MINFO\u001b[39M","message":"POST /api/quotations","stack":null}
{"timestamp":"2025-05-16 10:17:29","level":"\u001b[32MINFO\u001b[39M","message":"Fetched 12 finance documents","stack":null}
{"timestamp":"2025-05-16 10:20:26","level":"\u001b[32MINFO\u001b[39M","message":"POST /api/quotations","stack":null}
{"timestamp":"2025-05-16 10:20:26","level":"\u001b[32MINFO\u001b[39M","message":"Fetched 12 finance documents","stack":null}
{"timestamp":"2025-05-16 10:21:17","level":"\u001b[32MINFO\u001b[39M","message":"POST /api/quotations","stack":null}
{"timestamp":"2025-05-16 10:21:17","level":"\u001b[32MINFO\u001b[39M","message":"Fetched 12 finance documents","stack":null}
{"timestamp":"2025-05-16 10:22:18","level":"\u001b[32MINFO\u001b[39M","message":"POST /api/quotations","stack":null}
{"timestamp":"2025-05-16 10:22:18","level":"\u001b[32MINFO\u001b[39M","message":"Fetched 12 finance documents","stack":null}
{"timestamp":"2025-05-16 10:22:18","level":"\u001b[31MERROR\u001b[39M","message":"PDF generation error: #if requires exactly one argument","stack":"Error: #if requires exactly one argument\n    at Object.<anonymous> (E:\\Exilance-Project\\Gandhi Motars - Copy\\vehicle-quotation-system\\node_modules\\handlebars\\dist\\cjs\\handlebars\\helpers\\if.js:17:13)\n    at Object.wrapper (E:\\Exilance-Project\\Gandhi Motars - Copy\\vehicle-quotation-system\\node_modules\\handlebars\\dist\\cjs\\handlebars\\internal\\wrapHelper.js:15:19)\n    at eval (eval at createFunctionContext (E:\\Exilance-Project\\Gandhi Motars - Copy\\vehicle-quotation-system\\node_modules\\handlebars\\dist\\cjs\\handlebars\\compiler\\javascript-compiler.js:262:23), <anonymous>:11:47)\n    at Object.prog [as inverse] (E:\\Exilance-Project\\Gandhi Motars - Copy\\vehicle-quotation-system\\node_modules\\handlebars\\dist\\cjs\\handlebars\\runtime.js:268:12)\n    at Object.<anonymous> (E:\\Exilance-Project\\Gandhi Motars - Copy\\vehicle-quotation-system\\node_modules\\handlebars\\dist\\cjs\\handlebars\\helpers\\if.js:27:22)\n    at Object.<anonymous> (E:\\Exilance-Project\\Gandhi Motars - Copy\\vehicle-quotation-system\\node_modules\\handlebars\\dist\\cjs\\handlebars\\helpers\\if.js:37:35)\n    at Object.wrapper (E:\\Exilance-Project\\Gandhi Motars - Copy\\vehicle-quotation-system\\node_modules\\handlebars\\dist\\cjs\\handlebars\\internal\\wrapHelper.js:15:19)\n    at eval (eval at createFunctionContext (E:\\Exilance-Project\\Gandhi Motars - Copy\\vehicle-quotation-system\\node_modules\\handlebars\\dist\\cjs\\handlebars\\compiler\\javascript-compiler.js:262:23), <anonymous>:10:54)\n    at prog (E:\\Exilance-Project\\Gandhi Motars - Copy\\vehicle-quotation-system\\node_modules\\handlebars\\dist\\cjs\\handlebars\\runtime.js:268:12)\n    at execIteration (E:\\Exilance-Project\\Gandhi Motars - Copy\\vehicle-quotation-system\\node_modules\\handlebars\\dist\\cjs\\handlebars\\helpers\\each.js:51:19)"}
{"timestamp":"2025-05-16 10:22:18","level":"\u001b[31MERROR\u001b[39M","message":"Error in quotation preparation: PDF generation failed: #if requires exactly one argument","stack":null}
{"timestamp":"2025-05-16 10:22:18","level":"\u001b[31MERROR\u001b[39M","message":"Error: PDF generation failed: #if requires exactly one argument","stack":null}
{"timestamp":"2025-05-16 10:22:18","level":"\u001b[31MERROR\u001b[39M","message":"Error: PDF generation failed: #if requires exactly one argument\n    at Object.generateQuotationPDF (E:\\Exilance-Project\\Gandhi Motars - Copy\\vehicle-quotation-system\\utils\\pdfGenerator.js:179:11)\n    at exports.createQuotation (E:\\Exilance-Project\\Gandhi Motars - Copy\\vehicle-quotation-system\\controllers\\quotationController.js:384:24)\n    at process.processTicksAndRejections (node:internal/process/task_queues:95:5)","stack":null}
{"timestamp":"2025-05-16 10:23:01","level":"\u001b[32MINFO\u001b[39M","message":"POST /api/quotations","stack":null}
{"timestamp":"2025-05-16 10:23:01","level":"\u001b[32MINFO\u001b[39M","message":"Fetched 12 finance documents","stack":null}
{"timestamp":"2025-05-16 10:26:46","level":"\u001b[32MINFO\u001b[39M","message":"SIGINT RECEIVED. Shutting down gracefully...","stack":null}
{"timestamp":"2025-05-16 10:27:05","level":"\u001b[32MINFO\u001b[39M","message":"Starting server initialization...","stack":null}
{"timestamp":"2025-05-16 10:27:05","level":"\u001b[32MINFO\u001b[39M","message":"Connecting to MongoDB...","stack":null}
{"timestamp":"2025-05-16 10:27:06","level":"\u001b[32MINFO\u001b[39M","message":"✅ MongoDB Connected Successfully","stack":null}
{"timestamp":"2025-05-16 10:27:06","level":"\u001b[32MINFO\u001b[39M","message":"Initializing roles...","stack":null}
{"timestamp":"2025-05-16 10:27:06","level":"\u001b[32MINFO\u001b[39M","message":"Default roles initialized","stack":null}
{"timestamp":"2025-05-16 10:27:06","level":"\u001b[32MINFO\u001b[39M","message":"Server running on port 5002","stack":null}
{"timestamp":"2025-05-16 10:27:06","level":"\u001b[32MINFO\u001b[39M","message":"Environment: development","stack":null}
{"timestamp":"2025-05-16 10:27:10","level":"\u001b[32MINFO\u001b[39M","message":"POST /api/quotations","stack":null}
{"timestamp":"2025-05-16 10:27:10","level":"\u001b[32MINFO\u001b[39M","message":"Fetched 12 finance documents","stack":null}
{"timestamp":"2025-05-16 10:27:11","level":"\u001b[31MERROR\u001b[39M","message":"PDF generation error: #if requires exactly one argument","stack":"Error: #if requires exactly one argument\n    at Object.<anonymous> (E:\\Exilance-Project\\Gandhi Motars - Copy\\vehicle-quotation-system\\node_modules\\handlebars\\dist\\cjs\\handlebars\\helpers\\if.js:17:13)\n    at Object.wrapper (E:\\Exilance-Project\\Gandhi Motars - Copy\\vehicle-quotation-system\\node_modules\\handlebars\\dist\\cjs\\handlebars\\internal\\wrapHelper.js:15:19)\n    at eval (eval at createFunctionContext (E:\\Exilance-Project\\Gandhi Motars - Copy\\vehicle-quotation-system\\node_modules\\handlebars\\dist\\cjs\\handlebars\\compiler\\javascript-compiler.js:262:23), <anonymous>:11:47)\n    at prog (E:\\Exilance-Project\\Gandhi Motars - Copy\\vehicle-quotation-system\\node_modules\\handlebars\\dist\\cjs\\handlebars\\runtime.js:268:12)\n    at execIteration (E:\\Exilance-Project\\Gandhi Motars - Copy\\vehicle-quotation-system\\node_modules\\handlebars\\dist\\cjs\\handlebars\\helpers\\each.js:51:19)\n    at Object.<anonymous> (E:\\Exilance-Project\\Gandhi Motars - Copy\\vehicle-quotation-system\\node_modules\\handlebars\\dist\\cjs\\handlebars\\helpers\\each.js:61:13)\n    at Object.wrapper (E:\\Exilance-Project\\Gandhi Motars - Copy\\vehicle-quotation-system\\node_modules\\handlebars\\dist\\cjs\\handlebars\\internal\\wrapHelper.js:15:19)\n    at eval (eval at createFunctionContext (E:\\Exilance-Project\\Gandhi Motars - Copy\\vehicle-quotation-system\\node_modules\\handlebars\\dist\\cjs\\handlebars\\compiler\\javascript-compiler.js:262:23), <anonymous>:10:52)\n    at Object.prog [as fn] (E:\\Exilance-Project\\Gandhi Motars - Copy\\vehicle-quotation-system\\node_modules\\handlebars\\dist\\cjs\\handlebars\\runtime.js:268:12)\n    at Object.<anonymous> (E:\\Exilance-Project\\Gandhi Motars - Copy\\vehicle-quotation-system\\node_modules\\handlebars\\dist\\cjs\\handlebars\\helpers\\if.js:29:22)"}
{"timestamp":"2025-05-16 10:27:11","level":"\u001b[31MERROR\u001b[39M","message":"Error in quotation preparation: PDF generation failed: #if requires exactly one argument","stack":null}
{"timestamp":"2025-05-16 10:27:11","level":"\u001b[31MERROR\u001b[39M","message":"Error: PDF generation failed: #if requires exactly one argument","stack":null}
{"timestamp":"2025-05-16 10:27:11","level":"\u001b[31MERROR\u001b[39M","message":"Error: PDF generation failed: #if requires exactly one argument\n    at Object.generateQuotationPDF (E:\\Exilance-Project\\Gandhi Motars - Copy\\vehicle-quotation-system\\utils\\pdfGenerator.js:179:11)\n    at exports.createQuotation (E:\\Exilance-Project\\Gandhi Motars - Copy\\vehicle-quotation-system\\controllers\\quotationController.js:384:24)\n    at process.processTicksAndRejections (node:internal/process/task_queues:95:5)","stack":null}
{"timestamp":"2025-05-16 10:27:34","level":"\u001b[32MINFO\u001b[39M","message":"POST /api/quotations","stack":null}
{"timestamp":"2025-05-16 10:27:34","level":"\u001b[32MINFO\u001b[39M","message":"Fetched 12 finance documents","stack":null}
{"timestamp":"2025-05-16 10:27:35","level":"\u001b[31MERROR\u001b[39M","message":"PDF generation error: #if requires exactly one argument","stack":"Error: #if requires exactly one argument\n    at Object.<anonymous> (E:\\Exilance-Project\\Gandhi Motars - Copy\\vehicle-quotation-system\\node_modules\\handlebars\\dist\\cjs\\handlebars\\helpers\\if.js:17:13)\n    at Object.wrapper (E:\\Exilance-Project\\Gandhi Motars - Copy\\vehicle-quotation-system\\node_modules\\handlebars\\dist\\cjs\\handlebars\\internal\\wrapHelper.js:15:19)\n    at eval (eval at createFunctionContext (E:\\Exilance-Project\\Gandhi Motars - Copy\\vehicle-quotation-system\\node_modules\\handlebars\\dist\\cjs\\handlebars\\compiler\\javascript-compiler.js:262:23), <anonymous>:11:47)\n    at prog (E:\\Exilance-Project\\Gandhi Motars - Copy\\vehicle-quotation-system\\node_modules\\handlebars\\dist\\cjs\\handlebars\\runtime.js:268:12)\n    at execIteration (E:\\Exilance-Project\\Gandhi Motars - Copy\\vehicle-quotation-system\\node_modules\\handlebars\\dist\\cjs\\handlebars\\helpers\\each.js:51:19)\n    at Object.<anonymous> (E:\\Exilance-Project\\Gandhi Motars - Copy\\vehicle-quotation-system\\node_modules\\handlebars\\dist\\cjs\\handlebars\\helpers\\each.js:61:13)\n    at Object.wrapper (E:\\Exilance-Project\\Gandhi Motars - Copy\\vehicle-quotation-system\\node_modules\\handlebars\\dist\\cjs\\handlebars\\internal\\wrapHelper.js:15:19)\n    at eval (eval at createFunctionContext (E:\\Exilance-Project\\Gandhi Motars - Copy\\vehicle-quotation-system\\node_modules\\handlebars\\dist\\cjs\\handlebars\\compiler\\javascript-compiler.js:262:23), <anonymous>:10:52)\n    at Object.prog [as fn] (E:\\Exilance-Project\\Gandhi Motars - Copy\\vehicle-quotation-system\\node_modules\\handlebars\\dist\\cjs\\handlebars\\runtime.js:268:12)\n    at Object.<anonymous> (E:\\Exilance-Project\\Gandhi Motars - Copy\\vehicle-quotation-system\\node_modules\\handlebars\\dist\\cjs\\handlebars\\helpers\\if.js:29:22)"}
{"timestamp":"2025-05-16 10:27:35","level":"\u001b[31MERROR\u001b[39M","message":"Error in quotation preparation: PDF generation failed: #if requires exactly one argument","stack":null}
{"timestamp":"2025-05-16 10:27:35","level":"\u001b[31MERROR\u001b[39M","message":"Error: PDF generation failed: #if requires exactly one argument","stack":null}
{"timestamp":"2025-05-16 10:27:35","level":"\u001b[31MERROR\u001b[39M","message":"Error: PDF generation failed: #if requires exactly one argument\n    at Object.generateQuotationPDF (E:\\Exilance-Project\\Gandhi Motars - Copy\\vehicle-quotation-system\\utils\\pdfGenerator.js:179:11)\n    at exports.createQuotation (E:\\Exilance-Project\\Gandhi Motars - Copy\\vehicle-quotation-system\\controllers\\quotationController.js:384:24)\n    at process.processTicksAndRejections (node:internal/process/task_queues:95:5)","stack":null}
{"timestamp":"2025-05-16 10:27:55","level":"\u001b[32MINFO\u001b[39M","message":"POST /api/quotations","stack":null}
{"timestamp":"2025-05-16 10:27:55","level":"\u001b[32MINFO\u001b[39M","message":"Fetched 12 finance documents","stack":null}
{"timestamp":"2025-05-16 10:28:08","level":"\u001b[32MINFO\u001b[39M","message":"Email transporter is ready","stack":null}
{"timestamp":"2025-05-16 10:28:31","level":"\u001b[32MINFO\u001b[39M","message":"POST /api/quotations","stack":null}
{"timestamp":"2025-05-16 10:28:31","level":"\u001b[32MINFO\u001b[39M","message":"Fetched 12 finance documents","stack":null}
{"timestamp":"2025-05-16 10:28:32","level":"\u001b[31MERROR\u001b[39M","message":"PDF generation error: #if requires exactly one argument","stack":"Error: #if requires exactly one argument\n    at Object.<anonymous> (E:\\Exilance-Project\\Gandhi Motars - Copy\\vehicle-quotation-system\\node_modules\\handlebars\\dist\\cjs\\handlebars\\helpers\\if.js:17:13)\n    at Object.wrapper (E:\\Exilance-Project\\Gandhi Motars - Copy\\vehicle-quotation-system\\node_modules\\handlebars\\dist\\cjs\\handlebars\\internal\\wrapHelper.js:15:19)\n    at eval (eval at createFunctionContext (E:\\Exilance-Project\\Gandhi Motars - Copy\\vehicle-quotation-system\\node_modules\\handlebars\\dist\\cjs\\handlebars\\compiler\\javascript-compiler.js:262:23), <anonymous>:11:47)\n    at prog (E:\\Exilance-Project\\Gandhi Motars - Copy\\vehicle-quotation-system\\node_modules\\handlebars\\dist\\cjs\\handlebars\\runtime.js:268:12)\n    at execIteration (E:\\Exilance-Project\\Gandhi Motars - Copy\\vehicle-quotation-system\\node_modules\\handlebars\\dist\\cjs\\handlebars\\helpers\\each.js:51:19)\n    at Object.<anonymous> (E:\\Exilance-Project\\Gandhi Motars - Copy\\vehicle-quotation-system\\node_modules\\handlebars\\dist\\cjs\\handlebars\\helpers\\each.js:61:13)\n    at Object.wrapper (E:\\Exilance-Project\\Gandhi Motars - Copy\\vehicle-quotation-system\\node_modules\\handlebars\\dist\\cjs\\handlebars\\internal\\wrapHelper.js:15:19)\n    at eval (eval at createFunctionContext (E:\\Exilance-Project\\Gandhi Motars - Copy\\vehicle-quotation-system\\node_modules\\handlebars\\dist\\cjs\\handlebars\\compiler\\javascript-compiler.js:262:23), <anonymous>:10:52)\n    at Object.prog [as fn] (E:\\Exilance-Project\\Gandhi Motars - Copy\\vehicle-quotation-system\\node_modules\\handlebars\\dist\\cjs\\handlebars\\runtime.js:268:12)\n    at Object.<anonymous> (E:\\Exilance-Project\\Gandhi Motars - Copy\\vehicle-quotation-system\\node_modules\\handlebars\\dist\\cjs\\handlebars\\helpers\\if.js:29:22)"}
{"timestamp":"2025-05-16 10:28:32","level":"\u001b[31MERROR\u001b[39M","message":"Error in quotation preparation: PDF generation failed: #if requires exactly one argument","stack":null}
{"timestamp":"2025-05-16 10:28:32","level":"\u001b[31MERROR\u001b[39M","message":"Error: PDF generation failed: #if requires exactly one argument","stack":null}
{"timestamp":"2025-05-16 10:28:32","level":"\u001b[31MERROR\u001b[39M","message":"Error: PDF generation failed: #if requires exactly one argument\n    at Object.generateQuotationPDF (E:\\Exilance-Project\\Gandhi Motars - Copy\\vehicle-quotation-system\\utils\\pdfGenerator.js:179:11)\n    at exports.createQuotation (E:\\Exilance-Project\\Gandhi Motars - Copy\\vehicle-quotation-system\\controllers\\quotationController.js:384:24)\n    at process.processTicksAndRejections (node:internal/process/task_queues:95:5)","stack":null}
{"timestamp":"2025-05-16 10:28:54","level":"\u001b[32MINFO\u001b[39M","message":"POST /api/quotations","stack":null}
{"timestamp":"2025-05-16 10:28:54","level":"\u001b[32MINFO\u001b[39M","message":"Fetched 12 finance documents","stack":null}
{"timestamp":"2025-05-16 10:30:29","level":"\u001b[32MINFO\u001b[39M","message":"SIGINT RECEIVED. Shutting down gracefully...","stack":null}
{"timestamp":"2025-05-16 10:30:43","level":"\u001b[32MINFO\u001b[39M","message":"Starting server initialization...","stack":null}
{"timestamp":"2025-05-16 10:30:43","level":"\u001b[32MINFO\u001b[39M","message":"Connecting to MongoDB...","stack":null}
{"timestamp":"2025-05-16 10:30:44","level":"\u001b[32MINFO\u001b[39M","message":"✅ MongoDB Connected Successfully","stack":null}
{"timestamp":"2025-05-16 10:30:44","level":"\u001b[32MINFO\u001b[39M","message":"Initializing roles...","stack":null}
{"timestamp":"2025-05-16 10:30:44","level":"\u001b[32MINFO\u001b[39M","message":"Default roles initialized","stack":null}
{"timestamp":"2025-05-16 10:30:44","level":"\u001b[32MINFO\u001b[39M","message":"Server running on port 5002","stack":null}
{"timestamp":"2025-05-16 10:30:44","level":"\u001b[32MINFO\u001b[39M","message":"Environment: development","stack":null}
{"timestamp":"2025-05-16 10:30:47","level":"\u001b[32MINFO\u001b[39M","message":"POST /api/quotations","stack":null}
{"timestamp":"2025-05-16 10:30:47","level":"\u001b[32MINFO\u001b[39M","message":"Fetched 12 finance documents","stack":null}
{"timestamp":"2025-05-16 10:31:45","level":"\u001b[32MINFO\u001b[39M","message":"Email transporter is ready","stack":null}
{"timestamp":"2025-05-16 10:35:57","level":"\u001b[32MINFO\u001b[39M","message":"POST /api/quotations","stack":null}
{"timestamp":"2025-05-16 10:35:57","level":"\u001b[32MINFO\u001b[39M","message":"Fetched 12 finance documents","stack":null}
{"timestamp":"2025-05-16 10:41:44","level":"\u001b[32MINFO\u001b[39M","message":"Starting server initialization...","stack":null}
{"timestamp":"2025-05-16 10:41:44","level":"\u001b[32MINFO\u001b[39M","message":"Connecting to MongoDB...","stack":null}
{"timestamp":"2025-05-16 10:41:44","level":"\u001b[32MINFO\u001b[39M","message":"✅ MongoDB Connected Successfully","stack":null}
{"timestamp":"2025-05-16 10:41:44","level":"\u001b[32MINFO\u001b[39M","message":"Initializing roles...","stack":null}
{"timestamp":"2025-05-16 10:41:45","level":"\u001b[32MINFO\u001b[39M","message":"Default roles initialized","stack":null}
{"timestamp":"2025-05-16 10:41:45","level":"\u001b[32MINFO\u001b[39M","message":"Server running on port 5002","stack":null}
{"timestamp":"2025-05-16 10:41:45","level":"\u001b[32MINFO\u001b[39M","message":"Environment: development","stack":null}
{"timestamp":"2025-05-16 10:41:45","level":"\u001b[32MINFO\u001b[39M","message":"Email transporter is ready","stack":null}
{"timestamp":"2025-05-16 10:41:49","level":"\u001b[32MINFO\u001b[39M","message":"POST /api/quotations","stack":null}
{"timestamp":"2025-05-16 10:41:49","level":"\u001b[32MINFO\u001b[39M","message":"Fetched 12 finance documents","stack":null}
{"timestamp":"2025-05-16 10:49:48","level":"\u001b[32MINFO\u001b[39M","message":"SIGINT RECEIVED. Shutting down gracefully...","stack":null}
{"timestamp":"2025-05-16 10:50:00","level":"\u001b[32MINFO\u001b[39M","message":"Starting server initialization...","stack":null}
{"timestamp":"2025-05-16 10:50:00","level":"\u001b[32MINFO\u001b[39M","message":"Connecting to MongoDB...","stack":null}
{"timestamp":"2025-05-16 10:50:01","level":"\u001b[32MINFO\u001b[39M","message":"Email transporter is ready","stack":null}
{"timestamp":"2025-05-16 10:50:05","level":"\u001b[31MERROR\u001b[39M","message":"❌ MongoDB Connection Error:","stack":null}
{"timestamp":"2025-05-16 10:53:02","level":"\u001b[32MINFO\u001b[39M","message":"Starting server initialization...","stack":null}
{"timestamp":"2025-05-16 10:53:02","level":"\u001b[32MINFO\u001b[39M","message":"Connecting to MongoDB...","stack":null}
{"timestamp":"2025-05-16 10:53:03","level":"\u001b[32MINFO\u001b[39M","message":"✅ MongoDB Connected Successfully","stack":null}
{"timestamp":"2025-05-16 10:53:03","level":"\u001b[32MINFO\u001b[39M","message":"Initializing roles...","stack":null}
{"timestamp":"2025-05-16 10:53:03","level":"\u001b[32MINFO\u001b[39M","message":"Default roles initialized","stack":null}
{"timestamp":"2025-05-16 10:53:03","level":"\u001b[32MINFO\u001b[39M","message":"Server running on port 5002","stack":null}
{"timestamp":"2025-05-16 10:53:03","level":"\u001b[32MINFO\u001b[39M","message":"Environment: development","stack":null}
{"timestamp":"2025-05-16 10:53:05","level":"\u001b[32MINFO\u001b[39M","message":"Email transporter is ready","stack":null}
{"timestamp":"2025-05-16 10:53:43","level":"\u001b[32MINFO\u001b[39M","message":"POST /api/users/login","stack":null}
{"timestamp":"2025-05-16 10:53:44","level":"\u001b[32MINFO\u001b[39M","message":"Saving user: sales7","stack":null}
{"timestamp":"2025-05-16 10:53:47","level":"\u001b[32MINFO\u001b[39M","message":"OTP sent to exilancesoft@gmail.com","stack":null}
{"timestamp":"2025-05-16 10:53:47","level":"\u001b[32MINFO\u001b[39M","message":"OTP sent to user: exilancesoft@gmail.com","stack":null}
{"timestamp":"2025-05-16 10:54:21","level":"\u001b[32MINFO\u001b[39M","message":"POST /api/users/verify-otp","stack":null}
{"timestamp":"2025-05-16 10:54:21","level":"\u001b[32MINFO\u001b[39M","message":"Saving user: sales7","stack":null}
{"timestamp":"2025-05-16 10:54:21","level":"\u001b[32MINFO\u001b[39M","message":"Saving user: sales7","stack":null}
{"timestamp":"2025-05-16 10:54:21","level":"\u001b[32MINFO\u001b[39M","message":"User logged in: exilancesoft@gmail.com","stack":null}
{"timestamp":"2025-05-16 10:54:57","level":"\u001b[32MINFO\u001b[39M","message":"POST /api/quotations","stack":null}
{"timestamp":"2025-05-16 10:54:57","level":"\u001b[32MINFO\u001b[39M","message":"Fetched 12 finance documents","stack":null}
{"timestamp":"2025-05-16 10:54:58","level":"\u001b[31MERROR\u001b[39M","message":"PDF generation error: #if requires exactly one argument","stack":"Error: #if requires exactly one argument\n    at Object.<anonymous> (E:\\Exilance-Project\\Gandhi Motars - Copy\\vehicle-quotation-system\\node_modules\\handlebars\\dist\\cjs\\handlebars\\helpers\\if.js:17:13)\n    at Object.wrapper (E:\\Exilance-Project\\Gandhi Motars - Copy\\vehicle-quotation-system\\node_modules\\handlebars\\dist\\cjs\\handlebars\\internal\\wrapHelper.js:15:19)\n    at eval (eval at createFunctionContext (E:\\Exilance-Project\\Gandhi Motars - Copy\\vehicle-quotation-system\\node_modules\\handlebars\\dist\\cjs\\handlebars\\compiler\\javascript-compiler.js:262:23), <anonymous>:11:47)\n    at prog (E:\\Exilance-Project\\Gandhi Motars - Copy\\vehicle-quotation-system\\node_modules\\handlebars\\dist\\cjs\\handlebars\\runtime.js:268:12)\n    at execIteration (E:\\Exilance-Project\\Gandhi Motars - Copy\\vehicle-quotation-system\\node_modules\\handlebars\\dist\\cjs\\handlebars\\helpers\\each.js:51:19)\n    at Object.<anonymous> (E:\\Exilance-Project\\Gandhi Motars - Copy\\vehicle-quotation-system\\node_modules\\handlebars\\dist\\cjs\\handlebars\\helpers\\each.js:61:13)\n    at Object.wrapper (E:\\Exilance-Project\\Gandhi Motars - Copy\\vehicle-quotation-system\\node_modules\\handlebars\\dist\\cjs\\handlebars\\internal\\wrapHelper.js:15:19)\n    at Object.eval [as main] (eval at createFunctionContext (E:\\Exilance-Project\\Gandhi Motars - Copy\\vehicle-quotation-system\\node_modules\\handlebars\\dist\\cjs\\handlebars\\compiler\\javascript-compiler.js:262:23), <anonymous>:39:49)\n    at main (E:\\Exilance-Project\\Gandhi Motars - Copy\\vehicle-quotation-system\\node_modules\\handlebars\\dist\\cjs\\handlebars\\runtime.js:208:32)\n    at ret (E:\\Exilance-Project\\Gandhi Motars - Copy\\vehicle-quotation-system\\node_modules\\handlebars\\dist\\cjs\\handlebars\\runtime.js:212:12)"}
{"timestamp":"2025-05-16 10:54:58","level":"\u001b[31MERROR\u001b[39M","message":"Error in quotation preparation: PDF generation failed: #if requires exactly one argument","stack":null}
{"timestamp":"2025-05-16 10:54:58","level":"\u001b[31MERROR\u001b[39M","message":"Error: PDF generation failed: #if requires exactly one argument","stack":null}
{"timestamp":"2025-05-16 10:54:58","level":"\u001b[31MERROR\u001b[39M","message":"Error: PDF generation failed: #if requires exactly one argument\n    at Object.generateQuotationPDF (E:\\Exilance-Project\\Gandhi Motars - Copy\\vehicle-quotation-system\\utils\\pdfGenerator.js:189:11)\n    at exports.createQuotation (E:\\Exilance-Project\\Gandhi Motars - Copy\\vehicle-quotation-system\\controllers\\quotationController.js:423:24)\n    at process.processTicksAndRejections (node:internal/process/task_queues:95:5)","stack":null}
{"timestamp":"2025-05-16 10:59:10","level":"\u001b[32MINFO\u001b[39M","message":"POST /api/quotations","stack":null}
{"timestamp":"2025-05-16 10:59:15","level":"\u001b[31MERROR\u001b[39M","message":"Error verifying token: connect ECONNREFUSED ::1:27017, connect ECONNREFUSED 127.0.0.1:27017","stack":"MongoServerSelectionError: connect ECONNREFUSED ::1:27017, connect ECONNREFUSED 127.0.0.1:27017\n    at Topology.selectServer (E:\\Exilance-Project\\Gandhi Motars - Copy\\vehicle-quotation-system\\node_modules\\mongodb\\lib\\sdam\\topology.js:321:38)\n    at async tryOperation (E:\\Exilance-Project\\Gandhi Motars - Copy\\vehicle-quotation-system\\node_modules\\mongodb\\lib\\operations\\execute_operation.js:145:18)\n    at async executeOperation (E:\\Exilance-Project\\Gandhi Motars - Copy\\vehicle-quotation-system\\node_modules\\mongodb\\lib\\operations\\execute_operation.js:75:16)\n    at async FindCursor._initialize (E:\\Exilance-Project\\Gandhi Motars - Copy\\vehicle-quotation-system\\node_modules\\mongodb\\lib\\cursor\\find_cursor.js:61:26)\n    at async FindCursor.cursorInit (E:\\Exilance-Project\\Gandhi Motars - Copy\\vehicle-quotation-system\\node_modules\\mongodb\\lib\\cursor\\abstract_cursor.js:633:27)\n    at async FindCursor.fetchBatch (E:\\Exilance-Project\\Gandhi Motars - Copy\\vehicle-quotation-system\\node_modules\\mongodb\\lib\\cursor\\abstract_cursor.js:667:13)\n    at async FindCursor.next (E:\\Exilance-Project\\Gandhi Motars - Copy\\vehicle-quotation-system\\node_modules\\mongodb\\lib\\cursor\\abstract_cursor.js:347:17)\n    at async Collection.findOne (E:\\Exilance-Project\\Gandhi Motars - Copy\\vehicle-quotation-system\\node_modules\\mongodb\\lib\\collection.js:277:21)\n    at async model.Query._findOne (E:\\Exilance-Project\\Gandhi Motars - Copy\\vehicle-quotation-system\\node_modules\\mongoose\\lib\\query.js:2661:15)\n    at async model.Query.exec (E:\\Exilance-Project\\Gandhi Motars - Copy\\vehicle-quotation-system\\node_modules\\mongoose\\lib\\query.js:4456:63)"}
{"timestamp":"2025-05-16 10:59:15","level":"\u001b[31MERROR\u001b[39M","message":"Error: Not authorized to access this route","stack":null}
{"timestamp":"2025-05-16 10:59:15","level":"\u001b[31MERROR\u001b[39M","message":"Error: Not authorized to access this route\n    at exports.protect (E:\\Exilance-Project\\Gandhi Motars - Copy\\vehicle-quotation-system\\middlewares\\auth.js:36:17)\n    at process.processTicksAndRejections (node:internal/process/task_queues:95:5)","stack":null}
{"timestamp":"2025-05-16 11:01:02","level":"\u001b[32MINFO\u001b[39M","message":"POST /api/quotations","stack":null}
{"timestamp":"2025-05-16 11:01:07","level":"\u001b[31MERROR\u001b[39M","message":"Error verifying token: connect ECONNREFUSED ::1:27017, connect ECONNREFUSED 127.0.0.1:27017","stack":"MongoServerSelectionError: connect ECONNREFUSED ::1:27017, connect ECONNREFUSED 127.0.0.1:27017\n    at Topology.selectServer (E:\\Exilance-Project\\Gandhi Motars - Copy\\vehicle-quotation-system\\node_modules\\mongodb\\lib\\sdam\\topology.js:321:38)\n    at async tryOperation (E:\\Exilance-Project\\Gandhi Motars - Copy\\vehicle-quotation-system\\node_modules\\mongodb\\lib\\operations\\execute_operation.js:145:18)\n    at async executeOperation (E:\\Exilance-Project\\Gandhi Motars - Copy\\vehicle-quotation-system\\node_modules\\mongodb\\lib\\operations\\execute_operation.js:75:16)\n    at async FindCursor._initialize (E:\\Exilance-Project\\Gandhi Motars - Copy\\vehicle-quotation-system\\node_modules\\mongodb\\lib\\cursor\\find_cursor.js:61:26)\n    at async FindCursor.cursorInit (E:\\Exilance-Project\\Gandhi Motars - Copy\\vehicle-quotation-system\\node_modules\\mongodb\\lib\\cursor\\abstract_cursor.js:633:27)\n    at async FindCursor.fetchBatch (E:\\Exilance-Project\\Gandhi Motars - Copy\\vehicle-quotation-system\\node_modules\\mongodb\\lib\\cursor\\abstract_cursor.js:667:13)\n    at async FindCursor.next (E:\\Exilance-Project\\Gandhi Motars - Copy\\vehicle-quotation-system\\node_modules\\mongodb\\lib\\cursor\\abstract_cursor.js:347:17)\n    at async Collection.findOne (E:\\Exilance-Project\\Gandhi Motars - Copy\\vehicle-quotation-system\\node_modules\\mongodb\\lib\\collection.js:277:21)\n    at async model.Query._findOne (E:\\Exilance-Project\\Gandhi Motars - Copy\\vehicle-quotation-system\\node_modules\\mongoose\\lib\\query.js:2661:15)\n    at async model.Query.exec (E:\\Exilance-Project\\Gandhi Motars - Copy\\vehicle-quotation-system\\node_modules\\mongoose\\lib\\query.js:4456:63)"}
{"timestamp":"2025-05-16 11:01:07","level":"\u001b[31MERROR\u001b[39M","message":"Error: Not authorized to access this route","stack":null}
{"timestamp":"2025-05-16 11:01:07","level":"\u001b[31MERROR\u001b[39M","message":"Error: Not authorized to access this route\n    at exports.protect (E:\\Exilance-Project\\Gandhi Motars - Copy\\vehicle-quotation-system\\middlewares\\auth.js:36:17)\n    at process.processTicksAndRejections (node:internal/process/task_queues:95:5)","stack":null}
{"timestamp":"2025-05-16 11:01:57","level":"\u001b[32MINFO\u001b[39M","message":"Starting server initialization...","stack":null}
{"timestamp":"2025-05-16 11:01:57","level":"\u001b[32MINFO\u001b[39M","message":"Connecting to MongoDB...","stack":null}
{"timestamp":"2025-05-16 11:01:58","level":"\u001b[32MINFO\u001b[39M","message":"Email transporter is ready","stack":null}
{"timestamp":"2025-05-16 11:02:02","level":"\u001b[31MERROR\u001b[39M","message":"❌ MongoDB Connection Error:","stack":null}
{"timestamp":"2025-05-16 11:04:10","level":"\u001b[32MINFO\u001b[39M","message":"Starting server initialization...","stack":null}
{"timestamp":"2025-05-16 11:04:10","level":"\u001b[32MINFO\u001b[39M","message":"Connecting to MongoDB...","stack":null}
{"timestamp":"2025-05-16 11:04:15","level":"\u001b[31MERROR\u001b[39M","message":"❌ MongoDB Connection Error:","stack":null}
{"timestamp":"2025-05-16 11:06:14","level":"\u001b[32MINFO\u001b[39M","message":"Starting server initialization...","stack":null}
{"timestamp":"2025-05-16 11:06:14","level":"\u001b[32MINFO\u001b[39M","message":"Connecting to MongoDB...","stack":null}
{"timestamp":"2025-05-16 11:06:14","level":"\u001b[32MINFO\u001b[39M","message":"✅ MongoDB Connected Successfully","stack":null}
{"timestamp":"2025-05-16 11:06:14","level":"\u001b[32MINFO\u001b[39M","message":"Initializing roles...","stack":null}
{"timestamp":"2025-05-16 11:06:15","level":"\u001b[32MINFO\u001b[39M","message":"Default roles initialized","stack":null}
{"timestamp":"2025-05-16 11:06:15","level":"\u001b[32MINFO\u001b[39M","message":"Server running on port 5002","stack":null}
{"timestamp":"2025-05-16 11:06:15","level":"\u001b[32MINFO\u001b[39M","message":"Environment: development","stack":null}
{"timestamp":"2025-05-16 11:06:16","level":"\u001b[32MINFO\u001b[39M","message":"Email transporter is ready","stack":null}
{"timestamp":"2025-05-16 11:06:28","level":"\u001b[32MINFO\u001b[39M","message":"POST /api/quotations","stack":null}
{"timestamp":"2025-05-16 11:06:28","level":"\u001b[31MERROR\u001b[39M","message":"Error: User not found","stack":null}
{"timestamp":"2025-05-16 11:06:28","level":"\u001b[31MERROR\u001b[39M","message":"Error: User not found\n    at exports.protect (E:\\Exilance-Project\\Gandhi Motars - Copy\\vehicle-quotation-system\\middlewares\\auth.js:30:19)\n    at process.processTicksAndRejections (node:internal/process/task_queues:95:5)","stack":null}
{"timestamp":"2025-05-16 11:06:48","level":"\u001b[32MINFO\u001b[39M","message":"Starting server initialization...","stack":null}
{"timestamp":"2025-05-16 11:06:48","level":"\u001b[32MINFO\u001b[39M","message":"Connecting to MongoDB...","stack":null}
{"timestamp":"2025-05-16 11:06:48","level":"\u001b[32MINFO\u001b[39M","message":"✅ MongoDB Connected Successfully","stack":null}
{"timestamp":"2025-05-16 11:06:48","level":"\u001b[32MINFO\u001b[39M","message":"Initializing roles...","stack":null}
{"timestamp":"2025-05-16 11:06:48","level":"\u001b[32MINFO\u001b[39M","message":"Default roles initialized","stack":null}
{"timestamp":"2025-05-16 11:06:48","level":"\u001b[32MINFO\u001b[39M","message":"Server running on port 5002","stack":null}
{"timestamp":"2025-05-16 11:06:48","level":"\u001b[32MINFO\u001b[39M","message":"Environment: development","stack":null}
{"timestamp":"2025-05-16 11:06:52","level":"\u001b[32MINFO\u001b[39M","message":"POST /api/users/login","stack":null}
{"timestamp":"2025-05-16 11:06:52","level":"\u001b[32MINFO\u001b[39M","message":"Saving user: sales9","stack":null}
{"timestamp":"2025-05-16 11:06:55","level":"\u001b[32MINFO\u001b[39M","message":"OTP sent to exilancesoft@gmail.com","stack":null}
{"timestamp":"2025-05-16 11:06:55","level":"\u001b[32MINFO\u001b[39M","message":"OTP sent to user: exilancesoft@gmail.com","stack":null}
{"timestamp":"2025-05-16 11:07:13","level":"\u001b[32MINFO\u001b[39M","message":"POST /api/users/verify-otp","stack":null}
{"timestamp":"2025-05-16 11:07:13","level":"\u001b[32MINFO\u001b[39M","message":"Saving user: sales9","stack":null}
{"timestamp":"2025-05-16 11:07:13","level":"\u001b[32MINFO\u001b[39M","message":"Saving user: sales9","stack":null}
{"timestamp":"2025-05-16 11:07:13","level":"\u001b[32MINFO\u001b[39M","message":"User logged in: exilancesoft@gmail.com","stack":null}
{"timestamp":"2025-05-16 11:07:50","level":"\u001b[32MINFO\u001b[39M","message":"Email transporter is ready","stack":null}
{"timestamp":"2025-05-16 11:07:56","level":"\u001b[32MINFO\u001b[39M","message":"POST /api/quotations","stack":null}
{"timestamp":"2025-05-16 11:07:56","level":"\u001b[32MINFO\u001b[39M","message":"Fetched 2 finance documents","stack":null}
{"timestamp":"2025-05-16 11:07:56","level":"\u001b[31MERROR\u001b[39M","message":"Error: One or more model IDs are invalid","stack":null}
{"timestamp":"2025-05-16 11:07:56","level":"\u001b[31MERROR\u001b[39M","message":"Error: One or more model IDs are invalid\n    at exports.createQuotation (E:\\Exilance-Project\\Gandhi Motars - Copy\\vehicle-quotation-system\\controllers\\quotationController.js:99:19)\n    at process.processTicksAndRejections (node:internal/process/task_queues:95:5)","stack":null}
{"timestamp":"2025-05-16 11:08:15","level":"\u001b[32MINFO\u001b[39M","message":"POST /api/quotations","stack":null}
{"timestamp":"2025-05-16 11:08:15","level":"\u001b[32MINFO\u001b[39M","message":"Fetched 2 finance documents","stack":null}
{"timestamp":"2025-05-16 11:08:16","level":"\u001b[31MERROR\u001b[39M","message":"PDF generation error: Missing helper: \"lt\"","stack":"Error: Missing helper: \"lt\"\n    at Object.<anonymous> (E:\\Exilance-Project\\Gandhi Motars - Copy\\vehicle-quotation-system\\node_modules\\handlebars\\dist\\cjs\\handlebars\\helpers\\helper-missing.js:19:13)\n    at Object.wrapper (E:\\Exilance-Project\\Gandhi Motars - Copy\\vehicle-quotation-system\\node_modules\\handlebars\\dist\\cjs\\handlebars\\internal\\wrapHelper.js:15:19)\n    at eval (eval at createFunctionContext (E:\\Exilance-Project\\Gandhi Motars - Copy\\vehicle-quotation-system\\node_modules\\handlebars\\dist\\cjs\\handlebars\\compiler\\javascript-compiler.js:262:23), <anonymous>:11:162)\n    at prog (E:\\Exilance-Project\\Gandhi Motars - Copy\\vehicle-quotation-system\\node_modules\\handlebars\\dist\\cjs\\handlebars\\runtime.js:268:12)\n    at execIteration (E:\\Exilance-Project\\Gandhi Motars - Copy\\vehicle-quotation-system\\node_modules\\handlebars\\dist\\cjs\\handlebars\\helpers\\each.js:51:19)\n    at Object.<anonymous> (E:\\Exilance-Project\\Gandhi Motars - Copy\\vehicle-quotation-system\\node_modules\\handlebars\\dist\\cjs\\handlebars\\helpers\\each.js:61:13)\n    at Object.wrapper (E:\\Exilance-Project\\Gandhi Motars - Copy\\vehicle-quotation-system\\node_modules\\handlebars\\dist\\cjs\\handlebars\\internal\\wrapHelper.js:15:19)\n    at Object.eval [as main] (eval at createFunctionContext (E:\\Exilance-Project\\Gandhi Motars - Copy\\vehicle-quotation-system\\node_modules\\handlebars\\dist\\cjs\\handlebars\\compiler\\javascript-compiler.js:262:23), <anonymous>:39:49)\n    at main (E:\\Exilance-Project\\Gandhi Motars - Copy\\vehicle-quotation-system\\node_modules\\handlebars\\dist\\cjs\\handlebars\\runtime.js:208:32)\n    at ret (E:\\Exilance-Project\\Gandhi Motars - Copy\\vehicle-quotation-system\\node_modules\\handlebars\\dist\\cjs\\handlebars\\runtime.js:212:12)"}
{"timestamp":"2025-05-16 11:08:16","level":"\u001b[31MERROR\u001b[39M","message":"Error in quotation preparation: PDF generation failed: Missing helper: \"lt\"","stack":null}
{"timestamp":"2025-05-16 11:08:16","level":"\u001b[31MERROR\u001b[39M","message":"Error: PDF generation failed: Missing helper: \"lt\"","stack":null}
{"timestamp":"2025-05-16 11:08:16","level":"\u001b[31MERROR\u001b[39M","message":"Error: PDF generation failed: Missing helper: \"lt\"\n    at Object.generateQuotationPDF (E:\\Exilance-Project\\Gandhi Motars - Copy\\vehicle-quotation-system\\utils\\pdfGenerator.js:189:11)\n    at exports.createQuotation (E:\\Exilance-Project\\Gandhi Motars - Copy\\vehicle-quotation-system\\controllers\\quotationController.js:423:24)\n    at process.processTicksAndRejections (node:internal/process/task_queues:95:5)","stack":null}
{"timestamp":"2025-05-16 11:10:28","level":"\u001b[32MINFO\u001b[39M","message":"POST /api/quotations","stack":null}
{"timestamp":"2025-05-16 11:10:28","level":"\u001b[32MINFO\u001b[39M","message":"Fetched 2 finance documents","stack":null}
{"timestamp":"2025-05-16 11:14:38","level":"\u001b[32MINFO\u001b[39M","message":"SIGINT RECEIVED. Shutting down gracefully...","stack":null}
{"timestamp":"2025-05-16 11:14:49","level":"\u001b[32MINFO\u001b[39M","message":"Starting server initialization...","stack":null}
{"timestamp":"2025-05-16 11:14:49","level":"\u001b[32MINFO\u001b[39M","message":"Connecting to MongoDB...","stack":null}
{"timestamp":"2025-05-16 11:14:49","level":"\u001b[32MINFO\u001b[39M","message":"✅ MongoDB Connected Successfully","stack":null}
{"timestamp":"2025-05-16 11:14:50","level":"\u001b[32MINFO\u001b[39M","message":"Initializing roles...","stack":null}
{"timestamp":"2025-05-16 11:14:50","level":"\u001b[32MINFO\u001b[39M","message":"Default roles initialized","stack":null}
{"timestamp":"2025-05-16 11:14:50","level":"\u001b[32MINFO\u001b[39M","message":"Server running on port 5002","stack":null}
{"timestamp":"2025-05-16 11:14:50","level":"\u001b[32MINFO\u001b[39M","message":"Environment: development","stack":null}
{"timestamp":"2025-05-16 11:14:51","level":"\u001b[32MINFO\u001b[39M","message":"Email transporter is ready","stack":null}
{"timestamp":"2025-05-16 11:14:58","level":"\u001b[32MINFO\u001b[39M","message":"POST /api/quotations","stack":null}
{"timestamp":"2025-05-16 11:14:58","level":"\u001b[32MINFO\u001b[39M","message":"Fetched 2 finance documents","stack":null}
{"timestamp":"2025-05-16 11:16:52","level":"\u001b[32MINFO\u001b[39M","message":"POST /api/quotations","stack":null}
{"timestamp":"2025-05-16 11:16:52","level":"\u001b[32MINFO\u001b[39M","message":"Fetched 2 finance documents","stack":null}
{"timestamp":"2025-05-16 11:18:41","level":"\u001b[32MINFO\u001b[39M","message":"POST /api/quotations","stack":null}
{"timestamp":"2025-05-16 11:18:41","level":"\u001b[32MINFO\u001b[39M","message":"Fetched 2 finance documents","stack":null}
{"timestamp":"2025-05-16 11:19:38","level":"\u001b[32MINFO\u001b[39M","message":"POST /api/quotations","stack":null}
{"timestamp":"2025-05-16 11:19:38","level":"\u001b[32MINFO\u001b[39M","message":"Fetched 2 finance documents","stack":null}
{"timestamp":"2025-05-16 11:20:31","level":"\u001b[32MINFO\u001b[39M","message":"POST /api/quotations","stack":null}
{"timestamp":"2025-05-16 11:20:31","level":"\u001b[32MINFO\u001b[39M","message":"Fetched 2 finance documents","stack":null}
{"timestamp":"2025-05-16 11:23:14","level":"\u001b[32MINFO\u001b[39M","message":"POST /api/quotations","stack":null}
{"timestamp":"2025-05-16 11:23:14","level":"\u001b[32MINFO\u001b[39M","message":"Fetched 2 finance documents","stack":null}
{"timestamp":"2025-05-16 11:25:54","level":"\u001b[32MINFO\u001b[39M","message":"POST /api/quotations","stack":null}
{"timestamp":"2025-05-16 11:25:54","level":"\u001b[32MINFO\u001b[39M","message":"Fetched 2 finance documents","stack":null}
{"timestamp":"2025-05-16 11:26:23","level":"\u001b[32MINFO\u001b[39M","message":"POST /api/quotations","stack":null}
{"timestamp":"2025-05-16 11:26:23","level":"\u001b[32MINFO\u001b[39M","message":"Fetched 2 finance documents","stack":null}
{"timestamp":"2025-05-16 11:26:54","level":"\u001b[32MINFO\u001b[39M","message":"POST /api/quotations","stack":null}
{"timestamp":"2025-05-16 11:26:54","level":"\u001b[32MINFO\u001b[39M","message":"Fetched 2 finance documents","stack":null}
{"timestamp":"2025-05-16 11:32:08","level":"\u001b[32MINFO\u001b[39M","message":"POST /api/quotations","stack":null}
{"timestamp":"2025-05-16 11:32:08","level":"\u001b[32MINFO\u001b[39M","message":"Fetched 2 finance documents","stack":null}
{"timestamp":"2025-05-16 11:32:29","level":"\u001b[32MINFO\u001b[39M","message":"POST /api/quotations","stack":null}
{"timestamp":"2025-05-16 11:32:29","level":"\u001b[32MINFO\u001b[39M","message":"Fetched 2 finance documents","stack":null}
{"timestamp":"2025-05-16 11:33:03","level":"\u001b[32MINFO\u001b[39M","message":"POST /api/quotations","stack":null}
{"timestamp":"2025-05-16 11:33:03","level":"\u001b[32MINFO\u001b[39M","message":"Fetched 2 finance documents","stack":null}
{"timestamp":"2025-05-16 11:36:45","level":"\u001b[32MINFO\u001b[39M","message":"POST /api/quotations","stack":null}
{"timestamp":"2025-05-16 11:36:45","level":"\u001b[32MINFO\u001b[39M","message":"Fetched 2 finance documents","stack":null}
{"timestamp":"2025-05-16 11:40:35","level":"\u001b[32MINFO\u001b[39M","message":"POST /api/quotations","stack":null}
{"timestamp":"2025-05-16 11:40:35","level":"\u001b[32MINFO\u001b[39M","message":"Fetched 2 finance documents","stack":null}
{"timestamp":"2025-05-16 13:00:13","level":"\u001b[32MINFO\u001b[39M","message":"POST /api/quotations","stack":null}
{"timestamp":"2025-05-16 13:00:18","level":"\u001b[31MERROR\u001b[39M","message":"Error verifying token: connect ECONNREFUSED ::1:27017, connect ECONNREFUSED 127.0.0.1:27017","stack":"MongoServerSelectionError: connect ECONNREFUSED ::1:27017, connect ECONNREFUSED 127.0.0.1:27017\n    at Topology.selectServer (E:\\Exilance-Project\\Gandhi Motars - Copy\\vehicle-quotation-system\\node_modules\\mongodb\\lib\\sdam\\topology.js:321:38)\n    at async tryOperation (E:\\Exilance-Project\\Gandhi Motars - Copy\\vehicle-quotation-system\\node_modules\\mongodb\\lib\\operations\\execute_operation.js:145:18)\n    at async executeOperation (E:\\Exilance-Project\\Gandhi Motars - Copy\\vehicle-quotation-system\\node_modules\\mongodb\\lib\\operations\\execute_operation.js:75:16)\n    at async FindCursor._initialize (E:\\Exilance-Project\\Gandhi Motars - Copy\\vehicle-quotation-system\\node_modules\\mongodb\\lib\\cursor\\find_cursor.js:61:26)\n    at async FindCursor.cursorInit (E:\\Exilance-Project\\Gandhi Motars - Copy\\vehicle-quotation-system\\node_modules\\mongodb\\lib\\cursor\\abstract_cursor.js:633:27)\n    at async FindCursor.fetchBatch (E:\\Exilance-Project\\Gandhi Motars - Copy\\vehicle-quotation-system\\node_modules\\mongodb\\lib\\cursor\\abstract_cursor.js:667:13)\n    at async FindCursor.next (E:\\Exilance-Project\\Gandhi Motars - Copy\\vehicle-quotation-system\\node_modules\\mongodb\\lib\\cursor\\abstract_cursor.js:347:17)\n    at async Collection.findOne (E:\\Exilance-Project\\Gandhi Motars - Copy\\vehicle-quotation-system\\node_modules\\mongodb\\lib\\collection.js:277:21)\n    at async model.Query._findOne (E:\\Exilance-Project\\Gandhi Motars - Copy\\vehicle-quotation-system\\node_modules\\mongoose\\lib\\query.js:2661:15)\n    at async model.Query.exec (E:\\Exilance-Project\\Gandhi Motars - Copy\\vehicle-quotation-system\\node_modules\\mongoose\\lib\\query.js:4456:63)"}
{"timestamp":"2025-05-16 13:00:18","level":"\u001b[31MERROR\u001b[39M","message":"Error: Not authorized to access this route","stack":null}
{"timestamp":"2025-05-16 13:00:18","level":"\u001b[31MERROR\u001b[39M","message":"Error: Not authorized to access this route\n    at exports.protect (E:\\Exilance-Project\\Gandhi Motars - Copy\\vehicle-quotation-system\\middlewares\\auth.js:36:17)\n    at process.processTicksAndRejections (node:internal/process/task_queues:95:5)","stack":null}
{"timestamp":"2025-05-16 13:26:16","level":"\u001b[32MINFO\u001b[39M","message":"POST /api/users/login","stack":null}
{"timestamp":"2025-05-16 13:26:21","level":"\u001b[31MERROR\u001b[39M","message":"Error in login process: connect ECONNREFUSED ::1:27017, connect ECONNREFUSED 127.0.0.1:27017","stack":null}
{"timestamp":"2025-05-16 13:26:21","level":"\u001b[31MERROR\u001b[39M","message":"Error: Server error during login","stack":null}
{"timestamp":"2025-05-16 13:26:21","level":"\u001b[31MERROR\u001b[39M","message":"Error: Server error during login\n    at exports.login (E:\\Exilance-Project\\Gandhi Motars - Copy\\vehicle-quotation-system\\controllers\\userController.js:292:10)\n    at process.processTicksAndRejections (node:internal/process/task_queues:95:5)","stack":null}
{"timestamp":"2025-05-16 13:26:37","level":"\u001b[32MINFO\u001b[39M","message":"SIGINT RECEIVED. Shutting down gracefully...","stack":null}
{"timestamp":"2025-05-16 13:26:55","level":"\u001b[32MINFO\u001b[39M","message":"Starting server initialization...","stack":null}
{"timestamp":"2025-05-16 13:26:55","level":"\u001b[32MINFO\u001b[39M","message":"Connecting to MongoDB...","stack":null}
{"timestamp":"2025-05-16 13:26:56","level":"\u001b[32MINFO\u001b[39M","message":"Email transporter is ready","stack":null}
{"timestamp":"2025-05-16 13:27:00","level":"\u001b[31MERROR\u001b[39M","message":"❌ MongoDB Connection Error:","stack":null}
{"timestamp":"2025-05-16 13:29:08","level":"\u001b[32MINFO\u001b[39M","message":"Starting server initialization...","stack":null}
{"timestamp":"2025-05-16 13:29:08","level":"\u001b[32MINFO\u001b[39M","message":"Connecting to MongoDB...","stack":null}
{"timestamp":"2025-05-16 13:29:09","level":"\u001b[32MINFO\u001b[39M","message":"Email transporter is ready","stack":null}
{"timestamp":"2025-05-16 13:29:13","level":"\u001b[31MERROR\u001b[39M","message":"❌ MongoDB Connection Error:","stack":null}
{"timestamp":"2025-05-16 13:29:22","level":"\u001b[32MINFO\u001b[39M","message":"Starting server initialization...","stack":null}
{"timestamp":"2025-05-16 13:29:22","level":"\u001b[32MINFO\u001b[39M","message":"Connecting to MongoDB...","stack":null}
{"timestamp":"2025-05-16 13:33:35","level":"\u001b[32MINFO\u001b[39M","message":"Starting server initialization...","stack":null}
{"timestamp":"2025-05-16 13:33:35","level":"\u001b[32MINFO\u001b[39M","message":"Connecting to MongoDB...","stack":null}
{"timestamp":"2025-05-16 13:33:35","level":"\u001b[32MINFO\u001b[39M","message":"✅ MongoDB Connected Successfully","stack":null}
{"timestamp":"2025-05-16 13:33:35","level":"\u001b[32MINFO\u001b[39M","message":"Initializing roles...","stack":null}
{"timestamp":"2025-05-16 13:33:36","level":"\u001b[32MINFO\u001b[39M","message":"Default roles initialized","stack":null}
{"timestamp":"2025-05-16 13:33:36","level":"\u001b[32MINFO\u001b[39M","message":"Server running on port 5002","stack":null}
{"timestamp":"2025-05-16 13:33:36","level":"\u001b[32MINFO\u001b[39M","message":"Environment: development","stack":null}
{"timestamp":"2025-05-16 13:33:36","level":"\u001b[32MINFO\u001b[39M","message":"Email transporter is ready","stack":null}
{"timestamp":"2025-05-16 13:35:47","level":"\u001b[32MINFO\u001b[39M","message":"POST /api/users/login","stack":null}
{"timestamp":"2025-05-16 13:35:47","level":"\u001b[32MINFO\u001b[39M","message":"Saving user: sales7","stack":null}
{"timestamp":"2025-05-16 13:35:50","level":"\u001b[32MINFO\u001b[39M","message":"OTP sent to exilancesoft@gmail.com","stack":null}
{"timestamp":"2025-05-16 13:35:50","level":"\u001b[32MINFO\u001b[39M","message":"OTP sent to user: exilancesoft@gmail.com","stack":null}
{"timestamp":"2025-05-16 13:36:37","level":"\u001b[32MINFO\u001b[39M","message":"POST /api/users/verify-otp","stack":null}
{"timestamp":"2025-05-16 13:36:37","level":"\u001b[32MINFO\u001b[39M","message":"Saving user: sales7","stack":null}
{"timestamp":"2025-05-16 13:36:37","level":"\u001b[32MINFO\u001b[39M","message":"Saving user: sales7","stack":null}
{"timestamp":"2025-05-16 13:36:37","level":"\u001b[32MINFO\u001b[39M","message":"User logged in: exilancesoft@gmail.com","stack":null}
{"timestamp":"2025-05-16 13:40:10","level":"\u001b[32MINFO\u001b[39M","message":"POST /api/quotations","stack":null}
{"timestamp":"2025-05-16 13:40:10","level":"\u001b[32MINFO\u001b[39M","message":"Fetched 12 finance documents","stack":null}
{"timestamp":"2025-05-16 13:51:06","level":"\u001b[32MINFO\u001b[39M","message":"POST /api/quotations","stack":null}
{"timestamp":"2025-05-16 13:51:06","level":"\u001b[32MINFO\u001b[39M","message":"Fetched 12 finance documents","stack":null}
{"timestamp":"2025-05-16 13:51:35","level":"\u001b[32MINFO\u001b[39M","message":"POST /api/quotations","stack":null}
{"timestamp":"2025-05-16 13:51:35","level":"\u001b[32MINFO\u001b[39M","message":"Fetched 12 finance documents","stack":null}
{"timestamp":"2025-05-16 13:52:23","level":"\u001b[32MINFO\u001b[39M","message":"POST /api/quotations","stack":null}
{"timestamp":"2025-05-16 13:52:23","level":"\u001b[32MINFO\u001b[39M","message":"Fetched 12 finance documents","stack":null}
{"timestamp":"2025-05-16 13:52:51","level":"\u001b[32MINFO\u001b[39M","message":"POST /api/quotations","stack":null}
{"timestamp":"2025-05-16 13:52:51","level":"\u001b[32MINFO\u001b[39M","message":"Fetched 12 finance documents","stack":null}
{"timestamp":"2025-05-16 13:53:16","level":"\u001b[32MINFO\u001b[39M","message":"POST /api/quotations","stack":null}
{"timestamp":"2025-05-16 13:53:16","level":"\u001b[32MINFO\u001b[39M","message":"Fetched 12 finance documents","stack":null}
{"timestamp":"2025-05-16 13:53:45","level":"\u001b[32MINFO\u001b[39M","message":"POST /api/quotations","stack":null}
{"timestamp":"2025-05-16 13:53:45","level":"\u001b[32MINFO\u001b[39M","message":"Fetched 12 finance documents","stack":null}
{"timestamp":"2025-05-16 13:54:15","level":"\u001b[32MINFO\u001b[39M","message":"POST /api/quotations","stack":null}
{"timestamp":"2025-05-16 13:54:15","level":"\u001b[32MINFO\u001b[39M","message":"Fetched 12 finance documents","stack":null}
{"timestamp":"2025-05-16 13:54:48","level":"\u001b[32MINFO\u001b[39M","message":"POST /api/quotations","stack":null}
{"timestamp":"2025-05-16 13:54:48","level":"\u001b[32MINFO\u001b[39M","message":"Fetched 12 finance documents","stack":null}
{"timestamp":"2025-05-16 13:55:09","level":"\u001b[32MINFO\u001b[39M","message":"POST /api/quotations","stack":null}
{"timestamp":"2025-05-16 13:55:09","level":"\u001b[32MINFO\u001b[39M","message":"Fetched 12 finance documents","stack":null}
{"timestamp":"2025-05-16 13:55:32","level":"\u001b[32MINFO\u001b[39M","message":"POST /api/quotations","stack":null}
{"timestamp":"2025-05-16 13:55:33","level":"\u001b[32MINFO\u001b[39M","message":"Fetched 12 finance documents","stack":null}
{"timestamp":"2025-05-16 13:56:22","level":"\u001b[32MINFO\u001b[39M","message":"POST /api/quotations","stack":null}
{"timestamp":"2025-05-16 13:56:22","level":"\u001b[32MINFO\u001b[39M","message":"Fetched 12 finance documents","stack":null}
{"timestamp":"2025-05-16 14:00:33","level":"\u001b[32MINFO\u001b[39M","message":"POST /api/quotations","stack":null}
{"timestamp":"2025-05-16 14:00:33","level":"\u001b[32MINFO\u001b[39M","message":"Fetched 12 finance documents","stack":null}
{"timestamp":"2025-05-16 14:02:46","level":"\u001b[32MINFO\u001b[39M","message":"POST /api/quotations","stack":null}
{"timestamp":"2025-05-16 14:02:46","level":"\u001b[32MINFO\u001b[39M","message":"Fetched 12 finance documents","stack":null}
{"timestamp":"2025-05-16 14:06:22","level":"\u001b[32MINFO\u001b[39M","message":"POST /api/quotations","stack":null}
{"timestamp":"2025-05-16 14:06:22","level":"\u001b[32MINFO\u001b[39M","message":"Fetched 12 finance documents","stack":null}
{"timestamp":"2025-05-16 14:07:04","level":"\u001b[32MINFO\u001b[39M","message":"POST /api/quotations","stack":null}
{"timestamp":"2025-05-16 14:07:04","level":"\u001b[32MINFO\u001b[39M","message":"Fetched 12 finance documents","stack":null}
{"timestamp":"2025-05-16 14:08:06","level":"\u001b[32MINFO\u001b[39M","message":"POST /api/quotations","stack":null}
{"timestamp":"2025-05-16 14:08:06","level":"\u001b[32MINFO\u001b[39M","message":"Fetched 12 finance documents","stack":null}
{"timestamp":"2025-05-16 14:11:59","level":"\u001b[32MINFO\u001b[39M","message":"POST /api/quotations","stack":null}
{"timestamp":"2025-05-16 14:11:59","level":"\u001b[32MINFO\u001b[39M","message":"Fetched 12 finance documents","stack":null}
{"timestamp":"2025-05-16 14:14:49","level":"\u001b[32MINFO\u001b[39M","message":"POST /api/quotations","stack":null}
{"timestamp":"2025-05-16 14:14:49","level":"\u001b[32MINFO\u001b[39M","message":"Fetched 12 finance documents","stack":null}
{"timestamp":"2025-05-16 14:16:05","level":"\u001b[32MINFO\u001b[39M","message":"SIGINT RECEIVED. Shutting down gracefully...","stack":null}
{"timestamp":"2025-05-16 14:16:20","level":"\u001b[32MINFO\u001b[39M","message":"Starting server initialization...","stack":null}
{"timestamp":"2025-05-16 14:16:20","level":"\u001b[32MINFO\u001b[39M","message":"Connecting to MongoDB...","stack":null}
{"timestamp":"2025-05-16 14:16:20","level":"\u001b[32MINFO\u001b[39M","message":"✅ MongoDB Connected Successfully","stack":null}
{"timestamp":"2025-05-16 14:16:20","level":"\u001b[32MINFO\u001b[39M","message":"Initializing roles...","stack":null}
{"timestamp":"2025-05-16 14:16:20","level":"\u001b[32MINFO\u001b[39M","message":"Default roles initialized","stack":null}
{"timestamp":"2025-05-16 14:16:20","level":"\u001b[32MINFO\u001b[39M","message":"Server running on port 5002","stack":null}
{"timestamp":"2025-05-16 14:16:20","level":"\u001b[32MINFO\u001b[39M","message":"Environment: development","stack":null}
{"timestamp":"2025-05-16 14:16:21","level":"\u001b[32MINFO\u001b[39M","message":"Email transporter is ready","stack":null}
{"timestamp":"2025-05-16 14:16:29","level":"\u001b[32MINFO\u001b[39M","message":"POST /api/quotations","stack":null}
{"timestamp":"2025-05-16 14:16:29","level":"\u001b[32MINFO\u001b[39M","message":"Fetched 12 finance documents","stack":null}
{"timestamp":"2025-05-16 14:18:21","level":"\u001b[32MINFO\u001b[39M","message":"POST /api/quotations","stack":null}
{"timestamp":"2025-05-16 14:18:21","level":"\u001b[32MINFO\u001b[39M","message":"Fetched 12 finance documents","stack":null}
{"timestamp":"2025-05-16 14:23:53","level":"\u001b[32MINFO\u001b[39M","message":"POST /api/quotations","stack":null}
{"timestamp":"2025-05-16 14:23:53","level":"\u001b[32MINFO\u001b[39M","message":"Fetched 12 finance documents","stack":null}
{"timestamp":"2025-05-16 14:25:00","level":"\u001b[32MINFO\u001b[39M","message":"POST /api/quotations","stack":null}
{"timestamp":"2025-05-16 14:25:00","level":"\u001b[32MINFO\u001b[39M","message":"Fetched 12 finance documents","stack":null}
{"timestamp":"2025-05-16 14:28:35","level":"\u001b[32MINFO\u001b[39M","message":"POST /api/quotations","stack":null}
{"timestamp":"2025-05-16 14:28:35","level":"\u001b[32MINFO\u001b[39M","message":"Fetched 12 finance documents","stack":null}
{"timestamp":"2025-05-16 14:44:18","level":"\u001b[32MINFO\u001b[39M","message":"POST /api/quotations","stack":null}
{"timestamp":"2025-05-16 14:44:18","level":"\u001b[32MINFO\u001b[39M","message":"Fetched 12 finance documents","stack":null}
{"timestamp":"2025-05-16 14:48:10","level":"\u001b[32MINFO\u001b[39M","message":"POST /api/quotations","stack":null}
{"timestamp":"2025-05-16 14:48:10","level":"\u001b[32MINFO\u001b[39M","message":"Fetched 12 finance documents","stack":null}
{"timestamp":"2025-05-16 14:49:16","level":"\u001b[32MINFO\u001b[39M","message":"SIGINT RECEIVED. Shutting down gracefully...","stack":null}
{"timestamp":"2025-05-16 14:49:30","level":"\u001b[32MINFO\u001b[39M","message":"Starting server initialization...","stack":null}
{"timestamp":"2025-05-16 14:49:30","level":"\u001b[32MINFO\u001b[39M","message":"Connecting to MongoDB...","stack":null}
{"timestamp":"2025-05-16 14:49:30","level":"\u001b[32MINFO\u001b[39M","message":"✅ MongoDB Connected Successfully","stack":null}
{"timestamp":"2025-05-16 14:49:30","level":"\u001b[32MINFO\u001b[39M","message":"Initializing roles...","stack":null}
{"timestamp":"2025-05-16 14:49:30","level":"\u001b[32MINFO\u001b[39M","message":"Default roles initialized","stack":null}
{"timestamp":"2025-05-16 14:49:30","level":"\u001b[32MINFO\u001b[39M","message":"Server running on port 5002","stack":null}
{"timestamp":"2025-05-16 14:49:30","level":"\u001b[32MINFO\u001b[39M","message":"Environment: development","stack":null}
{"timestamp":"2025-05-16 14:49:34","level":"\u001b[32MINFO\u001b[39M","message":"POST /api/quotations","stack":null}
{"timestamp":"2025-05-16 14:49:34","level":"\u001b[32MINFO\u001b[39M","message":"Fetched 12 finance documents","stack":null}
{"timestamp":"2025-05-16 14:50:32","level":"\u001b[32MINFO\u001b[39M","message":"Email transporter is ready","stack":null}
{"timestamp":"2025-05-16 14:55:34","level":"\u001b[32MINFO\u001b[39M","message":"GET /api/users/register","stack":null}
{"timestamp":"2025-05-16 14:55:34","level":"\u001b[33MWARN\u001b[39M","message":"User 6821860778561cc331656e2b with role sales attempted unauthorized access","stack":null}
{"timestamp":"2025-05-16 14:55:34","level":"\u001b[31MERROR\u001b[39M","message":"Error: Not authorized to access this route","stack":null}
{"timestamp":"2025-05-16 14:55:34","level":"\u001b[31MERROR\u001b[39M","message":"Error: Not authorized to access this route\n    at E:\\Exilance-Project\\Gandhi Motars - Copy\\vehicle-quotation-system\\middlewares\\auth.js:60:21\n    at Layer.handleRequest (E:\\Exilance-Project\\Gandhi Motars - Copy\\vehicle-quotation-system\\node_modules\\router\\lib\\layer.js:152:17)\n    at trimPrefix (E:\\Exilance-Project\\Gandhi Motars - Copy\\vehicle-quotation-system\\node_modules\\router\\index.js:342:13)\n    at E:\\Exilance-Project\\Gandhi Motars - Copy\\vehicle-quotation-system\\node_modules\\router\\index.js:297:9\n    at processParams (E:\\Exilance-Project\\Gandhi Motars - Copy\\vehicle-quotation-system\\node_modules\\router\\index.js:582:12)\n    at next (E:\\Exilance-Project\\Gandhi Motars - Copy\\vehicle-quotation-system\\node_modules\\router\\index.js:291:5)\n    at exports.protect (E:\\Exilance-Project\\Gandhi Motars - Copy\\vehicle-quotation-system\\middlewares\\auth.js:33:5)\n    at process.processTicksAndRejections (node:internal/process/task_queues:95:5)","stack":null}
{"timestamp":"2025-05-16 14:55:50","level":"\u001b[32MINFO\u001b[39M","message":"GET /api/users/register","stack":null}
{"timestamp":"2025-05-16 14:55:50","level":"\u001b[33MWARN\u001b[39M","message":"User 6821860778561cc331656e2b with role sales attempted unauthorized access","stack":null}
{"timestamp":"2025-05-16 14:55:50","level":"\u001b[31MERROR\u001b[39M","message":"Error: Not authorized to access this route","stack":null}
{"timestamp":"2025-05-16 14:55:50","level":"\u001b[31MERROR\u001b[39M","message":"Error: Not authorized to access this route\n    at E:\\Exilance-Project\\Gandhi Motars - Copy\\vehicle-quotation-system\\middlewares\\auth.js:60:21\n    at Layer.handleRequest (E:\\Exilance-Project\\Gandhi Motars - Copy\\vehicle-quotation-system\\node_modules\\router\\lib\\layer.js:152:17)\n    at trimPrefix (E:\\Exilance-Project\\Gandhi Motars - Copy\\vehicle-quotation-system\\node_modules\\router\\index.js:342:13)\n    at E:\\Exilance-Project\\Gandhi Motars - Copy\\vehicle-quotation-system\\node_modules\\router\\index.js:297:9\n    at processParams (E:\\Exilance-Project\\Gandhi Motars - Copy\\vehicle-quotation-system\\node_modules\\router\\index.js:582:12)\n    at next (E:\\Exilance-Project\\Gandhi Motars - Copy\\vehicle-quotation-system\\node_modules\\router\\index.js:291:5)\n    at exports.protect (E:\\Exilance-Project\\Gandhi Motars - Copy\\vehicle-quotation-system\\middlewares\\auth.js:33:5)\n    at process.processTicksAndRejections (node:internal/process/task_queues:95:5)","stack":null}
{"timestamp":"2025-05-16 14:56:07","level":"\u001b[32MINFO\u001b[39M","message":"POST /api/quotations","stack":null}
{"timestamp":"2025-05-16 14:56:07","level":"\u001b[32MINFO\u001b[39M","message":"Fetched 12 finance documents","stack":null}
{"timestamp":"2025-05-16 14:56:25","level":"\u001b[32MINFO\u001b[39M","message":"GET /api/quotations","stack":null}
{"timestamp":"2025-05-16 15:05:06","level":"\u001b[32MINFO\u001b[39M","message":"POST /api/quotations","stack":null}
{"timestamp":"2025-05-16 15:05:06","level":"\u001b[32MINFO\u001b[39M","message":"Fetched 12 finance documents","stack":null}
{"timestamp":"2025-05-16 15:06:04","level":"\u001b[32MINFO\u001b[39M","message":"POST /api/quotations","stack":null}
{"timestamp":"2025-05-16 15:06:04","level":"\u001b[32MINFO\u001b[39M","message":"Fetched 12 finance documents","stack":null}
{"timestamp":"2025-05-16 15:11:50","level":"\u001b[32MINFO\u001b[39M","message":"POST /api/quotations","stack":null}
{"timestamp":"2025-05-16 15:11:50","level":"\u001b[32MINFO\u001b[39M","message":"Fetched 12 finance documents","stack":null}
{"timestamp":"2025-05-16 15:12:36","level":"\u001b[32MINFO\u001b[39M","message":"POST /api/quotations","stack":null}
{"timestamp":"2025-05-16 15:12:36","level":"\u001b[32MINFO\u001b[39M","message":"Fetched 12 finance documents","stack":null}
{"timestamp":"2025-05-16 15:13:11","level":"\u001b[32MINFO\u001b[39M","message":"POST /api/quotations","stack":null}
{"timestamp":"2025-05-16 15:13:11","level":"\u001b[32MINFO\u001b[39M","message":"Fetched 12 finance documents","stack":null}
{"timestamp":"2025-05-16 15:14:11","level":"\u001b[32MINFO\u001b[39M","message":"POST /api/quotations","stack":null}
{"timestamp":"2025-05-16 15:14:11","level":"\u001b[32MINFO\u001b[39M","message":"Fetched 12 finance documents","stack":null}
{"timestamp":"2025-05-16 15:15:00","level":"\u001b[32MINFO\u001b[39M","message":"POST /api/quotations","stack":null}
{"timestamp":"2025-05-16 15:15:00","level":"\u001b[32MINFO\u001b[39M","message":"Fetched 12 finance documents","stack":null}
{"timestamp":"2025-05-16 15:25:28","level":"\u001b[32MINFO\u001b[39M","message":"POST /api/quotations","stack":null}
{"timestamp":"2025-05-16 15:25:28","level":"\u001b[32MINFO\u001b[39M","message":"Fetched 12 finance documents","stack":null}
{"timestamp":"2025-05-16 15:25:28","level":"\u001b[31MERROR\u001b[39M","message":"PDF generation error: Missing helper: \"mod\"","stack":"Error: Missing helper: \"mod\"\n    at Object.<anonymous> (E:\\Exilance-Project\\Gandhi Motars - Copy\\vehicle-quotation-system\\node_modules\\handlebars\\dist\\cjs\\handlebars\\helpers\\helper-missing.js:19:13)\n    at Object.wrapper (E:\\Exilance-Project\\Gandhi Motars - Copy\\vehicle-quotation-system\\node_modules\\handlebars\\dist\\cjs\\handlebars\\internal\\wrapHelper.js:15:19)\n    at eval (eval at createFunctionContext (E:\\Exilance-Project\\Gandhi Motars - Copy\\vehicle-quotation-system\\node_modules\\handlebars\\dist\\cjs\\handlebars\\compiler\\javascript-compiler.js:262:23), <anonymous>:10:167)\n    at Object.prog [as inverse] (E:\\Exilance-Project\\Gandhi Motars - Copy\\vehicle-quotation-system\\node_modules\\handlebars\\dist\\cjs\\handlebars\\runtime.js:268:12)\n    at Object.<anonymous> (E:\\Exilance-Project\\Gandhi Motars - Copy\\vehicle-quotation-system\\node_modules\\handlebars\\dist\\cjs\\handlebars\\helpers\\if.js:27:22)\n    at Object.wrapper (E:\\Exilance-Project\\Gandhi Motars - Copy\\vehicle-quotation-system\\node_modules\\handlebars\\dist\\cjs\\handlebars\\internal\\wrapHelper.js:15:19)\n    at eval (eval at createFunctionContext (E:\\Exilance-Project\\Gandhi Motars - Copy\\vehicle-quotation-system\\node_modules\\handlebars\\dist\\cjs\\handlebars\\compiler\\javascript-compiler.js:262:23), <anonymous>:11:47)\n    at prog (E:\\Exilance-Project\\Gandhi Motars - Copy\\vehicle-quotation-system\\node_modules\\handlebars\\dist\\cjs\\handlebars\\runtime.js:268:12)\n    at execIteration (E:\\Exilance-Project\\Gandhi Motars - Copy\\vehicle-quotation-system\\node_modules\\handlebars\\dist\\cjs\\handlebars\\helpers\\each.js:51:19)\n    at Object.<anonymous> (E:\\Exilance-Project\\Gandhi Motars - Copy\\vehicle-quotation-system\\node_modules\\handlebars\\dist\\cjs\\handlebars\\helpers\\each.js:61:13)"}
{"timestamp":"2025-05-16 15:25:28","level":"\u001b[31MERROR\u001b[39M","message":"Error in quotation preparation: PDF generation failed: Missing helper: \"mod\"","stack":null}
{"timestamp":"2025-05-16 15:25:28","level":"\u001b[31MERROR\u001b[39M","message":"Error: PDF generation failed: Missing helper: \"mod\"","stack":null}
{"timestamp":"2025-05-16 15:25:28","level":"\u001b[31MERROR\u001b[39M","message":"Error: PDF generation failed: Missing helper: \"mod\"\n    at Object.generateQuotationPDF (E:\\Exilance-Project\\Gandhi Motars - Copy\\vehicle-quotation-system\\utils\\pdfGenerator.js:198:11)\n    at exports.createQuotation (E:\\Exilance-Project\\Gandhi Motars - Copy\\vehicle-quotation-system\\controllers\\quotationController.js:423:24)\n    at process.processTicksAndRejections (node:internal/process/task_queues:95:5)","stack":null}
{"timestamp":"2025-05-16 15:26:34","level":"\u001b[32MINFO\u001b[39M","message":"SIGINT RECEIVED. Shutting down gracefully...","stack":null}
{"timestamp":"2025-05-16 15:26:49","level":"\u001b[32MINFO\u001b[39M","message":"Starting server initialization...","stack":null}
{"timestamp":"2025-05-16 15:26:49","level":"\u001b[32MINFO\u001b[39M","message":"Connecting to MongoDB...","stack":null}
{"timestamp":"2025-05-16 15:26:49","level":"\u001b[32MINFO\u001b[39M","message":"✅ MongoDB Connected Successfully","stack":null}
{"timestamp":"2025-05-16 15:26:49","level":"\u001b[32MINFO\u001b[39M","message":"Initializing roles...","stack":null}
{"timestamp":"2025-05-16 15:26:49","level":"\u001b[32MINFO\u001b[39M","message":"Default roles initialized","stack":null}
{"timestamp":"2025-05-16 15:26:49","level":"\u001b[32MINFO\u001b[39M","message":"Server running on port 5002","stack":null}
{"timestamp":"2025-05-16 15:26:49","level":"\u001b[32MINFO\u001b[39M","message":"Environment: development","stack":null}
{"timestamp":"2025-05-16 15:26:50","level":"\u001b[32MINFO\u001b[39M","message":"Email transporter is ready","stack":null}
{"timestamp":"2025-05-16 15:26:55","level":"\u001b[32MINFO\u001b[39M","message":"POST /api/quotations","stack":null}
{"timestamp":"2025-05-16 15:26:55","level":"\u001b[32MINFO\u001b[39M","message":"Fetched 12 finance documents","stack":null}
{"timestamp":"2025-05-16 15:27:49","level":"\u001b[32MINFO\u001b[39M","message":"POST /api/quotations","stack":null}
{"timestamp":"2025-05-16 15:27:49","level":"\u001b[32MINFO\u001b[39M","message":"Fetched 12 finance documents","stack":null}
{"timestamp":"2025-05-16 15:31:27","level":"\u001b[32MINFO\u001b[39M","message":"POST /api/quotations","stack":null}
{"timestamp":"2025-05-16 15:31:27","level":"\u001b[32MINFO\u001b[39M","message":"Fetched 12 finance documents","stack":null}
{"timestamp":"2025-05-16 15:31:56","level":"\u001b[32MINFO\u001b[39M","message":"POST /api/quotations","stack":null}
{"timestamp":"2025-05-16 15:31:56","level":"\u001b[32MINFO\u001b[39M","message":"Fetched 12 finance documents","stack":null}
{"timestamp":"2025-05-16 15:32:44","level":"\u001b[32MINFO\u001b[39M","message":"POST /api/quotations","stack":null}
{"timestamp":"2025-05-16 15:32:44","level":"\u001b[32MINFO\u001b[39M","message":"Fetched 12 finance documents","stack":null}
{"timestamp":"2025-05-16 15:33:58","level":"\u001b[32MINFO\u001b[39M","message":"POST /api/quotations","stack":null}
{"timestamp":"2025-05-16 15:33:58","level":"\u001b[32MINFO\u001b[39M","message":"Fetched 12 finance documents","stack":null}
{"timestamp":"2025-05-16 15:34:32","level":"\u001b[32MINFO\u001b[39M","message":"POST /api/quotations","stack":null}
{"timestamp":"2025-05-16 15:34:32","level":"\u001b[32MINFO\u001b[39M","message":"Fetched 12 finance documents","stack":null}
{"timestamp":"2025-05-16 15:41:26","level":"\u001b[32MINFO\u001b[39M","message":"POST /api/quotations","stack":null}
{"timestamp":"2025-05-16 15:41:27","level":"\u001b[32MINFO\u001b[39M","message":"Fetched 12 finance documents","stack":null}
{"timestamp":"2025-05-16 15:42:08","level":"\u001b[32MINFO\u001b[39M","message":"POST /api/quotations","stack":null}
{"timestamp":"2025-05-16 15:42:08","level":"\u001b[32MINFO\u001b[39M","message":"Fetched 12 finance documents","stack":null}
{"timestamp":"2025-05-16 15:43:20","level":"\u001b[32MINFO\u001b[39M","message":"POST /api/quotations","stack":null}
{"timestamp":"2025-05-16 15:43:20","level":"\u001b[32MINFO\u001b[39M","message":"Fetched 12 finance documents","stack":null}
{"timestamp":"2025-05-16 15:44:36","level":"\u001b[32MINFO\u001b[39M","message":"POST /api/quotations","stack":null}
{"timestamp":"2025-05-16 15:44:36","level":"\u001b[32MINFO\u001b[39M","message":"Fetched 12 finance documents","stack":null}
{"timestamp":"2025-05-16 16:06:44","level":"\u001b[32MINFO\u001b[39M","message":"SIGINT RECEIVED. Shutting down gracefully...","stack":null}
{"timestamp":"2025-05-16 16:06:59","level":"\u001b[32MINFO\u001b[39M","message":"Starting server initialization...","stack":null}
{"timestamp":"2025-05-16 16:07:00","level":"\u001b[32MINFO\u001b[39M","message":"Connecting to MongoDB...","stack":null}
{"timestamp":"2025-05-16 16:07:00","level":"\u001b[32MINFO\u001b[39M","message":"✅ MongoDB Connected Successfully","stack":null}
{"timestamp":"2025-05-16 16:07:00","level":"\u001b[32MINFO\u001b[39M","message":"Initializing roles...","stack":null}
{"timestamp":"2025-05-16 16:07:00","level":"\u001b[32MINFO\u001b[39M","message":"Default roles initialized","stack":null}
{"timestamp":"2025-05-16 16:07:00","level":"\u001b[32MINFO\u001b[39M","message":"Server running on port 5002","stack":null}
{"timestamp":"2025-05-16 16:07:00","level":"\u001b[32MINFO\u001b[39M","message":"Environment: development","stack":null}
{"timestamp":"2025-05-16 16:07:01","level":"\u001b[32MINFO\u001b[39M","message":"Email transporter is ready","stack":null}
{"timestamp":"2025-05-16 16:07:04","level":"\u001b[32MINFO\u001b[39M","message":"POST /api/quotations","stack":null}
{"timestamp":"2025-05-16 16:07:04","level":"\u001b[32MINFO\u001b[39M","message":"Fetched 12 finance documents","stack":null}
{"timestamp":"2025-05-16 16:08:05","level":"\u001b[32MINFO\u001b[39M","message":"POST /api/quotations","stack":null}
{"timestamp":"2025-05-16 16:08:05","level":"\u001b[32MINFO\u001b[39M","message":"Fetched 12 finance documents","stack":null}
{"timestamp":"2025-05-16 16:08:52","level":"\u001b[32MINFO\u001b[39M","message":"POST /api/quotations","stack":null}
{"timestamp":"2025-05-16 16:08:52","level":"\u001b[32MINFO\u001b[39M","message":"Fetched 12 finance documents","stack":null}
{"timestamp":"2025-05-16 16:12:07","level":"\u001b[32MINFO\u001b[39M","message":"POST /api/quotations","stack":null}
{"timestamp":"2025-05-16 16:12:07","level":"\u001b[32MINFO\u001b[39M","message":"Fetched 12 finance documents","stack":null}
{"timestamp":"2025-05-16 16:13:56","level":"\u001b[32MINFO\u001b[39M","message":"POST /api/quotations","stack":null}
{"timestamp":"2025-05-16 16:13:57","level":"\u001b[32MINFO\u001b[39M","message":"Fetched 12 finance documents","stack":null}
{"timestamp":"2025-05-16 16:15:11","level":"\u001b[32MINFO\u001b[39M","message":"POST /api/quotations","stack":null}
{"timestamp":"2025-05-16 16:15:11","level":"\u001b[32MINFO\u001b[39M","message":"Fetched 12 finance documents","stack":null}
{"timestamp":"2025-05-16 16:16:54","level":"\u001b[32MINFO\u001b[39M","message":"POST /api/quotations","stack":null}
{"timestamp":"2025-05-16 16:16:54","level":"\u001b[32MINFO\u001b[39M","message":"Fetched 12 finance documents","stack":null}
{"timestamp":"2025-05-16 16:17:29","level":"\u001b[32MINFO\u001b[39M","message":"POST /api/quotations","stack":null}
{"timestamp":"2025-05-16 16:17:29","level":"\u001b[32MINFO\u001b[39M","message":"Fetched 12 finance documents","stack":null}
{"timestamp":"2025-05-16 16:19:13","level":"\u001b[32MINFO\u001b[39M","message":"POST /api/quotations","stack":null}
{"timestamp":"2025-05-16 16:19:13","level":"\u001b[32MINFO\u001b[39M","message":"Fetched 12 finance documents","stack":null}
{"timestamp":"2025-05-16 16:19:56","level":"\u001b[32MINFO\u001b[39M","message":"POST /api/quotations","stack":null}
{"timestamp":"2025-05-16 16:19:56","level":"\u001b[32MINFO\u001b[39M","message":"Fetched 12 finance documents","stack":null}
{"timestamp":"2025-05-16 16:20:21","level":"\u001b[32MINFO\u001b[39M","message":"POST /api/quotations","stack":null}
{"timestamp":"2025-05-16 16:20:21","level":"\u001b[32MINFO\u001b[39M","message":"Fetched 12 finance documents","stack":null}
{"timestamp":"2025-05-16 16:29:27","level":"\u001b[32MINFO\u001b[39M","message":"POST /api/quotations","stack":null}
{"timestamp":"2025-05-16 16:29:27","level":"\u001b[32MINFO\u001b[39M","message":"Fetched 12 finance documents","stack":null}
{"timestamp":"2025-05-16 16:31:59","level":"\u001b[32MINFO\u001b[39M","message":"POST /api/quotations","stack":null}
{"timestamp":"2025-05-16 16:31:59","level":"\u001b[32MINFO\u001b[39M","message":"Fetched 12 finance documents","stack":null}
{"timestamp":"2025-05-16 16:34:01","level":"\u001b[32MINFO\u001b[39M","message":"POST /api/quotations","stack":null}
{"timestamp":"2025-05-16 16:34:01","level":"\u001b[32MINFO\u001b[39M","message":"Fetched 12 finance documents","stack":null}
{"timestamp":"2025-05-16 16:34:53","level":"\u001b[32MINFO\u001b[39M","message":"POST /api/quotations","stack":null}
{"timestamp":"2025-05-16 16:34:53","level":"\u001b[32MINFO\u001b[39M","message":"Fetched 12 finance documents","stack":null}
{"timestamp":"2025-05-16 16:35:30","level":"\u001b[32MINFO\u001b[39M","message":"POST /api/quotations","stack":null}
{"timestamp":"2025-05-16 16:35:30","level":"\u001b[32MINFO\u001b[39M","message":"Fetched 12 finance documents","stack":null}
{"timestamp":"2025-05-16 16:36:06","level":"\u001b[32MINFO\u001b[39M","message":"POST /api/quotations","stack":null}
{"timestamp":"2025-05-16 16:36:06","level":"\u001b[32MINFO\u001b[39M","message":"Fetched 12 finance documents","stack":null}
{"timestamp":"2025-05-16 16:37:28","level":"\u001b[32MINFO\u001b[39M","message":"POST /api/quotations","stack":null}
{"timestamp":"2025-05-16 16:37:28","level":"\u001b[32MINFO\u001b[39M","message":"Fetched 12 finance documents","stack":null}
{"timestamp":"2025-05-16 16:37:48","level":"\u001b[32MINFO\u001b[39M","message":"POST /api/quotations","stack":null}
{"timestamp":"2025-05-16 16:37:48","level":"\u001b[32MINFO\u001b[39M","message":"Fetched 12 finance documents","stack":null}
{"timestamp":"2025-05-16 16:38:43","level":"\u001b[32MINFO\u001b[39M","message":"POST /api/quotations","stack":null}
{"timestamp":"2025-05-16 16:38:43","level":"\u001b[32MINFO\u001b[39M","message":"Fetched 12 finance documents","stack":null}
{"timestamp":"2025-05-16 17:15:23","level":"\u001b[32MINFO\u001b[39M","message":"POST /api/quotations","stack":null}
{"timestamp":"2025-05-16 17:15:23","level":"\u001b[32MINFO\u001b[39M","message":"Fetched 12 finance documents","stack":null}
{"timestamp":"2025-05-16 17:23:16","level":"\u001b[32MINFO\u001b[39M","message":"POST /api/quotations","stack":null}
{"timestamp":"2025-05-16 17:23:16","level":"\u001b[32MINFO\u001b[39M","message":"Fetched 12 finance documents","stack":null}
{"timestamp":"2025-05-16 17:23:16","level":"\u001b[31MERROR\u001b[39M","message":"PDF generation error: Missing helper: \"hasAccessories\"","stack":"Error: Missing helper: \"hasAccessories\"\n    at Object.<anonymous> (E:\\Exilance-Project\\Gandhi Motars - Copy\\vehicle-quotation-system\\node_modules\\handlebars\\dist\\cjs\\handlebars\\helpers\\helper-missing.js:19:13)\n    at Object.wrapper (E:\\Exilance-Project\\Gandhi Motars - Copy\\vehicle-quotation-system\\node_modules\\handlebars\\dist\\cjs\\handlebars\\internal\\wrapHelper.js:15:19)\n    at Object.eval [as main] (eval at createFunctionContext (E:\\Exilance-Project\\Gandhi Motars - Copy\\vehicle-quotation-system\\node_modules\\handlebars\\dist\\cjs\\handlebars\\compiler\\javascript-compiler.js:262:23), <anonymous>:57:255)\n    at main (E:\\Exilance-Project\\Gandhi Motars - Copy\\vehicle-quotation-system\\node_modules\\handlebars\\dist\\cjs\\handlebars\\runtime.js:208:32)\n    at ret (E:\\Exilance-Project\\Gandhi Motars - Copy\\vehicle-quotation-system\\node_modules\\handlebars\\dist\\cjs\\handlebars\\runtime.js:212:12)\n    at ret (E:\\Exilance-Project\\Gandhi Motars - Copy\\vehicle-quotation-system\\node_modules\\handlebars\\dist\\cjs\\handlebars\\compiler\\compiler.js:519:21)\n    at Object.generateQuotationPDF (E:\\Exilance-Project\\Gandhi Motars - Copy\\vehicle-quotation-system\\utils\\pdfGenerator.js:172:18)\n    at exports.createQuotation (E:\\Exilance-Project\\Gandhi Motars - Copy\\vehicle-quotation-system\\controllers\\quotationController.js:423:24)\n    at process.processTicksAndRejections (node:internal/process/task_queues:95:5)"}
{"timestamp":"2025-05-16 17:23:16","level":"\u001b[31MERROR\u001b[39M","message":"Error in quotation preparation: PDF generation failed: Missing helper: \"hasAccessories\"","stack":null}
{"timestamp":"2025-05-16 17:23:16","level":"\u001b[31MERROR\u001b[39M","message":"Error: PDF generation failed: Missing helper: \"hasAccessories\"","stack":null}
{"timestamp":"2025-05-16 17:23:16","level":"\u001b[31MERROR\u001b[39M","message":"Error: PDF generation failed: Missing helper: \"hasAccessories\"\n    at Object.generateQuotationPDF (E:\\Exilance-Project\\Gandhi Motars - Copy\\vehicle-quotation-system\\utils\\pdfGenerator.js:200:11)\n    at exports.createQuotation (E:\\Exilance-Project\\Gandhi Motars - Copy\\vehicle-quotation-system\\controllers\\quotationController.js:423:24)\n    at process.processTicksAndRejections (node:internal/process/task_queues:95:5)","stack":null}
{"timestamp":"2025-05-16 17:23:24","level":"\u001b[32MINFO\u001b[39M","message":"SIGINT RECEIVED. Shutting down gracefully...","stack":null}
{"timestamp":"2025-05-16 17:23:41","level":"\u001b[32MINFO\u001b[39M","message":"Starting server initialization...","stack":null}
{"timestamp":"2025-05-16 17:23:41","level":"\u001b[32MINFO\u001b[39M","message":"Connecting to MongoDB...","stack":null}
{"timestamp":"2025-05-16 17:23:41","level":"\u001b[32MINFO\u001b[39M","message":"✅ MongoDB Connected Successfully","stack":null}
{"timestamp":"2025-05-16 17:23:41","level":"\u001b[32MINFO\u001b[39M","message":"Initializing roles...","stack":null}
{"timestamp":"2025-05-16 17:23:41","level":"\u001b[32MINFO\u001b[39M","message":"Default roles initialized","stack":null}
{"timestamp":"2025-05-16 17:23:41","level":"\u001b[32MINFO\u001b[39M","message":"Server running on port 5002","stack":null}
{"timestamp":"2025-05-16 17:23:41","level":"\u001b[32MINFO\u001b[39M","message":"Environment: development","stack":null}
{"timestamp":"2025-05-16 17:23:43","level":"\u001b[32MINFO\u001b[39M","message":"Email transporter is ready","stack":null}
{"timestamp":"2025-05-16 17:23:47","level":"\u001b[32MINFO\u001b[39M","message":"POST /api/quotations","stack":null}
{"timestamp":"2025-05-16 17:23:47","level":"\u001b[32MINFO\u001b[39M","message":"Fetched 12 finance documents","stack":null}
{"timestamp":"2025-05-16 17:23:47","level":"\u001b[31MERROR\u001b[39M","message":"PDF generation error: Browser was not found at the configured executablePath (/usr/bin/google-chrome)","stack":"Error: Browser was not found at the configured executablePath (/usr/bin/google-chrome)\n    at ChromeLauncher.launch (E:\\Exilance-Project\\Gandhi Motars - Copy\\vehicle-quotation-system\\node_modules\\puppeteer-core\\lib\\cjs\\puppeteer\\node\\BrowserLauncher.js:89:19)\n    at async Object.generateQuotationPDF (E:\\Exilance-Project\\Gandhi Motars - Copy\\vehicle-quotation-system\\utils\\pdfGenerator.js:201:15)\n    at async exports.createQuotation (E:\\Exilance-Project\\Gandhi Motars - Copy\\vehicle-quotation-system\\controllers\\quotationController.js:423:5)"}
{"timestamp":"2025-05-16 17:23:47","level":"\u001b[31MERROR\u001b[39M","message":"Error in quotation preparation: PDF generation failed: Browser was not found at the configured executablePath (/usr/bin/google-chrome)","stack":null}
{"timestamp":"2025-05-16 17:23:47","level":"\u001b[31MERROR\u001b[39M","message":"Error: PDF generation failed: Browser was not found at the configured executablePath (/usr/bin/google-chrome)","stack":null}
{"timestamp":"2025-05-16 17:23:47","level":"\u001b[31MERROR\u001b[39M","message":"Error: PDF generation failed: Browser was not found at the configured executablePath (/usr/bin/google-chrome)\n    at Object.generateQuotationPDF (E:\\Exilance-Project\\Gandhi Motars - Copy\\vehicle-quotation-system\\utils\\pdfGenerator.js:223:11)\n    at async exports.createQuotation (E:\\Exilance-Project\\Gandhi Motars - Copy\\vehicle-quotation-system\\controllers\\quotationController.js:423:5)","stack":null}
{"timestamp":"2025-05-16 17:24:56","level":"\u001b[32MINFO\u001b[39M","message":"POST /api/quotations","stack":null}
{"timestamp":"2025-05-16 17:24:56","level":"\u001b[32MINFO\u001b[39M","message":"Fetched 12 finance documents","stack":null}
{"timestamp":"2025-05-16 17:24:56","level":"\u001b[31MERROR\u001b[39M","message":"PDF generation error: Browser was not found at the configured executablePath (/usr/bin/google-chrome)","stack":"Error: Browser was not found at the configured executablePath (/usr/bin/google-chrome)\n    at ChromeLauncher.launch (E:\\Exilance-Project\\Gandhi Motars - Copy\\vehicle-quotation-system\\node_modules\\puppeteer-core\\lib\\cjs\\puppeteer\\node\\BrowserLauncher.js:89:19)\n    at async Object.generateQuotationPDF (E:\\Exilance-Project\\Gandhi Motars - Copy\\vehicle-quotation-system\\utils\\pdfGenerator.js:201:15)\n    at async exports.createQuotation (E:\\Exilance-Project\\Gandhi Motars - Copy\\vehicle-quotation-system\\controllers\\quotationController.js:423:5)"}
{"timestamp":"2025-05-16 17:24:56","level":"\u001b[31MERROR\u001b[39M","message":"Error in quotation preparation: PDF generation failed: Browser was not found at the configured executablePath (/usr/bin/google-chrome)","stack":null}
{"timestamp":"2025-05-16 17:24:56","level":"\u001b[31MERROR\u001b[39M","message":"Error: PDF generation failed: Browser was not found at the configured executablePath (/usr/bin/google-chrome)","stack":null}
{"timestamp":"2025-05-16 17:24:56","level":"\u001b[31MERROR\u001b[39M","message":"Error: PDF generation failed: Browser was not found at the configured executablePath (/usr/bin/google-chrome)\n    at Object.generateQuotationPDF (E:\\Exilance-Project\\Gandhi Motars - Copy\\vehicle-quotation-system\\utils\\pdfGenerator.js:223:11)\n    at async exports.createQuotation (E:\\Exilance-Project\\Gandhi Motars - Copy\\vehicle-quotation-system\\controllers\\quotationController.js:423:5)","stack":null}
{"timestamp":"2025-05-16 17:25:01","level":"\u001b[32MINFO\u001b[39M","message":"SIGINT RECEIVED. Shutting down gracefully...","stack":null}
{"timestamp":"2025-05-16 17:25:26","level":"\u001b[32MINFO\u001b[39M","message":"Starting server initialization...","stack":null}
{"timestamp":"2025-05-16 17:25:26","level":"\u001b[32MINFO\u001b[39M","message":"Connecting to MongoDB...","stack":null}
{"timestamp":"2025-05-16 17:25:26","level":"\u001b[32MINFO\u001b[39M","message":"✅ MongoDB Connected Successfully","stack":null}
{"timestamp":"2025-05-16 17:25:26","level":"\u001b[32MINFO\u001b[39M","message":"Initializing roles...","stack":null}
{"timestamp":"2025-05-16 17:25:26","level":"\u001b[32MINFO\u001b[39M","message":"Default roles initialized","stack":null}
{"timestamp":"2025-05-16 17:25:26","level":"\u001b[32MINFO\u001b[39M","message":"Server running on port 5002","stack":null}
{"timestamp":"2025-05-16 17:25:26","level":"\u001b[32MINFO\u001b[39M","message":"Environment: development","stack":null}
{"timestamp":"2025-05-16 17:25:32","level":"\u001b[32MINFO\u001b[39M","message":"POST /api/quotations","stack":null}
{"timestamp":"2025-05-16 17:25:32","level":"\u001b[32MINFO\u001b[39M","message":"Fetched 12 finance documents","stack":null}
{"timestamp":"2025-05-16 17:25:58","level":"\u001b[32MINFO\u001b[39M","message":"Email transporter is ready","stack":null}
{"timestamp":"2025-05-16 17:36:05","level":"\u001b[32MINFO\u001b[39M","message":"POST /api/quotations","stack":null}
{"timestamp":"2025-05-16 17:36:06","level":"\u001b[32MINFO\u001b[39M","message":"Fetched 12 finance documents","stack":null}
{"timestamp":"2025-05-16 17:39:48","level":"\u001b[32MINFO\u001b[39M","message":"GET /api/quotations","stack":null}
{"timestamp":"2025-05-16 17:45:14","level":"\u001b[32MINFO\u001b[39M","message":"Starting server initialization...","stack":null}
{"timestamp":"2025-05-16 17:45:14","level":"\u001b[32MINFO\u001b[39M","message":"Connecting to MongoDB...","stack":null}
{"timestamp":"2025-05-16 17:45:14","level":"\u001b[32MINFO\u001b[39M","message":"✅ MongoDB Connected Successfully","stack":null}
{"timestamp":"2025-05-16 17:45:14","level":"\u001b[32MINFO\u001b[39M","message":"Initializing roles...","stack":null}
{"timestamp":"2025-05-16 17:45:14","level":"\u001b[32MINFO\u001b[39M","message":"Default roles initialized","stack":null}
{"timestamp":"2025-05-16 17:45:14","level":"\u001b[32MINFO\u001b[39M","message":"Server running on port 5002","stack":null}
{"timestamp":"2025-05-16 17:45:14","level":"\u001b[32MINFO\u001b[39M","message":"Environment: development","stack":null}
{"timestamp":"2025-05-16 17:45:17","level":"\u001b[32MINFO\u001b[39M","message":"Email transporter is ready","stack":null}
{"timestamp":"2025-05-16 17:46:13","level":"\u001b[32MINFO\u001b[39M","message":"Starting server initialization...","stack":null}
{"timestamp":"2025-05-16 17:46:13","level":"\u001b[32MINFO\u001b[39M","message":"Connecting to MongoDB...","stack":null}
{"timestamp":"2025-05-16 17:46:13","level":"\u001b[32MINFO\u001b[39M","message":"✅ MongoDB Connected Successfully","stack":null}
{"timestamp":"2025-05-16 17:46:13","level":"\u001b[32MINFO\u001b[39M","message":"Initializing roles...","stack":null}
{"timestamp":"2025-05-16 17:46:13","level":"\u001b[32MINFO\u001b[39M","message":"Default roles initialized","stack":null}
{"timestamp":"2025-05-16 17:46:13","level":"\u001b[32MINFO\u001b[39M","message":"Server running on port 5002","stack":null}
{"timestamp":"2025-05-16 17:46:13","level":"\u001b[32MINFO\u001b[39M","message":"Environment: development","stack":null}
{"timestamp":"2025-05-16 17:46:14","level":"\u001b[32MINFO\u001b[39M","message":"Email transporter is ready","stack":null}
{"timestamp":"2025-05-16 17:46:17","level":"\u001b[32MINFO\u001b[39M","message":"GET /api/quotations","stack":null}
{"timestamp":"2025-05-16 17:47:24","level":"\u001b[32MINFO\u001b[39M","message":"POST /api/users/login","stack":null}
{"timestamp":"2025-05-16 17:47:25","level":"\u001b[32MINFO\u001b[39M","message":"Saving user: sales9","stack":null}
{"timestamp":"2025-05-16 17:47:27","level":"\u001b[32MINFO\u001b[39M","message":"OTP sent to devitaaher15@gmail.com","stack":null}
{"timestamp":"2025-05-16 17:47:27","level":"\u001b[32MINFO\u001b[39M","message":"OTP sent to user: devitaaher15@gmail.com","stack":null}
{"timestamp":"2025-05-16 17:48:22","level":"\u001b[32MINFO\u001b[39M","message":"POST /api/users/verify-otp","stack":null}
{"timestamp":"2025-05-16 17:48:22","level":"\u001b[32MINFO\u001b[39M","message":"Saving user: sales9","stack":null}
{"timestamp":"2025-05-16 17:48:22","level":"\u001b[32MINFO\u001b[39M","message":"Saving user: sales9","stack":null}
{"timestamp":"2025-05-16 17:48:22","level":"\u001b[32MINFO\u001b[39M","message":"User logged in: devitaaher15@gmail.com","stack":null}
{"timestamp":"2025-05-16 17:48:47","level":"\u001b[32MINFO\u001b[39M","message":"GET /api/quotations","stack":null}
{"timestamp":"2025-05-16 17:48:56","level":"\u001b[32MINFO\u001b[39M","message":"POST /api/quotations","stack":null}
{"timestamp":"2025-05-16 17:48:56","level":"\u001b[32MINFO\u001b[39M","message":"Fetched 12 finance documents","stack":null}
{"timestamp":"2025-05-16 17:48:57","level":"\u001b[31MERROR\u001b[39M","message":"PDF generation error: Browser was not found at the configured executablePath (/usr/bin/google-chrome)","stack":"Error: Browser was not found at the configured executablePath (/usr/bin/google-chrome)\n    at ChromeLauncher.launch (E:\\Exilance-Project\\Gandhi Motars - Copy\\vehicle-quotation-system\\node_modules\\puppeteer-core\\lib\\cjs\\puppeteer\\node\\BrowserLauncher.js:89:19)\n    at async Object.generateQuotationPDF (E:\\Exilance-Project\\Gandhi Motars - Copy\\vehicle-quotation-system\\utils\\pdfGenerator.js:201:15)\n    at async exports.createQuotation (E:\\Exilance-Project\\Gandhi Motars - Copy\\vehicle-quotation-system\\controllers\\quotationController.js:423:5)"}
{"timestamp":"2025-05-16 17:48:57","level":"\u001b[31MERROR\u001b[39M","message":"Error in quotation preparation: PDF generation failed: Browser was not found at the configured executablePath (/usr/bin/google-chrome)","stack":null}
{"timestamp":"2025-05-16 17:48:57","level":"\u001b[31MERROR\u001b[39M","message":"Error: PDF generation failed: Browser was not found at the configured executablePath (/usr/bin/google-chrome)","stack":null}
{"timestamp":"2025-05-16 17:48:57","level":"\u001b[31MERROR\u001b[39M","message":"Error: PDF generation failed: Browser was not found at the configured executablePath (/usr/bin/google-chrome)\n    at Object.generateQuotationPDF (E:\\Exilance-Project\\Gandhi Motars - Copy\\vehicle-quotation-system\\utils\\pdfGenerator.js:223:11)\n    at async exports.createQuotation (E:\\Exilance-Project\\Gandhi Motars - Copy\\vehicle-quotation-system\\controllers\\quotationController.js:423:5)","stack":null}
{"timestamp":"2025-05-16 17:49:13","level":"\u001b[32MINFO\u001b[39M","message":"POST /api/quotations","stack":null}
{"timestamp":"2025-05-16 17:49:13","level":"\u001b[32MINFO\u001b[39M","message":"Fetched 12 finance documents","stack":null}
{"timestamp":"2025-05-16 17:49:14","level":"\u001b[31MERROR\u001b[39M","message":"PDF generation error: Browser was not found at the configured executablePath (/usr/bin/google-chrome)","stack":"Error: Browser was not found at the configured executablePath (/usr/bin/google-chrome)\n    at ChromeLauncher.launch (E:\\Exilance-Project\\Gandhi Motars - Copy\\vehicle-quotation-system\\node_modules\\puppeteer-core\\lib\\cjs\\puppeteer\\node\\BrowserLauncher.js:89:19)\n    at async Object.generateQuotationPDF (E:\\Exilance-Project\\Gandhi Motars - Copy\\vehicle-quotation-system\\utils\\pdfGenerator.js:201:15)\n    at async exports.createQuotation (E:\\Exilance-Project\\Gandhi Motars - Copy\\vehicle-quotation-system\\controllers\\quotationController.js:423:5)"}
{"timestamp":"2025-05-16 17:49:14","level":"\u001b[31MERROR\u001b[39M","message":"Error in quotation preparation: PDF generation failed: Browser was not found at the configured executablePath (/usr/bin/google-chrome)","stack":null}
{"timestamp":"2025-05-16 17:49:14","level":"\u001b[31MERROR\u001b[39M","message":"Error: PDF generation failed: Browser was not found at the configured executablePath (/usr/bin/google-chrome)","stack":null}
{"timestamp":"2025-05-16 17:49:14","level":"\u001b[31MERROR\u001b[39M","message":"Error: PDF generation failed: Browser was not found at the configured executablePath (/usr/bin/google-chrome)\n    at Object.generateQuotationPDF (E:\\Exilance-Project\\Gandhi Motars - Copy\\vehicle-quotation-system\\utils\\pdfGenerator.js:223:11)\n    at async exports.createQuotation (E:\\Exilance-Project\\Gandhi Motars - Copy\\vehicle-quotation-system\\controllers\\quotationController.js:423:5)","stack":null}
{"timestamp":"2025-05-16 17:49:17","level":"\u001b[32MINFO\u001b[39M","message":"SIGINT RECEIVED. Shutting down gracefully...","stack":null}
{"timestamp":"2025-05-16 17:49:28","level":"\u001b[32MINFO\u001b[39M","message":"Starting server initialization...","stack":null}
{"timestamp":"2025-05-16 17:49:28","level":"\u001b[32MINFO\u001b[39M","message":"Connecting to MongoDB...","stack":null}
{"timestamp":"2025-05-16 17:49:28","level":"\u001b[32MINFO\u001b[39M","message":"✅ MongoDB Connected Successfully","stack":null}
{"timestamp":"2025-05-16 17:49:28","level":"\u001b[32MINFO\u001b[39M","message":"Initializing roles...","stack":null}
{"timestamp":"2025-05-16 17:49:29","level":"\u001b[32MINFO\u001b[39M","message":"Default roles initialized","stack":null}
{"timestamp":"2025-05-16 17:49:29","level":"\u001b[32MINFO\u001b[39M","message":"Server running on port 5002","stack":null}
{"timestamp":"2025-05-16 17:49:29","level":"\u001b[32MINFO\u001b[39M","message":"Environment: development","stack":null}
{"timestamp":"2025-05-16 17:49:29","level":"\u001b[32MINFO\u001b[39M","message":"POST /api/quotations","stack":null}
{"timestamp":"2025-05-16 17:49:29","level":"\u001b[32MINFO\u001b[39M","message":"Fetched 12 finance documents","stack":null}
{"timestamp":"2025-05-16 17:49:29","level":"\u001b[32MINFO\u001b[39M","message":"Email transporter is ready","stack":null}
{"timestamp":"2025-05-16 17:49:44","level":"\u001b[32MINFO\u001b[39M","message":"GET /api/quotations","stack":null}
{"timestamp":"2025-05-16 17:50:36","level":"\u001b[32MINFO\u001b[39M","message":"GET /api/quotations","stack":null}
{"timestamp":"2025-05-16 17:50:44","level":"\u001b[32MINFO\u001b[39M","message":"POST /api/quotations","stack":null}
{"timestamp":"2025-05-16 17:50:44","level":"\u001b[32MINFO\u001b[39M","message":"Fetched 12 finance documents","stack":null}
{"timestamp":"2025-05-16 17:51:08","level":"\u001b[32MINFO\u001b[39M","message":"GET /api/quotations","stack":null}
{"timestamp":"2025-05-16 18:03:22","level":"\u001b[32MINFO\u001b[39M","message":"Starting server initialization...","stack":null}
{"timestamp":"2025-05-16 18:03:22","level":"\u001b[32MINFO\u001b[39M","message":"Connecting to MongoDB...","stack":null}
{"timestamp":"2025-05-16 18:03:22","level":"\u001b[32MINFO\u001b[39M","message":"✅ MongoDB Connected Successfully","stack":null}
{"timestamp":"2025-05-16 18:03:22","level":"\u001b[32MINFO\u001b[39M","message":"Initializing roles...","stack":null}
{"timestamp":"2025-05-16 18:03:22","level":"\u001b[32MINFO\u001b[39M","message":"Default roles initialized","stack":null}
{"timestamp":"2025-05-16 18:03:22","level":"\u001b[32MINFO\u001b[39M","message":"Server running on port 5002","stack":null}
{"timestamp":"2025-05-16 18:03:22","level":"\u001b[32MINFO\u001b[39M","message":"Environment: development","stack":null}
{"timestamp":"2025-05-16 18:03:23","level":"\u001b[32MINFO\u001b[39M","message":"Email transporter is ready","stack":null}
