{"timestamp":"2025-04-24 11:34:10","level":"\u001b[32MINFO\u001b[39M","message":"Starting server initialization...","stack":null}
{"timestamp":"2025-04-24 11:34:10","level":"\u001b[32MINFO\u001b[39M","message":"Connecting to MongoDB...","stack":null}
{"timestamp":"2025-04-24 11:34:15","level":"\u001b[31MERROR\u001b[39M","message":"❌ MongoDB Connection Error:","stack":null}
{"timestamp":"2025-04-24 11:42:49","level":"\u001b[32MINFO\u001b[39M","message":"Starting server initialization...","stack":null}
{"timestamp":"2025-04-24 11:42:49","level":"\u001b[32MINFO\u001b[39M","message":"Connecting to MongoDB...","stack":null}
{"timestamp":"2025-04-24 11:42:50","level":"\u001b[32MINFO\u001b[39M","message":"✅ MongoDB Connected Successfully","stack":null}
{"timestamp":"2025-04-24 11:42:50","level":"\u001b[32MINFO\u001b[39M","message":"Initializing roles...","stack":null}
{"timestamp":"2025-04-24 11:42:50","level":"\u001b[32MINFO\u001b[39M","message":"Default roles initialized","stack":null}
{"timestamp":"2025-04-24 11:42:50","level":"\u001b[32MINFO\u001b[39M","message":"Server running on port 5000","stack":null}
{"timestamp":"2025-04-24 11:42:50","level":"\u001b[32MINFO\u001b[39M","message":"Environment: development","stack":null}
{"timestamp":"2025-04-24 11:44:59","level":"\u001b[32MINFO\u001b[39M","message":"POST /api/users/login","stack":null}
{"timestamp":"2025-04-24 11:44:59","level":"\u001b[33MWARN\u001b[39M","message":"Failed login attempt for username: superadmin","stack":null}
{"timestamp":"2025-04-24 11:44:59","level":"\u001b[31MERROR\u001b[39M","message":"Error: Invalid credentials","stack":null}
{"timestamp":"2025-04-24 11:44:59","level":"\u001b[31MERROR\u001b[39M","message":"Error: Invalid credentials\n    at exports.login (E:\\Exilance-Project\\Gandhi Motars\\vehicle-quotation-system\\controllers\\userController.js:195:19)\n    at process.processTicksAndRejections (node:internal/process/task_queues:95:5)","stack":null}
{"timestamp":"2025-04-24 11:45:08","level":"\u001b[32MINFO\u001b[39M","message":"POST /api/users/register-super-admin","stack":null}
{"timestamp":"2025-04-24 11:45:08","level":"\u001b[32MINFO\u001b[39M","message":"Saving role: super_admin","stack":null}
{"timestamp":"2025-04-24 11:45:08","level":"\u001b[32MINFO\u001b[39M","message":"Hashed password for user: superadmin","stack":null}
{"timestamp":"2025-04-24 11:45:08","level":"\u001b[32MINFO\u001b[39M","message":"Saving user: superadmin","stack":null}
{"timestamp":"2025-04-24 11:45:08","level":"\u001b[32MINFO\u001b[39M","message":"Super admin registered: superadmin","stack":null}
{"timestamp":"2025-04-24 11:46:25","level":"\u001b[32MINFO\u001b[39M","message":"POST /api/users/login","stack":null}
{"timestamp":"2025-04-24 11:46:26","level":"\u001b[32MINFO\u001b[39M","message":"Saving user: superadmin","stack":null}
{"timestamp":"2025-04-24 11:46:26","level":"\u001b[32MINFO\u001b[39M","message":"User logged in: superadmin","stack":null}
{"timestamp":"2025-04-24 11:46:47","level":"\u001b[32MINFO\u001b[39M","message":"POST /api/roles","stack":null}
{"timestamp":"2025-04-24 11:46:47","level":"\u001b[32MINFO\u001b[39M","message":"Saving role: sales4","stack":null}
{"timestamp":"2025-04-24 11:46:47","level":"\u001b[32MINFO\u001b[39M","message":"Role created: sales4 by 6809d6ecfc9bb3484ee22558","stack":null}
{"timestamp":"2025-04-24 11:49:36","level":"\u001b[32MINFO\u001b[39M","message":"GET /api/roles?","stack":null}
{"timestamp":"2025-04-24 11:49:36","level":"\u001b[31MERROR\u001b[39M","message":"Error: User not found","stack":null}
{"timestamp":"2025-04-24 11:49:36","level":"\u001b[31MERROR\u001b[39M","message":"Error: User not found\n    at exports.protect (E:\\Exilance-Project\\Gandhi Motars\\vehicle-quotation-system\\middlewares\\auth.js:28:19)\n    at process.processTicksAndRejections (node:internal/process/task_queues:95:5)","stack":null}
{"timestamp":"2025-04-24 11:49:54","level":"\u001b[32MINFO\u001b[39M","message":"GET /api/roles?","stack":null}
{"timestamp":"2025-04-24 11:49:54","level":"\u001b[32MINFO\u001b[39M","message":"Fetched 5 roles by 6809d6ecfc9bb3484ee22558","stack":null}
{"timestamp":"2025-04-24 11:53:59","level":"\u001b[32MINFO\u001b[39M","message":"POST /api/branches","stack":null}
{"timestamp":"2025-04-24 11:54:04","level":"\u001b[31MERROR\u001b[39M","message":"Error verifying token: connect ECONNREFUSED ::1:27017, connect ECONNREFUSED 127.0.0.1:27017","stack":"MongoServerSelectionError: connect ECONNREFUSED ::1:27017, connect ECONNREFUSED 127.0.0.1:27017\n    at Topology.selectServer (E:\\Exilance-Project\\Gandhi Motars\\vehicle-quotation-system\\node_modules\\mongodb\\lib\\sdam\\topology.js:321:38)\n    at async tryOperation (E:\\Exilance-Project\\Gandhi Motars\\vehicle-quotation-system\\node_modules\\mongodb\\lib\\operations\\execute_operation.js:145:18)\n    at async executeOperation (E:\\Exilance-Project\\Gandhi Motars\\vehicle-quotation-system\\node_modules\\mongodb\\lib\\operations\\execute_operation.js:75:16)\n    at async FindCursor._initialize (E:\\Exilance-Project\\Gandhi Motars\\vehicle-quotation-system\\node_modules\\mongodb\\lib\\cursor\\find_cursor.js:61:26)\n    at async FindCursor.cursorInit (E:\\Exilance-Project\\Gandhi Motars\\vehicle-quotation-system\\node_modules\\mongodb\\lib\\cursor\\abstract_cursor.js:633:27)\n    at async FindCursor.fetchBatch (E:\\Exilance-Project\\Gandhi Motars\\vehicle-quotation-system\\node_modules\\mongodb\\lib\\cursor\\abstract_cursor.js:667:13)\n    at async FindCursor.next (E:\\Exilance-Project\\Gandhi Motars\\vehicle-quotation-system\\node_modules\\mongodb\\lib\\cursor\\abstract_cursor.js:347:17)\n    at async Collection.findOne (E:\\Exilance-Project\\Gandhi Motars\\vehicle-quotation-system\\node_modules\\mongodb\\lib\\collection.js:277:21)\n    at async model.Query._findOne (E:\\Exilance-Project\\Gandhi Motars\\vehicle-quotation-system\\node_modules\\mongoose\\lib\\query.js:2661:15)\n    at async model.Query.exec (E:\\Exilance-Project\\Gandhi Motars\\vehicle-quotation-system\\node_modules\\mongoose\\lib\\query.js:4456:63)"}
{"timestamp":"2025-04-24 11:54:04","level":"\u001b[31MERROR\u001b[39M","message":"Error: Not authorized to access this route","stack":null}
{"timestamp":"2025-04-24 11:54:04","level":"\u001b[31MERROR\u001b[39M","message":"Error: Not authorized to access this route\n    at exports.protect (E:\\Exilance-Project\\Gandhi Motars\\vehicle-quotation-system\\middlewares\\auth.js:34:17)\n    at process.processTicksAndRejections (node:internal/process/task_queues:95:5)","stack":null}
{"timestamp":"2025-04-24 11:54:55","level":"\u001b[32MINFO\u001b[39M","message":"POST /api/branches","stack":null}
{"timestamp":"2025-04-24 11:55:00","level":"\u001b[31MERROR\u001b[39M","message":"Error verifying token: connect ECONNREFUSED ::1:27017, connect ECONNREFUSED 127.0.0.1:27017","stack":"MongoServerSelectionError: connect ECONNREFUSED ::1:27017, connect ECONNREFUSED 127.0.0.1:27017\n    at Topology.selectServer (E:\\Exilance-Project\\Gandhi Motars\\vehicle-quotation-system\\node_modules\\mongodb\\lib\\sdam\\topology.js:321:38)\n    at async tryOperation (E:\\Exilance-Project\\Gandhi Motars\\vehicle-quotation-system\\node_modules\\mongodb\\lib\\operations\\execute_operation.js:145:18)\n    at async executeOperation (E:\\Exilance-Project\\Gandhi Motars\\vehicle-quotation-system\\node_modules\\mongodb\\lib\\operations\\execute_operation.js:75:16)\n    at async FindCursor._initialize (E:\\Exilance-Project\\Gandhi Motars\\vehicle-quotation-system\\node_modules\\mongodb\\lib\\cursor\\find_cursor.js:61:26)\n    at async FindCursor.cursorInit (E:\\Exilance-Project\\Gandhi Motars\\vehicle-quotation-system\\node_modules\\mongodb\\lib\\cursor\\abstract_cursor.js:633:27)\n    at async FindCursor.fetchBatch (E:\\Exilance-Project\\Gandhi Motars\\vehicle-quotation-system\\node_modules\\mongodb\\lib\\cursor\\abstract_cursor.js:667:13)\n    at async FindCursor.next (E:\\Exilance-Project\\Gandhi Motars\\vehicle-quotation-system\\node_modules\\mongodb\\lib\\cursor\\abstract_cursor.js:347:17)\n    at async Collection.findOne (E:\\Exilance-Project\\Gandhi Motars\\vehicle-quotation-system\\node_modules\\mongodb\\lib\\collection.js:277:21)\n    at async model.Query._findOne (E:\\Exilance-Project\\Gandhi Motars\\vehicle-quotation-system\\node_modules\\mongoose\\lib\\query.js:2661:15)\n    at async model.Query.exec (E:\\Exilance-Project\\Gandhi Motars\\vehicle-quotation-system\\node_modules\\mongoose\\lib\\query.js:4456:63)"}
{"timestamp":"2025-04-24 11:55:00","level":"\u001b[31MERROR\u001b[39M","message":"Error: Not authorized to access this route","stack":null}
{"timestamp":"2025-04-24 11:55:00","level":"\u001b[31MERROR\u001b[39M","message":"Error: Not authorized to access this route\n    at exports.protect (E:\\Exilance-Project\\Gandhi Motars\\vehicle-quotation-system\\middlewares\\auth.js:34:17)\n    at process.processTicksAndRejections (node:internal/process/task_queues:95:5)","stack":null}
{"timestamp":"2025-04-24 11:55:20","level":"\u001b[32MINFO\u001b[39M","message":"POST /api/branches","stack":null}
{"timestamp":"2025-04-24 11:55:25","level":"\u001b[31MERROR\u001b[39M","message":"Error verifying token: connect ECONNREFUSED ::1:27017, connect ECONNREFUSED 127.0.0.1:27017","stack":"MongoServerSelectionError: connect ECONNREFUSED ::1:27017, connect ECONNREFUSED 127.0.0.1:27017\n    at Topology.selectServer (E:\\Exilance-Project\\Gandhi Motars\\vehicle-quotation-system\\node_modules\\mongodb\\lib\\sdam\\topology.js:321:38)\n    at async tryOperation (E:\\Exilance-Project\\Gandhi Motars\\vehicle-quotation-system\\node_modules\\mongodb\\lib\\operations\\execute_operation.js:145:18)\n    at async executeOperation (E:\\Exilance-Project\\Gandhi Motars\\vehicle-quotation-system\\node_modules\\mongodb\\lib\\operations\\execute_operation.js:75:16)\n    at async FindCursor._initialize (E:\\Exilance-Project\\Gandhi Motars\\vehicle-quotation-system\\node_modules\\mongodb\\lib\\cursor\\find_cursor.js:61:26)\n    at async FindCursor.cursorInit (E:\\Exilance-Project\\Gandhi Motars\\vehicle-quotation-system\\node_modules\\mongodb\\lib\\cursor\\abstract_cursor.js:633:27)\n    at async FindCursor.fetchBatch (E:\\Exilance-Project\\Gandhi Motars\\vehicle-quotation-system\\node_modules\\mongodb\\lib\\cursor\\abstract_cursor.js:667:13)\n    at async FindCursor.next (E:\\Exilance-Project\\Gandhi Motars\\vehicle-quotation-system\\node_modules\\mongodb\\lib\\cursor\\abstract_cursor.js:347:17)\n    at async Collection.findOne (E:\\Exilance-Project\\Gandhi Motars\\vehicle-quotation-system\\node_modules\\mongodb\\lib\\collection.js:277:21)\n    at async model.Query._findOne (E:\\Exilance-Project\\Gandhi Motars\\vehicle-quotation-system\\node_modules\\mongoose\\lib\\query.js:2661:15)\n    at async model.Query.exec (E:\\Exilance-Project\\Gandhi Motars\\vehicle-quotation-system\\node_modules\\mongoose\\lib\\query.js:4456:63)"}
{"timestamp":"2025-04-24 11:55:25","level":"\u001b[31MERROR\u001b[39M","message":"Error: Not authorized to access this route","stack":null}
{"timestamp":"2025-04-24 11:55:25","level":"\u001b[31MERROR\u001b[39M","message":"Error: Not authorized to access this route\n    at exports.protect (E:\\Exilance-Project\\Gandhi Motars\\vehicle-quotation-system\\middlewares\\auth.js:34:17)\n    at process.processTicksAndRejections (node:internal/process/task_queues:95:5)","stack":null}
{"timestamp":"2025-04-24 13:30:39","level":"\u001b[32MINFO\u001b[39M","message":"Starting server initialization...","stack":null}
{"timestamp":"2025-04-24 13:30:39","level":"\u001b[32MINFO\u001b[39M","message":"Connecting to MongoDB...","stack":null}
{"timestamp":"2025-04-24 13:30:44","level":"\u001b[31MERROR\u001b[39M","message":"❌ MongoDB Connection Error:","stack":null}
{"timestamp":"2025-04-24 13:31:10","level":"\u001b[32MINFO\u001b[39M","message":"Starting server initialization...","stack":null}
{"timestamp":"2025-04-24 13:31:10","level":"\u001b[32MINFO\u001b[39M","message":"Connecting to MongoDB...","stack":null}
{"timestamp":"2025-04-24 13:31:15","level":"\u001b[31MERROR\u001b[39M","message":"❌ MongoDB Connection Error:","stack":null}
{"timestamp":"2025-04-24 13:31:32","level":"\u001b[32MINFO\u001b[39M","message":"Starting server initialization...","stack":null}
{"timestamp":"2025-04-24 13:31:32","level":"\u001b[32MINFO\u001b[39M","message":"Connecting to MongoDB...","stack":null}
{"timestamp":"2025-04-24 13:31:37","level":"\u001b[31MERROR\u001b[39M","message":"❌ MongoDB Connection Error:","stack":null}
{"timestamp":"2025-04-24 13:31:54","level":"\u001b[32MINFO\u001b[39M","message":"Starting server initialization...","stack":null}
{"timestamp":"2025-04-24 13:31:54","level":"\u001b[32MINFO\u001b[39M","message":"Connecting to MongoDB...","stack":null}
{"timestamp":"2025-04-24 13:31:59","level":"\u001b[31MERROR\u001b[39M","message":"❌ MongoDB Connection Error:","stack":null}
{"timestamp":"2025-04-24 13:34:32","level":"\u001b[32MINFO\u001b[39M","message":"Starting server initialization...","stack":null}
{"timestamp":"2025-04-24 13:34:32","level":"\u001b[32MINFO\u001b[39M","message":"Connecting to MongoDB...","stack":null}
{"timestamp":"2025-04-24 13:34:33","level":"\u001b[32MINFO\u001b[39M","message":"✅ MongoDB Connected Successfully","stack":null}
{"timestamp":"2025-04-24 13:34:33","level":"\u001b[32MINFO\u001b[39M","message":"Initializing roles...","stack":null}
{"timestamp":"2025-04-24 13:34:33","level":"\u001b[32MINFO\u001b[39M","message":"Default roles initialized","stack":null}
{"timestamp":"2025-04-24 13:34:33","level":"\u001b[32MINFO\u001b[39M","message":"Server running on port 5000","stack":null}
{"timestamp":"2025-04-24 13:34:33","level":"\u001b[32MINFO\u001b[39M","message":"Environment: development","stack":null}
{"timestamp":"2025-04-24 13:34:54","level":"\u001b[32MINFO\u001b[39M","message":"POST /api/branches","stack":null}
{"timestamp":"2025-04-24 13:34:54","level":"\u001b[32MINFO\u001b[39M","message":"Saving branch: Main Branch1","stack":null}
{"timestamp":"2025-04-24 13:34:54","level":"\u001b[32MINFO\u001b[39M","message":"New branch created: Main Branch1 by user 6809d6ecfc9bb3484ee22558","stack":null}
{"timestamp":"2025-04-24 13:35:10","level":"\u001b[32MINFO\u001b[39M","message":"GET /api/branches","stack":null}
{"timestamp":"2025-04-24 13:35:10","level":"\u001b[33MWARN\u001b[39M","message":"Attempt to access protected route without token","stack":null}
{"timestamp":"2025-04-24 13:35:10","level":"\u001b[31MERROR\u001b[39M","message":"Error: Not authorized to access this route","stack":null}
{"timestamp":"2025-04-24 13:35:10","level":"\u001b[31MERROR\u001b[39M","message":"Error: Not authorized to access this route\n    at exports.protect (E:\\Exilance-Project\\Gandhi Motars\\vehicle-quotation-system\\middlewares\\auth.js:17:17)\n    at Layer.handleRequest (E:\\Exilance-Project\\Gandhi Motars\\vehicle-quotation-system\\node_modules\\router\\lib\\layer.js:152:17)\n    at trimPrefix (E:\\Exilance-Project\\Gandhi Motars\\vehicle-quotation-system\\node_modules\\router\\index.js:342:13)\n    at E:\\Exilance-Project\\Gandhi Motars\\vehicle-quotation-system\\node_modules\\router\\index.js:297:9\n    at processParams (E:\\Exilance-Project\\Gandhi Motars\\vehicle-quotation-system\\node_modules\\router\\index.js:582:12)\n    at next (E:\\Exilance-Project\\Gandhi Motars\\vehicle-quotation-system\\node_modules\\router\\index.js:291:5)\n    at Function.handle (E:\\Exilance-Project\\Gandhi Motars\\vehicle-quotation-system\\node_modules\\router\\index.js:186:3)\n    at router (E:\\Exilance-Project\\Gandhi Motars\\vehicle-quotation-system\\node_modules\\router\\index.js:60:12)\n    at Layer.handleRequest (E:\\Exilance-Project\\Gandhi Motars\\vehicle-quotation-system\\node_modules\\router\\lib\\layer.js:152:17)\n    at trimPrefix (E:\\Exilance-Project\\Gandhi Motars\\vehicle-quotation-system\\node_modules\\router\\index.js:342:13)","stack":null}
{"timestamp":"2025-04-24 13:35:56","level":"\u001b[32MINFO\u001b[39M","message":"GET /api/branches","stack":null}
{"timestamp":"2025-04-24 13:37:26","level":"\u001b[32MINFO\u001b[39M","message":"POST /api/users/register","stack":null}
{"timestamp":"2025-04-24 13:37:26","level":"\u001b[32MINFO\u001b[39M","message":"Hashed password for user: sales6","stack":null}
{"timestamp":"2025-04-24 13:37:26","level":"\u001b[32MINFO\u001b[39M","message":"Saving user: sales6","stack":null}
{"timestamp":"2025-04-24 13:37:26","level":"\u001b[32MINFO\u001b[39M","message":"User registered by 6809d6ecfc9bb3484ee22558: sales6","stack":null}
{"timestamp":"2025-04-24 13:38:20","level":"\u001b[32MINFO\u001b[39M","message":"POST /api/users/login","stack":null}
{"timestamp":"2025-04-24 13:38:20","level":"\u001b[32MINFO\u001b[39M","message":"Saving user: sales6","stack":null}
{"timestamp":"2025-04-24 13:38:20","level":"\u001b[32MINFO\u001b[39M","message":"User logged in: sales6","stack":null}
{"timestamp":"2025-04-24 13:38:43","level":"\u001b[32MINFO\u001b[39M","message":"POST /api/roles","stack":null}
{"timestamp":"2025-04-24 13:38:43","level":"\u001b[33MWARN\u001b[39M","message":"User 6809f13ea0c66bd0d0b26dc0 attempted unauthorized access to role create","stack":null}
{"timestamp":"2025-04-24 13:38:43","level":"\u001b[31MERROR\u001b[39M","message":"Error: Not authorized to create role","stack":null}
{"timestamp":"2025-04-24 13:38:43","level":"\u001b[31MERROR\u001b[39M","message":"Error: Not authorized to create role\n    at E:\\Exilance-Project\\Gandhi Motars\\vehicle-quotation-system\\middlewares\\auth.js:71:11\n    at Layer.handleRequest (E:\\Exilance-Project\\Gandhi Motars\\vehicle-quotation-system\\node_modules\\router\\lib\\layer.js:152:17)\n    at next (E:\\Exilance-Project\\Gandhi Motars\\vehicle-quotation-system\\node_modules\\router\\lib\\route.js:157:13)\n    at Route.dispatch (E:\\Exilance-Project\\Gandhi Motars\\vehicle-quotation-system\\node_modules\\router\\lib\\route.js:117:3)\n    at handle (E:\\Exilance-Project\\Gandhi Motars\\vehicle-quotation-system\\node_modules\\router\\index.js:435:11)\n    at Layer.handleRequest (E:\\Exilance-Project\\Gandhi Motars\\vehicle-quotation-system\\node_modules\\router\\lib\\layer.js:152:17)\n    at E:\\Exilance-Project\\Gandhi Motars\\vehicle-quotation-system\\node_modules\\router\\index.js:295:15\n    at processParams (E:\\Exilance-Project\\Gandhi Motars\\vehicle-quotation-system\\node_modules\\router\\index.js:582:12)\n    at next (E:\\Exilance-Project\\Gandhi Motars\\vehicle-quotation-system\\node_modules\\router\\index.js:291:5)\n    at exports.protect (E:\\Exilance-Project\\Gandhi Motars\\vehicle-quotation-system\\middlewares\\auth.js:31:5)","stack":null}
{"timestamp":"2025-04-24 13:39:05","level":"\u001b[32MINFO\u001b[39M","message":"POST /api/branches","stack":null}
{"timestamp":"2025-04-24 13:39:05","level":"\u001b[33MWARN\u001b[39M","message":"User 6809f13ea0c66bd0d0b26dc0 with role admin attempted unauthorized access","stack":null}
{"timestamp":"2025-04-24 13:39:05","level":"\u001b[31MERROR\u001b[39M","message":"Error: Not authorized to access this route","stack":null}
{"timestamp":"2025-04-24 13:39:05","level":"\u001b[31MERROR\u001b[39M","message":"Error: Not authorized to access this route\n    at E:\\Exilance-Project\\Gandhi Motars\\vehicle-quotation-system\\middlewares\\auth.js:58:21\n    at Layer.handleRequest (E:\\Exilance-Project\\Gandhi Motars\\vehicle-quotation-system\\node_modules\\router\\lib\\layer.js:152:17)\n    at next (E:\\Exilance-Project\\Gandhi Motars\\vehicle-quotation-system\\node_modules\\router\\lib\\route.js:157:13)\n    at Route.dispatch (E:\\Exilance-Project\\Gandhi Motars\\vehicle-quotation-system\\node_modules\\router\\lib\\route.js:117:3)\n    at handle (E:\\Exilance-Project\\Gandhi Motars\\vehicle-quotation-system\\node_modules\\router\\index.js:435:11)\n    at Layer.handleRequest (E:\\Exilance-Project\\Gandhi Motars\\vehicle-quotation-system\\node_modules\\router\\lib\\layer.js:152:17)\n    at E:\\Exilance-Project\\Gandhi Motars\\vehicle-quotation-system\\node_modules\\router\\index.js:295:15\n    at processParams (E:\\Exilance-Project\\Gandhi Motars\\vehicle-quotation-system\\node_modules\\router\\index.js:582:12)\n    at next (E:\\Exilance-Project\\Gandhi Motars\\vehicle-quotation-system\\node_modules\\router\\index.js:291:5)\n    at exports.protect (E:\\Exilance-Project\\Gandhi Motars\\vehicle-quotation-system\\middlewares\\auth.js:31:5)","stack":null}
{"timestamp":"2025-04-24 13:39:21","level":"\u001b[32MINFO\u001b[39M","message":"GET /api/branches","stack":null}
{"timestamp":"2025-04-24 13:39:38","level":"\u001b[32MINFO\u001b[39M","message":"GET /api/roles?","stack":null}
{"timestamp":"2025-04-24 13:39:38","level":"\u001b[33MWARN\u001b[39M","message":"User 6809f13ea0c66bd0d0b26dc0 attempted unauthorized access to role read","stack":null}
{"timestamp":"2025-04-24 13:39:38","level":"\u001b[31MERROR\u001b[39M","message":"Error: Not authorized to read role","stack":null}
{"timestamp":"2025-04-24 13:39:38","level":"\u001b[31MERROR\u001b[39M","message":"Error: Not authorized to read role\n    at E:\\Exilance-Project\\Gandhi Motars\\vehicle-quotation-system\\middlewares\\auth.js:71:11\n    at Layer.handleRequest (E:\\Exilance-Project\\Gandhi Motars\\vehicle-quotation-system\\node_modules\\router\\lib\\layer.js:152:17)\n    at next (E:\\Exilance-Project\\Gandhi Motars\\vehicle-quotation-system\\node_modules\\router\\lib\\route.js:157:13)\n    at Route.dispatch (E:\\Exilance-Project\\Gandhi Motars\\vehicle-quotation-system\\node_modules\\router\\lib\\route.js:117:3)\n    at handle (E:\\Exilance-Project\\Gandhi Motars\\vehicle-quotation-system\\node_modules\\router\\index.js:435:11)\n    at Layer.handleRequest (E:\\Exilance-Project\\Gandhi Motars\\vehicle-quotation-system\\node_modules\\router\\lib\\layer.js:152:17)\n    at E:\\Exilance-Project\\Gandhi Motars\\vehicle-quotation-system\\node_modules\\router\\index.js:295:15\n    at processParams (E:\\Exilance-Project\\Gandhi Motars\\vehicle-quotation-system\\node_modules\\router\\index.js:582:12)\n    at next (E:\\Exilance-Project\\Gandhi Motars\\vehicle-quotation-system\\node_modules\\router\\index.js:291:5)\n    at exports.protect (E:\\Exilance-Project\\Gandhi Motars\\vehicle-quotation-system\\middlewares\\auth.js:31:5)","stack":null}
{"timestamp":"2025-04-24 13:46:30","level":"\u001b[32MINFO\u001b[39M","message":"GET /api/users/me","stack":null}
{"timestamp":"2025-04-24 13:46:30","level":"\u001b[32MINFO\u001b[39M","message":"Fetched current user: sales6","stack":null}
{"timestamp":"2025-04-24 13:48:16","level":"\u001b[32MINFO\u001b[39M","message":"POST /api/users/login","stack":null}
{"timestamp":"2025-04-24 13:48:17","level":"\u001b[32MINFO\u001b[39M","message":"Saving user: superadmin","stack":null}
{"timestamp":"2025-04-24 13:48:17","level":"\u001b[32MINFO\u001b[39M","message":"User logged in: superadmin","stack":null}
{"timestamp":"2025-04-24 14:04:00","level":"\u001b[32MINFO\u001b[39M","message":"POST /api/users/login","stack":null}
{"timestamp":"2025-04-24 14:04:00","level":"\u001b[32MINFO\u001b[39M","message":"Saving user: superadmin","stack":null}
{"timestamp":"2025-04-24 14:04:00","level":"\u001b[32MINFO\u001b[39M","message":"User logged in: superadmin","stack":null}
{"timestamp":"2025-04-24 14:04:44","level":"\u001b[32MINFO\u001b[39M","message":"POST /api/branches","stack":null}
{"timestamp":"2025-04-24 14:04:44","level":"\u001b[31MERROR\u001b[39M","message":"Error: Branch validation failed: gst_number: Please add a valid GST number","stack":null}
{"timestamp":"2025-04-24 14:04:44","level":"\u001b[31MERROR\u001b[39M","message":"ValidationError: Branch validation failed: gst_number: Please add a valid GST number\n    at Document.invalidate (E:\\Exilance-Project\\Gandhi Motars\\vehicle-quotation-system\\node_modules\\mongoose\\lib\\document.js:3351:32)\n    at E:\\Exilance-Project\\Gandhi Motars\\vehicle-quotation-system\\node_modules\\mongoose\\lib\\document.js:3112:17\n    at E:\\Exilance-Project\\Gandhi Motars\\vehicle-quotation-system\\node_modules\\mongoose\\lib\\schemaType.js:1407:9\n    at process.processTicksAndRejections (node:internal/process/task_queues:77:11)","stack":null}
{"timestamp":"2025-04-24 14:05:00","level":"\u001b[32MINFO\u001b[39M","message":"POST /api/branches","stack":null}
{"timestamp":"2025-04-24 14:05:01","level":"\u001b[31MERROR\u001b[39M","message":"Error: Branch validation failed: gst_number: Please add a valid GST number","stack":null}
{"timestamp":"2025-04-24 14:05:01","level":"\u001b[31MERROR\u001b[39M","message":"ValidationError: Branch validation failed: gst_number: Please add a valid GST number\n    at Document.invalidate (E:\\Exilance-Project\\Gandhi Motars\\vehicle-quotation-system\\node_modules\\mongoose\\lib\\document.js:3351:32)\n    at E:\\Exilance-Project\\Gandhi Motars\\vehicle-quotation-system\\node_modules\\mongoose\\lib\\document.js:3112:17\n    at E:\\Exilance-Project\\Gandhi Motars\\vehicle-quotation-system\\node_modules\\mongoose\\lib\\schemaType.js:1407:9\n    at process.processTicksAndRejections (node:internal/process/task_queues:77:11)","stack":null}
{"timestamp":"2025-04-24 14:10:12","level":"\u001b[32MINFO\u001b[39M","message":"POST /api/branches","stack":null}
{"timestamp":"2025-04-24 14:10:12","level":"\u001b[32MINFO\u001b[39M","message":"Saving branch: Harshali Bagul","stack":null}
{"timestamp":"2025-04-24 14:10:12","level":"\u001b[32MINFO\u001b[39M","message":"New branch created: Harshali Bagul by user 6809d6ecfc9bb3484ee22558","stack":null}
{"timestamp":"2025-04-24 14:11:33","level":"\u001b[32MINFO\u001b[39M","message":"GET /api/branches","stack":null}
{"timestamp":"2025-04-24 14:11:33","level":"\u001b[33MWARN\u001b[39M","message":"Attempt to access protected route without token","stack":null}
{"timestamp":"2025-04-24 14:11:33","level":"\u001b[31MERROR\u001b[39M","message":"Error: Not authorized to access this route","stack":null}
{"timestamp":"2025-04-24 14:11:33","level":"\u001b[31MERROR\u001b[39M","message":"Error: Not authorized to access this route\n    at exports.protect (E:\\Exilance-Project\\Gandhi Motars\\vehicle-quotation-system\\middlewares\\auth.js:17:17)\n    at Layer.handleRequest (E:\\Exilance-Project\\Gandhi Motars\\vehicle-quotation-system\\node_modules\\router\\lib\\layer.js:152:17)\n    at trimPrefix (E:\\Exilance-Project\\Gandhi Motars\\vehicle-quotation-system\\node_modules\\router\\index.js:342:13)\n    at E:\\Exilance-Project\\Gandhi Motars\\vehicle-quotation-system\\node_modules\\router\\index.js:297:9\n    at processParams (E:\\Exilance-Project\\Gandhi Motars\\vehicle-quotation-system\\node_modules\\router\\index.js:582:12)\n    at next (E:\\Exilance-Project\\Gandhi Motars\\vehicle-quotation-system\\node_modules\\router\\index.js:291:5)\n    at Function.handle (E:\\Exilance-Project\\Gandhi Motars\\vehicle-quotation-system\\node_modules\\router\\index.js:186:3)\n    at router (E:\\Exilance-Project\\Gandhi Motars\\vehicle-quotation-system\\node_modules\\router\\index.js:60:12)\n    at Layer.handleRequest (E:\\Exilance-Project\\Gandhi Motars\\vehicle-quotation-system\\node_modules\\router\\lib\\layer.js:152:17)\n    at trimPrefix (E:\\Exilance-Project\\Gandhi Motars\\vehicle-quotation-system\\node_modules\\router\\index.js:342:13)","stack":null}
{"timestamp":"2025-04-24 14:13:53","level":"\u001b[31MERROR\u001b[39M","message":"Error: Not allowed by CORS","stack":null}
{"timestamp":"2025-04-24 14:13:53","level":"\u001b[31MERROR\u001b[39M","message":"Error: Not allowed by CORS\n    at origin (E:\\Exilance-Project\\Gandhi Motars\\vehicle-quotation-system\\app.js:25:16)\n    at E:\\Exilance-Project\\Gandhi Motars\\vehicle-quotation-system\\node_modules\\cors\\lib\\index.js:219:13\n    at optionsCallback (E:\\Exilance-Project\\Gandhi Motars\\vehicle-quotation-system\\node_modules\\cors\\lib\\index.js:199:9)\n    at corsMiddleware (E:\\Exilance-Project\\Gandhi Motars\\vehicle-quotation-system\\node_modules\\cors\\lib\\index.js:204:7)\n    at Layer.handleRequest (E:\\Exilance-Project\\Gandhi Motars\\vehicle-quotation-system\\node_modules\\router\\lib\\layer.js:152:17)\n    at trimPrefix (E:\\Exilance-Project\\Gandhi Motars\\vehicle-quotation-system\\node_modules\\router\\index.js:342:13)\n    at E:\\Exilance-Project\\Gandhi Motars\\vehicle-quotation-system\\node_modules\\router\\index.js:297:9\n    at processParams (E:\\Exilance-Project\\Gandhi Motars\\vehicle-quotation-system\\node_modules\\router\\index.js:582:12)\n    at next (E:\\Exilance-Project\\Gandhi Motars\\vehicle-quotation-system\\node_modules\\router\\index.js:291:5)\n    at internalNext (E:\\Exilance-Project\\Gandhi Motars\\vehicle-quotation-system\\node_modules\\helmet\\index.cjs:531:6)","stack":null}
{"timestamp":"2025-04-24 14:15:32","level":"\u001b[32MINFO\u001b[39M","message":"SIGINT RECEIVED. Shutting down gracefully...","stack":null}
{"timestamp":"2025-04-24 14:16:58","level":"\u001b[32MINFO\u001b[39M","message":"Starting server initialization...","stack":null}
{"timestamp":"2025-04-24 14:16:58","level":"\u001b[32MINFO\u001b[39M","message":"Connecting to MongoDB...","stack":null}
{"timestamp":"2025-04-24 14:17:05","level":"\u001b[31MERROR\u001b[39M","message":"❌ MongoDB Connection Error:","stack":null}
{"timestamp":"2025-04-24 14:18:17","level":"\u001b[32MINFO\u001b[39M","message":"Starting server initialization...","stack":null}
{"timestamp":"2025-04-24 14:18:17","level":"\u001b[32MINFO\u001b[39M","message":"Connecting to MongoDB...","stack":null}
{"timestamp":"2025-04-24 14:18:22","level":"\u001b[31MERROR\u001b[39M","message":"❌ MongoDB Connection Error:","stack":null}
